#
# There is insufficient memory for the Java Runtime Environment to continue.
# Native memory allocation (malloc) failed to allocate 2043904 bytes. Error detail: Chunk::new
# Possible reasons:
#   The system is out of physical RAM or swap space
#   This process is running with CompressedOops enabled, and the Java Heap may be blocking the growth of the native heap
# Possible solutions:
#   Reduce memory load on the system
#   Increase physical memory or swap space
#   Check if swap backing store is full
#   Decrease Java heap size (-Xmx/-Xms)
#   Decrease number of Java threads
#   Decrease Java thread stack sizes (-Xss)
#   Set larger code cache with -XX:ReservedCodeCacheSize=
#   JVM is running with Unscaled Compressed Oops mode in which the Java heap is
#     placed in the first 4GB address space. The Java Heap base address is the
#     maximum limit for the native heap growth. Please use -XX:HeapBaseMinAddress
#     to set the Java Heap base and to place the Java Heap above 4GB virtual address.
# This output file may be truncated or incomplete.
#
#  Out of Memory Error (arena.cpp:168), pid=26724, tid=30440
#
# JRE version: OpenJDK Runtime Environment Temurin-21.0.11+10 (21.0.11+10) (build 21.0.11+10-LTS)
# Java VM: OpenJDK 64-Bit Server VM Temurin-21.0.11+10 (21.0.11+10-LTS, mixed mode, sharing, tiered, compressed oops, compressed class ptrs, parallel gc, windows-amd64)
# No core dump will be written. Minidumps are not enabled by default on client versions of Windows
#

---------------  S U M M A R Y ------------

Command Line: --add-modules=ALL-SYSTEM --add-opens=java.base/java.util=ALL-UNNAMED --add-opens=java.base/java.lang=ALL-UNNAMED --add-opens=java.base/sun.nio.fs=ALL-UNNAMED -Declipse.application=org.eclipse.jdt.ls.core.id1 -Dosgi.bundles.defaultStartLevel=4 -Declipse.product=org.eclipse.jdt.ls.core.product -Djava.import.generatesMetadataFilesAtProjectRoot=false -DDetectVMInstallationsJob.disabled=true -Dfile.encoding=utf8 -XX:+UseParallelGC -XX:GCTimeRatio=4 -XX:AdaptiveSizePolicyWeight=90 -Dsun.zip.disableMemoryMapping=true -Xmx2G -Xms100m -Xlog:disable -javaagent:c:\Users\PAULO ROBERTO\.vscode\extensions\redhat.java-1.55.0-win32-x64\lombok\lombok-1.18.39-4050.jar -XX:+HeapDumpOnOutOfMemoryError -XX:HeapDumpPath=c:\Users\PAULO ROBERTO\AppData\Roaming\Code\User\workspaceStorage\af78278a2264e0da21869ec41e085d06\redhat.java -Daether.dependencyCollector.impl=bf c:\Users\PAULO ROBERTO\.vscode\extensions\redhat.java-1.55.0-win32-x64\server\plugins\org.eclipse.equinox.launcher_1.7.200.v20260619-2039.jar -configuration c:\Users\PAULO ROBERTO\AppData\Roaming\Code\User\globalStorage\redhat.java\1.55.0\config_win -data c:\Users\PAULO ROBERTO\AppData\Roaming\Code\User\workspaceStorage\af78278a2264e0da21869ec41e085d06\redhat.java\jdt_ws --pipe=\\.\pipe\lsp-ed2c4149dff86fd64261dedbf5873a11-sock

Host: 13th Gen Intel(R) Core(TM) i5-13420H, 12 cores, 15G,  Windows 11 , 64 bit Build 26100 (10.0.26100.8875)
Time: Wed Jul 22 11:07:05 2026 Hora Padrăo de Bogotá elapsed time: 53.759841 seconds (0d 0h 0m 53s)

---------------  T H R E A D  ---------------

Current thread (0x000001def323a4c0):  JavaThread "C2 CompilerThread0" daemon [_thread_in_native, id=30440, stack(0x0000008a7de00000,0x0000008a7df00000) (1024K)]


Current CompileTask:
C2:53760 4445       4       org.lombokweb.asm.ClassReader::readMethod (1070 bytes)

Stack: [0x0000008a7de00000,0x0000008a7df00000]
Native frames: (J=compiled Java code, j=interpreted, Vv=VM code, C=native code)
V  [jvm.dll+0x6d7e19]
V  [jvm.dll+0x8b5096]
V  [jvm.dll+0x8b764e]
V  [jvm.dll+0x8b7d33]
V  [jvm.dll+0x284596]
V  [jvm.dll+0xc685d]
V  [jvm.dll+0xc6da1]
V  [jvm.dll+0x3bed6b]
V  [jvm.dll+0x1e4149]
V  [jvm.dll+0x24c853]
V  [jvm.dll+0x24bce0]
V  [jvm.dll+0x1cb4ae]
V  [jvm.dll+0x25baad]
V  [jvm.dll+0x25a03a]
V  [jvm.dll+0x3f868e]
V  [jvm.dll+0x85fb0d]
V  [jvm.dll+0x6d664d]
C  [ucrtbase.dll+0x2cd30]
C  [KERNEL32.DLL+0x2e957]
C  [ntdll.dll+0xaad6c]


---------------  P R O C E S S  ---------------

Threads class SMR info:
_java_thread_list=0x000001def982c810, length=23, elements={
0x000001de9a3f0ca0, 0x000001de9a4993c0, 0x000001deb0e9dce0, 0x000001de9a49b510,
0x000001de9a49bf70, 0x000001de9a49dce0, 0x000001de9a4a1c30, 0x000001def323a4c0,
0x000001def325bb90, 0x000001def344f210, 0x000001def41dcbe0, 0x000001def44b1b50,
0x000001def4989a60, 0x000001def4996cb0, 0x000001def49976f0, 0x000001def43f8b90,
0x000001def34a8d00, 0x000001def94e56c0, 0x000001def9542f80, 0x000001def9543ca0,
0x000001def9544330, 0x000001def9833410, 0x000001def9834130
}

Java Threads: ( => current thread )
  0x000001de9a3f0ca0 JavaThread "main"                              [_thread_blocked, id=11500, stack(0x0000008a7d400000,0x0000008a7d500000) (1024K)]
  0x000001de9a4993c0 JavaThread "Reference Handler"          daemon [_thread_blocked, id=27520, stack(0x0000008a7d800000,0x0000008a7d900000) (1024K)]
  0x000001deb0e9dce0 JavaThread "Finalizer"                  daemon [_thread_blocked, id=31980, stack(0x0000008a7d900000,0x0000008a7da00000) (1024K)]
  0x000001de9a49b510 JavaThread "Signal Dispatcher"          daemon [_thread_blocked, id=23056, stack(0x0000008a7da00000,0x0000008a7db00000) (1024K)]
  0x000001de9a49bf70 JavaThread "Attach Listener"            daemon [_thread_blocked, id=32560, stack(0x0000008a7db00000,0x0000008a7dc00000) (1024K)]
  0x000001de9a49dce0 JavaThread "Service Thread"             daemon [_thread_blocked, id=23052, stack(0x0000008a7dc00000,0x0000008a7dd00000) (1024K)]
  0x000001de9a4a1c30 JavaThread "Monitor Deflation Thread"   daemon [_thread_blocked, id=25604, stack(0x0000008a7dd00000,0x0000008a7de00000) (1024K)]
=>0x000001def323a4c0 JavaThread "C2 CompilerThread0"         daemon [_thread_in_native, id=30440, stack(0x0000008a7de00000,0x0000008a7df00000) (1024K)]
  0x000001def325bb90 JavaThread "C1 CompilerThread0"         daemon [_thread_blocked, id=16200, stack(0x0000008a7df00000,0x0000008a7e000000) (1024K)]
  0x000001def344f210 JavaThread "Common-Cleaner"             daemon [_thread_blocked, id=20888, stack(0x0000008a7e000000,0x0000008a7e100000) (1024K)]
  0x000001def41dcbe0 JavaThread "Notification Thread"        daemon [_thread_blocked, id=7448, stack(0x0000008a7e200000,0x0000008a7e300000) (1024K)]
  0x000001def44b1b50 JavaThread "Active Thread: Equinox Container: 5f5d799f-13d5-44f6-aaea-58bcbe6284ee"        [_thread_blocked, id=2104, stack(0x0000008a7e900000,0x0000008a7ea00000) (1024K)]
  0x000001def4989a60 JavaThread "Refresh Thread: Equinox Container: 5f5d799f-13d5-44f6-aaea-58bcbe6284ee" daemon [_thread_blocked, id=34788, stack(0x0000008a7ea00000,0x0000008a7eb00000) (1024K)]
  0x000001def4996cb0 JavaThread "Framework Event Dispatcher: Equinox Container: 5f5d799f-13d5-44f6-aaea-58bcbe6284ee" daemon [_thread_blocked, id=16104, stack(0x0000008a7eb00000,0x0000008a7ec00000) (1024K)]
  0x000001def49976f0 JavaThread "Start Level: Equinox Container: 5f5d799f-13d5-44f6-aaea-58bcbe6284ee" daemon [_thread_in_native, id=30504, stack(0x0000008a7ec00000,0x0000008a7ed00000) (1024K)]
  0x000001def43f8b90 JavaThread "Bundle File Closer"         daemon [_thread_blocked, id=2664, stack(0x0000008a7ef00000,0x0000008a7f000000) (1024K)]
  0x000001def34a8d00 JavaThread "SCR Component Actor"        daemon [_thread_blocked, id=34280, stack(0x0000008a7f000000,0x0000008a7f100000) (1024K)]
  0x000001def94e56c0 JavaThread "Worker-JM"                         [_thread_blocked, id=15256, stack(0x0000008a7f100000,0x0000008a7f200000) (1024K)]
  0x000001def9542f80 JavaThread "JNA Cleaner"                daemon [_thread_blocked, id=8408, stack(0x0000008a7f200000,0x0000008a7f300000) (1024K)]
  0x000001def9543ca0 JavaThread "Worker-0: Updating Maven Dependencies"        [_thread_blocked, id=34124, stack(0x0000008a7f300000,0x0000008a7f400000) (1024K)]
  0x000001def9544330 JavaThread "Worker-1: Repository registry initialization"        [_thread_in_native, id=34340, stack(0x0000008a7f400000,0x0000008a7f500000) (1024K)]
  0x000001def9833410 JavaThread "Worker-2"                          [_thread_blocked, id=13728, stack(0x0000008a7f500000,0x0000008a7f600000) (1024K)]
  0x000001def9834130 JavaThread "Worker-3"                          [_thread_blocked, id=33956, stack(0x0000008a7f600000,0x0000008a7f700000) (1024K)]
Total: 23

Other Threads:
  0x000001deb0e84950 VMThread "VM Thread"                           [id=6260, stack(0x0000008a7d700000,0x0000008a7d800000) (1024K)]
  0x000001deb0d7ba00 WatcherThread "VM Periodic Task Thread"        [id=31528, stack(0x0000008a7d600000,0x0000008a7d700000) (1024K)]
  0x000001de9a40f380 WorkerThread "GC Thread#0"                     [id=11812, stack(0x0000008a7d500000,0x0000008a7d600000) (1024K)]
  0x000001def42c9700 WorkerThread "GC Thread#1"                     [id=15528, stack(0x0000008a7e300000,0x0000008a7e400000) (1024K)]
  0x000001def4519ee0 WorkerThread "GC Thread#2"                     [id=33608, stack(0x0000008a7e400000,0x0000008a7e500000) (1024K)]
  0x000001def46e6ce0 WorkerThread "GC Thread#3"                     [id=31972, stack(0x0000008a7e500000,0x0000008a7e600000) (1024K)]
  0x000001def46e7090 WorkerThread "GC Thread#4"                     [id=9752, stack(0x0000008a7e600000,0x0000008a7e700000) (1024K)]
  0x000001def9000080 WorkerThread "GC Thread#5"                     [id=30084, stack(0x0000008a7e700000,0x0000008a7e800000) (1024K)]
  0x000001def9000430 WorkerThread "GC Thread#6"                     [id=33256, stack(0x0000008a7e800000,0x0000008a7e900000) (1024K)]
  0x000001def41d0c40 WorkerThread "GC Thread#7"                     [id=34168, stack(0x0000008a7e100000,0x0000008a7e200000) (1024K)]
  0x000001def41d1eb0 WorkerThread "GC Thread#8"                     [id=34600, stack(0x0000008a7ed00000,0x0000008a7ee00000) (1024K)]
  0x000001def41d2260 WorkerThread "GC Thread#9"                     [id=34564, stack(0x0000008a7ee00000,0x0000008a7ef00000) (1024K)]
Total: 12

Threads with active compile tasks:
C2 CompilerThread0  53835 4445       4       org.lombokweb.asm.ClassReader::readMethod (1070 bytes)
Total: 1

VM state: not at safepoint (normal execution)

VM Mutex/Monitor currently owned by a thread: None

Heap address: 0x0000000080000000, size: 2048 MB, Compressed Oops mode: 32-bit

CDS archive(s) mapped at: [0x000001deb1000000-0x000001deb1ba0000-0x000001deb1ba0000), size 12189696, SharedBaseAddress: 0x000001deb1000000, ArchiveRelocationMode: 1.
Compressed class space mapped at: 0x000001deb2000000-0x000001def2000000, reserved size: 1073741824
Narrow klass base: 0x000001deb1000000, Narrow klass shift: 0, Narrow klass range: 0x100000000

GC Precious Log:
 CardTable entry size: 512
 CPUs: 12 total, 12 available
 Memory: 16087M
 Large Page Support: Disabled
 NUMA Support: Disabled
 Compressed Oops: Enabled (32-bit)
 Alignments: Space 512K, Generation 512K, Heap 2M
 Heap Min Capacity: 100M
 Heap Initial Capacity: 100M
 Heap Max Capacity: 2G
 Pre-touch: Disabled
 Parallel Workers: 10

Heap:
 PSYoungGen      total 23040K, used 11988K [0x00000000d5580000, 0x00000000d7200000, 0x0000000100000000)
  eden space 22016K, 51% used [0x00000000d5580000,0x00000000d6085988,0x00000000d6b00000)
  from space 1024K, 68% used [0x00000000d6e00000,0x00000000d6eaf6c0,0x00000000d6f00000)
  to   space 1536K, 0% used [0x00000000d7080000,0x00000000d7080000,0x00000000d7200000)
 ParOldGen       total 68608K, used 17855K [0x0000000080000000, 0x0000000084300000, 0x00000000d5580000)
  object space 68608K, 26% used [0x0000000080000000,0x000000008116ff50,0x0000000084300000)
 Metaspace       used 31322K, committed 32256K, reserved 1114112K
  class space    used 3187K, committed 3584K, reserved 1048576K

Card table byte_map: [0x000001de99da0000,0x000001de9a1b0000] _byte_map_base: 0x000001de999a0000

Marking Bits: (ParMarkBitMap*) 0x00007ffb63aa4460
 Begin Bits: [0x000001deac8a0000, 0x000001deae8a0000)
 End Bits:   [0x000001deae8a0000, 0x000001deb08a0000)

Polling page: 0x000001de98070000

Metaspace:

Usage:
  Non-class:     27.48 MB used.
      Class:      3.11 MB used.
       Both:     30.59 MB used.

Virtual space:
  Non-class space:       64.00 MB reserved,      28.00 MB ( 44%) committed,  1 nodes.
      Class space:        1.00 GB reserved,       3.50 MB ( <1%) committed,  1 nodes.
             Both:        1.06 GB reserved,      31.50 MB (  3%) committed. 

Chunk freelists:
   Non-Class:  3.89 MB
       Class:  12.50 MB
        Both:  16.39 MB

MaxMetaspaceSize: unlimited
CompressedClassSpaceSize: 1.00 GB
Initial GC threshold: 21.00 MB
Current GC threshold: 35.00 MB
CDS: on
 - commit_granule_bytes: 65536.
 - commit_granule_words: 8192.
 - virtual_space_node_default_size: 8388608.
 - enlarge_chunks_in_place: 1.
 - use_allocation_guard: 0.


Internal statistics:

num_allocs_failed_limit: 3.
num_arena_births: 722.
num_arena_deaths: 14.
num_vsnodes_births: 2.
num_vsnodes_deaths: 0.
num_space_committed: 504.
num_space_uncommitted: 0.
num_chunks_returned_to_freelist: 17.
num_chunks_taken_from_freelist: 2043.
num_chunk_merges: 8.
num_chunk_splits: 1281.
num_chunks_enlarged: 742.
num_inconsistent_stats: 0.

CodeHeap 'non-profiled nmethods': size=120000Kb used=2136Kb max_used=2136Kb free=117863Kb
 bounds [0x000001dea50c0000, 0x000001dea5330000, 0x000001deac5f0000]
CodeHeap 'profiled nmethods': size=120000Kb used=9753Kb max_used=9753Kb free=110246Kb
 bounds [0x000001de9d5f0000, 0x000001de9df80000, 0x000001dea4b20000]
CodeHeap 'non-nmethods': size=5760Kb used=1341Kb max_used=1389Kb free=4418Kb
 bounds [0x000001dea4b20000, 0x000001dea4d90000, 0x000001dea50c0000]
CodeCache: size=245760Kb, used=13230Kb, max_used=13278Kb, free=232527Kb
 total_blobs=5201, nmethods=4570, adapters=537, full_count=0
Compilation: enabled, stopped_count=0, restarted_count=0

Compilation events (20 events):
Event: 52.732 Thread 0x000001def325bb90 4584   !   2       jdk.proxy3.$Proxy8::annotationType (29 bytes)
Event: 52.732 Thread 0x000001def325bb90 nmethod 4584 0x000001de9df6c610 code [0x000001de9df6c7e0, 0x000001de9df6caa8]
Event: 52.747 Thread 0x000001def325bb90 4585       2       java.util.stream.SortedOps$OfRef::opWrapSink (60 bytes)
Event: 52.748 Thread 0x000001def325bb90 nmethod 4585 0x000001de9df6cc90 code [0x000001de9df6ce80, 0x000001de9df6d498]
Event: 52.754 Thread 0x000001def325bb90 4586       2       java.util.stream.ReferencePipeline::sorted (6 bytes)
Event: 52.754 Thread 0x000001def325bb90 nmethod 4586 0x000001de9df6d790 code [0x000001de9df6d940, 0x000001de9df6dae0]
Event: 52.755 Thread 0x000001def325bb90 4587       2       java.util.stream.SortedOps::makeRef (10 bytes)
Event: 52.755 Thread 0x000001def325bb90 nmethod 4587 0x000001de9df6db90 code [0x000001de9df6dd40, 0x000001de9df6dec0]
Event: 52.761 Thread 0x000001def325bb90 4588       2       java.util.stream.ReferencePipeline::toArray (18 bytes)
Event: 52.761 Thread 0x000001def325bb90 nmethod 4588 0x000001de9df6df90 code [0x000001de9df6e160, 0x000001de9df6e2e8]
Event: 52.767 Thread 0x000001def325bb90 4589       2       java.util.stream.AbstractPipeline::evaluate (44 bytes)
Event: 52.768 Thread 0x000001def325bb90 nmethod 4589 0x000001de9df6e410 code [0x000001de9df6e620, 0x000001de9df6ea30]
Event: 52.768 Thread 0x000001def325bb90 4590       2       java.util.stream.ReferencePipeline::makeNodeBuilder (6 bytes)
Event: 52.768 Thread 0x000001def325bb90 nmethod 4590 0x000001de9df6ec90 code [0x000001de9df6ee40, 0x000001de9df6ef68]
Event: 52.768 Thread 0x000001def325bb90 4591       2       java.util.stream.Nodes::builder (30 bytes)
Event: 52.769 Thread 0x000001def325bb90 nmethod 4591 0x000001de9df6f010 code [0x000001de9df6f1c0, 0x000001de9df6f4a0]
Event: 52.769 Thread 0x000001def325bb90 4593       2       java.util.stream.SortedOps$SizedRefSortingSink::end (129 bytes)
Event: 52.770 Thread 0x000001def325bb90 nmethod 4593 0x000001de9df6f610 code [0x000001de9df6f820, 0x000001de9df6fbf8]
Event: 52.770 Thread 0x000001def325bb90 4592       2       java.util.stream.SortedOps$SizedRefSortingSink::begin (28 bytes)
Event: 53.755 Thread 0x000001def325bb90 nmethod 4592 0x000001de9df6fe10 code [0x000001de9df6ffc0, 0x000001de9df70248]

GC Heap History (20 events):
Event: 24.604 GC heap before
{Heap before GC invocations=3 (full 0):
 PSYoungGen      total 29696K, used 29670K [0x00000000d5580000, 0x00000000d7680000, 0x0000000100000000)
  eden space 25600K, 100% used [0x00000000d5580000,0x00000000d6e80000,0x00000000d6e80000)
  from space 4096K, 99% used [0x00000000d7280000,0x00000000d7679820,0x00000000d7680000)
  to   space 4096K, 0% used [0x00000000d6e80000,0x00000000d6e80000,0x00000000d7280000)
 ParOldGen       total 68608K, used 1976K [0x0000000080000000, 0x0000000084300000, 0x00000000d5580000)
  object space 68608K, 2% used [0x0000000080000000,0x00000000801ee320,0x0000000084300000)
 Metaspace       used 9489K, committed 9792K, reserved 1114112K
  class space    used 1010K, committed 1152K, reserved 1048576K
}
Event: 24.616 GC heap after
{Heap after GC invocations=3 (full 0):
 PSYoungGen      total 29696K, used 4087K [0x00000000d5580000, 0x00000000d7680000, 0x0000000100000000)
  eden space 25600K, 0% used [0x00000000d5580000,0x00000000d5580000,0x00000000d6e80000)
  from space 4096K, 99% used [0x00000000d6e80000,0x00000000d727ddb8,0x00000000d7280000)
  to   space 4096K, 0% used [0x00000000d7280000,0x00000000d7280000,0x00000000d7680000)
 ParOldGen       total 68608K, used 5033K [0x0000000080000000, 0x0000000084300000, 0x00000000d5580000)
  object space 68608K, 7% used [0x0000000080000000,0x00000000804ea7d0,0x0000000084300000)
 Metaspace       used 9489K, committed 9792K, reserved 1114112K
  class space    used 1010K, committed 1152K, reserved 1048576K
}
Event: 40.251 GC heap before
{Heap before GC invocations=4 (full 0):
 PSYoungGen      total 29696K, used 29687K [0x00000000d5580000, 0x00000000d7680000, 0x0000000100000000)
  eden space 25600K, 100% used [0x00000000d5580000,0x00000000d6e80000,0x00000000d6e80000)
  from space 4096K, 99% used [0x00000000d6e80000,0x00000000d727ddb8,0x00000000d7280000)
  to   space 4096K, 0% used [0x00000000d7280000,0x00000000d7280000,0x00000000d7680000)
 ParOldGen       total 68608K, used 5033K [0x0000000080000000, 0x0000000084300000, 0x00000000d5580000)
  object space 68608K, 7% used [0x0000000080000000,0x00000000804ea7d0,0x0000000084300000)
 Metaspace       used 11404K, committed 11712K, reserved 1114112K
  class space    used 1190K, committed 1344K, reserved 1048576K
}
Event: 40.262 GC heap after
{Heap after GC invocations=4 (full 0):
 PSYoungGen      total 29696K, used 4092K [0x00000000d5580000, 0x00000000d7680000, 0x0000000100000000)
  eden space 25600K, 0% used [0x00000000d5580000,0x00000000d5580000,0x00000000d6e80000)
  from space 4096K, 99% used [0x00000000d7280000,0x00000000d767f120,0x00000000d7680000)
  to   space 4096K, 0% used [0x00000000d6e80000,0x00000000d6e80000,0x00000000d7280000)
 ParOldGen       total 68608K, used 7065K [0x0000000080000000, 0x0000000084300000, 0x00000000d5580000)
  object space 68608K, 10% used [0x0000000080000000,0x00000000806e6678,0x0000000084300000)
 Metaspace       used 11404K, committed 11712K, reserved 1114112K
  class space    used 1190K, committed 1344K, reserved 1048576K
}
Event: 42.302 GC heap before
{Heap before GC invocations=5 (full 0):
 PSYoungGen      total 29696K, used 29692K [0x00000000d5580000, 0x00000000d7680000, 0x0000000100000000)
  eden space 25600K, 100% used [0x00000000d5580000,0x00000000d6e80000,0x00000000d6e80000)
  from space 4096K, 99% used [0x00000000d7280000,0x00000000d767f120,0x00000000d7680000)
  to   space 4096K, 0% used [0x00000000d6e80000,0x00000000d6e80000,0x00000000d7280000)
 ParOldGen       total 68608K, used 7065K [0x0000000080000000, 0x0000000084300000, 0x00000000d5580000)
  object space 68608K, 10% used [0x0000000080000000,0x00000000806e6678,0x0000000084300000)
 Metaspace       used 15399K, committed 16064K, reserved 1114112K
  class space    used 1573K, committed 1856K, reserved 1048576K
}
Event: 42.309 GC heap after
{Heap after GC invocations=5 (full 0):
 PSYoungGen      total 29184K, used 4075K [0x00000000d5580000, 0x00000000d7900000, 0x0000000100000000)
  eden space 25088K, 0% used [0x00000000d5580000,0x00000000d5580000,0x00000000d6e00000)
  from space 4096K, 99% used [0x00000000d6e80000,0x00000000d727aca0,0x00000000d7280000)
  to   space 5632K, 0% used [0x00000000d7380000,0x00000000d7380000,0x00000000d7900000)
 ParOldGen       total 68608K, used 8139K [0x0000000080000000, 0x0000000084300000, 0x00000000d5580000)
  object space 68608K, 11% used [0x0000000080000000,0x00000000807f2ea8,0x0000000084300000)
 Metaspace       used 15399K, committed 16064K, reserved 1114112K
  class space    used 1573K, committed 1856K, reserved 1048576K
}
Event: 46.246 GC heap before
{Heap before GC invocations=6 (full 0):
 PSYoungGen      total 29184K, used 29163K [0x00000000d5580000, 0x00000000d7900000, 0x0000000100000000)
  eden space 25088K, 100% used [0x00000000d5580000,0x00000000d6e00000,0x00000000d6e00000)
  from space 4096K, 99% used [0x00000000d6e80000,0x00000000d727aca0,0x00000000d7280000)
  to   space 5632K, 0% used [0x00000000d7380000,0x00000000d7380000,0x00000000d7900000)
 ParOldGen       total 68608K, used 8139K [0x0000000080000000, 0x0000000084300000, 0x00000000d5580000)
  object space 68608K, 11% used [0x0000000080000000,0x00000000807f2ea8,0x0000000084300000)
 Metaspace       used 18632K, committed 19392K, reserved 1114112K
  class space    used 1934K, committed 2304K, reserved 1048576K
}
Event: 46.256 GC heap after
{Heap after GC invocations=6 (full 0):
 PSYoungGen      total 29696K, used 5604K [0x00000000d5580000, 0x00000000d7a80000, 0x0000000100000000)
  eden space 24064K, 0% used [0x00000000d5580000,0x00000000d5580000,0x00000000d6d00000)
  from space 5632K, 99% used [0x00000000d7380000,0x00000000d78f90e0,0x00000000d7900000)
  to   space 6656K, 0% used [0x00000000d6d00000,0x00000000d6d00000,0x00000000d7380000)
 ParOldGen       total 68608K, used 8931K [0x0000000080000000, 0x0000000084300000, 0x00000000d5580000)
  object space 68608K, 13% used [0x0000000080000000,0x00000000808b8ea8,0x0000000084300000)
 Metaspace       used 18632K, committed 19392K, reserved 1114112K
  class space    used 1934K, committed 2304K, reserved 1048576K
}
Event: 48.322 GC heap before
{Heap before GC invocations=7 (full 0):
 PSYoungGen      total 29696K, used 27939K [0x00000000d5580000, 0x00000000d7a80000, 0x0000000100000000)
  eden space 24064K, 92% used [0x00000000d5580000,0x00000000d6b4fbf0,0x00000000d6d00000)
  from space 5632K, 99% used [0x00000000d7380000,0x00000000d78f90e0,0x00000000d7900000)
  to   space 6656K, 0% used [0x00000000d6d00000,0x00000000d6d00000,0x00000000d7380000)
 ParOldGen       total 68608K, used 8931K [0x0000000080000000, 0x0000000084300000, 0x00000000d5580000)
  object space 68608K, 13% used [0x0000000080000000,0x00000000808b8ea8,0x0000000084300000)
 Metaspace       used 20694K, committed 21504K, reserved 1114112K
  class space    used 2163K, committed 2496K, reserved 1048576K
}
Event: 48.333 GC heap after
{Heap after GC invocations=7 (full 0):
 PSYoungGen      total 30720K, used 5261K [0x00000000d5580000, 0x00000000d7980000, 0x0000000100000000)
  eden space 24064K, 0% used [0x00000000d5580000,0x00000000d5580000,0x00000000d6d00000)
  from space 6656K, 79% used [0x00000000d6d00000,0x00000000d7223638,0x00000000d7380000)
  to   space 6144K, 0% used [0x00000000d7380000,0x00000000d7380000,0x00000000d7980000)
 ParOldGen       total 68608K, used 10302K [0x0000000080000000, 0x0000000084300000, 0x00000000d5580000)
  object space 68608K, 15% used [0x0000000080000000,0x0000000080a0fb58,0x0000000084300000)
 Metaspace       used 20694K, committed 21504K, reserved 1114112K
  class space    used 2163K, committed 2496K, reserved 1048576K
}
Event: 48.333 GC heap before
{Heap before GC invocations=8 (full 1):
 PSYoungGen      total 30720K, used 5261K [0x00000000d5580000, 0x00000000d7980000, 0x0000000100000000)
  eden space 24064K, 0% used [0x00000000d5580000,0x00000000d5580000,0x00000000d6d00000)
  from space 6656K, 79% used [0x00000000d6d00000,0x00000000d7223638,0x00000000d7380000)
  to   space 6144K, 0% used [0x00000000d7380000,0x00000000d7380000,0x00000000d7980000)
 ParOldGen       total 68608K, used 10302K [0x0000000080000000, 0x0000000084300000, 0x00000000d5580000)
  object space 68608K, 15% used [0x0000000080000000,0x0000000080a0fb58,0x0000000084300000)
 Metaspace       used 20694K, committed 21504K, reserved 1114112K
  class space    used 2163K, committed 2496K, reserved 1048576K
}
Event: 48.403 GC heap after
{Heap after GC invocations=8 (full 1):
 PSYoungGen      total 30720K, used 0K [0x00000000d5580000, 0x00000000d7980000, 0x0000000100000000)
  eden space 24064K, 0% used [0x00000000d5580000,0x00000000d5580000,0x00000000d6d00000)
  from space 6656K, 0% used [0x00000000d6d00000,0x00000000d6d00000,0x00000000d7380000)
  to   space 6144K, 0% used [0x00000000d7380000,0x00000000d7380000,0x00000000d7980000)
 ParOldGen       total 68608K, used 14867K [0x0000000080000000, 0x0000000084300000, 0x00000000d5580000)
  object space 68608K, 21% used [0x0000000080000000,0x0000000080e84c50,0x0000000084300000)
 Metaspace       used 20681K, committed 21504K, reserved 1114112K
  class space    used 2159K, committed 2496K, reserved 1048576K
}
Event: 49.472 GC heap before
{Heap before GC invocations=9 (full 1):
 PSYoungGen      total 30720K, used 24064K [0x00000000d5580000, 0x00000000d7980000, 0x0000000100000000)
  eden space 24064K, 100% used [0x00000000d5580000,0x00000000d6d00000,0x00000000d6d00000)
  from space 6656K, 0% used [0x00000000d6d00000,0x00000000d6d00000,0x00000000d7380000)
  to   space 6144K, 0% used [0x00000000d7380000,0x00000000d7380000,0x00000000d7980000)
 ParOldGen       total 68608K, used 14867K [0x0000000080000000, 0x0000000084300000, 0x00000000d5580000)
  object space 68608K, 21% used [0x0000000080000000,0x0000000080e84c50,0x0000000084300000)
 Metaspace       used 22549K, committed 23360K, reserved 1114112K
  class space    used 2321K, committed 2624K, reserved 1048576K
}
Event: 49.475 GC heap after
{Heap after GC invocations=9 (full 1):
 PSYoungGen      total 26624K, used 2940K [0x00000000d5580000, 0x00000000d7680000, 0x0000000100000000)
  eden space 23552K, 0% used [0x00000000d5580000,0x00000000d5580000,0x00000000d6c80000)
  from space 3072K, 95% used [0x00000000d7380000,0x00000000d765f2d0,0x00000000d7680000)
  to   space 4096K, 0% used [0x00000000d6e80000,0x00000000d6e80000,0x00000000d7280000)
 ParOldGen       total 68608K, used 14875K [0x0000000080000000, 0x0000000084300000, 0x00000000d5580000)
  object space 68608K, 21% used [0x0000000080000000,0x0000000080e86c50,0x0000000084300000)
 Metaspace       used 22549K, committed 23360K, reserved 1114112K
  class space    used 2321K, committed 2624K, reserved 1048576K
}
Event: 50.315 GC heap before
{Heap before GC invocations=10 (full 1):
 PSYoungGen      total 26624K, used 26492K [0x00000000d5580000, 0x00000000d7680000, 0x0000000100000000)
  eden space 23552K, 100% used [0x00000000d5580000,0x00000000d6c80000,0x00000000d6c80000)
  from space 3072K, 95% used [0x00000000d7380000,0x00000000d765f2d0,0x00000000d7680000)
  to   space 4096K, 0% used [0x00000000d6e80000,0x00000000d6e80000,0x00000000d7280000)
 ParOldGen       total 68608K, used 14875K [0x0000000080000000, 0x0000000084300000, 0x00000000d5580000)
  object space 68608K, 21% used [0x0000000080000000,0x0000000080e86c50,0x0000000084300000)
 Metaspace       used 26351K, committed 27328K, reserved 1114112K
  class space    used 2655K, committed 3072K, reserved 1048576K
}
Event: 50.318 GC heap after
{Heap after GC invocations=10 (full 1):
 PSYoungGen      total 24576K, used 1308K [0x00000000d5580000, 0x00000000d7400000, 0x0000000100000000)
  eden space 23040K, 0% used [0x00000000d5580000,0x00000000d5580000,0x00000000d6c00000)
  from space 1536K, 85% used [0x00000000d6e80000,0x00000000d6fc71e8,0x00000000d7000000)
  to   space 2560K, 0% used [0x00000000d7180000,0x00000000d7180000,0x00000000d7400000)
 ParOldGen       total 68608K, used 14883K [0x0000000080000000, 0x0000000084300000, 0x00000000d5580000)
  object space 68608K, 21% used [0x0000000080000000,0x0000000080e88c50,0x0000000084300000)
 Metaspace       used 26351K, committed 27328K, reserved 1114112K
  class space    used 2655K, committed 3072K, reserved 1048576K
}
Event: 51.147 GC heap before
{Heap before GC invocations=11 (full 1):
 PSYoungGen      total 24576K, used 24348K [0x00000000d5580000, 0x00000000d7400000, 0x0000000100000000)
  eden space 23040K, 100% used [0x00000000d5580000,0x00000000d6c00000,0x00000000d6c00000)
  from space 1536K, 85% used [0x00000000d6e80000,0x00000000d6fc71e8,0x00000000d7000000)
  to   space 2560K, 0% used [0x00000000d7180000,0x00000000d7180000,0x00000000d7400000)
 ParOldGen       total 68608K, used 14883K [0x0000000080000000, 0x0000000084300000, 0x00000000d5580000)
  object space 68608K, 21% used [0x0000000080000000,0x0000000080e88c50,0x0000000084300000)
 Metaspace       used 29204K, committed 30144K, reserved 1114112K
  class space    used 2945K, committed 3328K, reserved 1048576K
}
Event: 51.150 GC heap after
{Heap after GC invocations=11 (full 1):
 PSYoungGen      total 25088K, used 2504K [0x00000000d5580000, 0x00000000d7400000, 0x0000000100000000)
  eden space 22528K, 0% used [0x00000000d5580000,0x00000000d5580000,0x00000000d6b80000)
  from space 2560K, 97% used [0x00000000d7180000,0x00000000d73f22b0,0x00000000d7400000)
  to   space 3072K, 0% used [0x00000000d6e00000,0x00000000d6e00000,0x00000000d7100000)
 ParOldGen       total 68608K, used 15633K [0x0000000080000000, 0x0000000084300000, 0x00000000d5580000)
  object space 68608K, 22% used [0x0000000080000000,0x0000000080f44440,0x0000000084300000)
 Metaspace       used 29204K, committed 30144K, reserved 1114112K
  class space    used 2945K, committed 3328K, reserved 1048576K
}
Event: 52.234 GC heap before
{Heap before GC invocations=12 (full 1):
 PSYoungGen      total 25088K, used 25032K [0x00000000d5580000, 0x00000000d7400000, 0x0000000100000000)
  eden space 22528K, 100% used [0x00000000d5580000,0x00000000d6b80000,0x00000000d6b80000)
  from space 2560K, 97% used [0x00000000d7180000,0x00000000d73f22b0,0x00000000d7400000)
  to   space 3072K, 0% used [0x00000000d6e00000,0x00000000d6e00000,0x00000000d7100000)
 ParOldGen       total 68608K, used 15633K [0x0000000080000000, 0x0000000084300000, 0x00000000d5580000)
  object space 68608K, 22% used [0x0000000080000000,0x0000000080f44440,0x0000000084300000)
 Metaspace       used 30297K, committed 31232K, reserved 1114112K
  class space    used 3077K, committed 3456K, reserved 1048576K
}
Event: 52.238 GC heap after
{Heap after GC invocations=12 (full 1):
 PSYoungGen      total 23040K, used 701K [0x00000000d5580000, 0x00000000d7200000, 0x0000000100000000)
  eden space 22016K, 0% used [0x00000000d5580000,0x00000000d5580000,0x00000000d6b00000)
  from space 1024K, 68% used [0x00000000d6e00000,0x00000000d6eaf6c0,0x00000000d6f00000)
  to   space 1536K, 0% used [0x00000000d7080000,0x00000000d7080000,0x00000000d7200000)
 ParOldGen       total 68608K, used 17855K [0x0000000080000000, 0x0000000084300000, 0x00000000d5580000)
  object space 68608K, 26% used [0x0000000080000000,0x000000008116ff50,0x0000000084300000)
 Metaspace       used 30297K, committed 31232K, reserved 1114112K
  class space    used 3077K, committed 3456K, reserved 1048576K
}

Dll operation events (10 events):
Event: 0.017 Loaded shared library c:\Users\PAULO ROBERTO\.vscode\extensions\redhat.java-1.55.0-win32-x64\jre\21.0.11-win32-x86_64\bin\java.dll
Event: 0.114 Loaded shared library c:\Users\PAULO ROBERTO\.vscode\extensions\redhat.java-1.55.0-win32-x64\jre\21.0.11-win32-x86_64\bin\zip.dll
Event: 0.145 Loaded shared library C:\Users\PAULO ROBERTO\.vscode\extensions\redhat.java-1.55.0-win32-x64\jre\21.0.11-win32-x86_64\bin\instrument.dll
Event: 0.156 Loaded shared library C:\Users\PAULO ROBERTO\.vscode\extensions\redhat.java-1.55.0-win32-x64\jre\21.0.11-win32-x86_64\bin\net.dll
Event: 0.161 Loaded shared library C:\Users\PAULO ROBERTO\.vscode\extensions\redhat.java-1.55.0-win32-x64\jre\21.0.11-win32-x86_64\bin\nio.dll
Event: 0.166 Loaded shared library C:\Users\PAULO ROBERTO\.vscode\extensions\redhat.java-1.55.0-win32-x64\jre\21.0.11-win32-x86_64\bin\zip.dll
Event: 0.194 Loaded shared library C:\Users\PAULO ROBERTO\.vscode\extensions\redhat.java-1.55.0-win32-x64\jre\21.0.11-win32-x86_64\bin\jimage.dll
Event: 0.318 Loaded shared library c:\Users\PAULO ROBERTO\.vscode\extensions\redhat.java-1.55.0-win32-x64\jre\21.0.11-win32-x86_64\bin\verify.dll
Event: 12.131 Loaded shared library C:\Users\PAULO ROBERTO\AppData\Roaming\Code\User\globalStorage\redhat.java\1.55.0\config_win\org.eclipse.equinox.launcher\org.eclipse.equinox.launcher.win32.win32.x86_64_1.3.100.v20260613-0559\eclipse_11924.dll
Event: 43.751 Loaded shared library C:\Users\PAULO ROBERTO\AppData\Local\Temp\jna--1403105036\jna13038070265485529563.dll

Deoptimization events (20 events):
Event: 49.959 Thread 0x000001def9544330 DEOPT PACKING pc=0x000001de9db3139f sp=0x0000008a7f4fa0f0
Event: 49.959 Thread 0x000001def9544330 DEOPT UNPACKING pc=0x000001dea4b74242 sp=0x0000008a7f4f95c8 mode 0
Event: 51.340 Thread 0x000001def49976f0 DEOPT PACKING pc=0x000001de9dbd03b9 sp=0x0000008a7ecf7e40
Event: 51.340 Thread 0x000001def49976f0 DEOPT UNPACKING pc=0x000001dea4b74242 sp=0x0000008a7ecf7340 mode 0
Event: 51.483 Thread 0x000001def9544330 Uncommon trap: trap_request=0xffffff45 fr.pc=0x000001dea51712cc relative=0x000000000000088c
Event: 51.483 Thread 0x000001def9544330 Uncommon trap: reason=unstable_if action=reinterpret pc=0x000001dea51712cc method=jdk.internal.org.objectweb.asm.SymbolTable.put(Ljdk/internal/org/objectweb/asm/SymbolTable$Entry;)Ljdk/internal/org/objectweb/asm/SymbolTable$Entry; @ 13 c2
Event: 51.493 Thread 0x000001def9544330 DEOPT PACKING pc=0x000001dea51712cc sp=0x0000008a7f4fd3b0
Event: 51.493 Thread 0x000001def9544330 DEOPT UNPACKING pc=0x000001dea4b73aa2 sp=0x0000008a7f4fd2c8 mode 2
Event: 51.945 Thread 0x000001def9544330 Uncommon trap: trap_request=0xffffff45 fr.pc=0x000001dea52098d4 relative=0x0000000000000134
Event: 51.945 Thread 0x000001def9544330 Uncommon trap: reason=unstable_if action=reinterpret pc=0x000001dea52098d4 method=java.util.ArrayList.indexOfRange(Ljava/lang/Object;II)I @ 7 c2
Event: 51.945 Thread 0x000001def9544330 DEOPT PACKING pc=0x000001dea52098d4 sp=0x0000008a7f4fe020
Event: 51.945 Thread 0x000001def9544330 DEOPT UNPACKING pc=0x000001dea4b73aa2 sp=0x0000008a7f4fdee0 mode 2
Event: 51.979 Thread 0x000001def9544330 Uncommon trap: trap_request=0xffffff45 fr.pc=0x000001dea52ce7f0 relative=0x0000000000001790
Event: 51.979 Thread 0x000001def9544330 Uncommon trap: reason=unstable_if action=reinterpret pc=0x000001dea52ce7f0 method=sun.nio.cs.StreamDecoder.implRead([CII)I @ 71 c2
Event: 51.979 Thread 0x000001def9544330 DEOPT PACKING pc=0x000001dea52ce7f0 sp=0x0000008a7f4fdc20
Event: 51.979 Thread 0x000001def9544330 DEOPT UNPACKING pc=0x000001dea4b73aa2 sp=0x0000008a7f4fd898 mode 2
Event: 52.077 Thread 0x000001def9544330 Uncommon trap: trap_request=0xffffff45 fr.pc=0x000001dea5200d30 relative=0x0000000000000110
Event: 52.077 Thread 0x000001def9544330 Uncommon trap: reason=unstable_if action=reinterpret pc=0x000001dea5200d30 method=java.util.ArrayList.indexOfRange(Ljava/lang/Object;II)I @ 7 c2
Event: 52.077 Thread 0x000001def9544330 DEOPT PACKING pc=0x000001dea5200d30 sp=0x0000008a7f4fdf80
Event: 52.077 Thread 0x000001def9544330 DEOPT UNPACKING pc=0x000001dea4b73aa2 sp=0x0000008a7f4fdf00 mode 2

Classes loaded (20 events):
Event: 52.700 Loading class com/sun/org/apache/xerces/internal/impl/msg/XMLSerializerMessages_pt
Event: 52.700 Loading class com/sun/org/apache/xerces/internal/impl/msg/XMLSerializerMessages_pt done
Event: 52.700 Loading class com/sun/org/apache/xerces/internal/impl/msg/XMLSerializerMessages_pt
Event: 52.700 Loading class com/sun/org/apache/xerces/internal/impl/msg/XMLSerializerMessages_pt done
Event: 52.701 Loading class com/sun/org/apache/xerces/internal/impl/msg/XMLSerializerMessages_pt_BR
Event: 52.701 Loading class com/sun/org/apache/xerces/internal/impl/msg/XMLSerializerMessages_pt_BR done
Event: 52.701 Loading class com/sun/org/apache/xerces/internal/impl/msg/XMLSerializerMessages_pt_BR
Event: 52.701 Loading class com/sun/org/apache/xerces/internal/impl/msg/XMLSerializerMessages_pt_BR done
Event: 52.707 Loading class com/sun/org/apache/xerces/internal/impl/msg/XMLMessages
Event: 52.707 Loading class com/sun/org/apache/xerces/internal/impl/msg/XMLMessages done
Event: 52.707 Loading class com/sun/org/apache/xerces/internal/impl/msg/XMLMessages
Event: 52.707 Loading class com/sun/org/apache/xerces/internal/impl/msg/XMLMessages done
Event: 52.715 Loading class com/sun/org/apache/xerces/internal/impl/msg/XMLMessages_pt
Event: 52.715 Loading class com/sun/org/apache/xerces/internal/impl/msg/XMLMessages_pt done
Event: 52.715 Loading class com/sun/org/apache/xerces/internal/impl/msg/XMLMessages_pt
Event: 52.715 Loading class com/sun/org/apache/xerces/internal/impl/msg/XMLMessages_pt done
Event: 52.716 Loading class com/sun/org/apache/xerces/internal/impl/msg/XMLMessages_pt_BR
Event: 52.716 Loading class com/sun/org/apache/xerces/internal/impl/msg/XMLMessages_pt_BR done
Event: 52.716 Loading class com/sun/org/apache/xerces/internal/impl/msg/XMLMessages_pt_BR
Event: 52.716 Loading class com/sun/org/apache/xerces/internal/impl/msg/XMLMessages_pt_BR done

Classes unloaded (7 events):
Event: 48.349 Thread 0x000001deb0e84950 Unloading class 0x000001deb21a8c00 'java/lang/invoke/LambdaForm$MH+0x000001deb21a8c00'
Event: 48.349 Thread 0x000001deb0e84950 Unloading class 0x000001deb21a8800 'java/lang/invoke/LambdaForm$MH+0x000001deb21a8800'
Event: 48.349 Thread 0x000001deb0e84950 Unloading class 0x000001deb21a8400 'java/lang/invoke/LambdaForm$MH+0x000001deb21a8400'
Event: 48.349 Thread 0x000001deb0e84950 Unloading class 0x000001deb21a8000 'java/lang/invoke/LambdaForm$MH+0x000001deb21a8000'
Event: 48.349 Thread 0x000001deb0e84950 Unloading class 0x000001deb21a7c00 'java/lang/invoke/LambdaForm$BMH+0x000001deb21a7c00'
Event: 48.349 Thread 0x000001deb0e84950 Unloading class 0x000001deb21a7800 'java/lang/invoke/LambdaForm$DMH+0x000001deb21a7800'
Event: 48.349 Thread 0x000001deb0e84950 Unloading class 0x000001deb21a6400 'java/lang/invoke/LambdaForm$DMH+0x000001deb21a6400'

Classes redefined (0 events):
No events

Internal exceptions (20 events):
Event: 49.693 Thread 0x000001def9543ca0 Exception <a 'java/lang/NoSuchMethodError'{0x00000000d596aca8}: 'java.lang.Object java.lang.invoke.Invokers$Holder.invoke_MT(java.lang.Object, java.lang.Object, java.lang.Object, java.lang.Object, java.lang.Object, java.lang.Object, java.lang.Object, java.lang.Object, java.lang.Object)'> (0x00000000d596aca8) 
thrown [s\src\hotspot\share\interpreter\linkResolver.cpp, line 773]
Event: 49.718 Thread 0x000001def9544330 Exception <a 'java/lang/NoSuchMethodError'{0x00000000d5a94c98}: 'int java.lang.invoke.DirectMethodHandle$Holder.invokeVirtual(java.lang.Object, java.lang.Object, java.lang.Object)'> (0x00000000d5a94c98) 
thrown [s\src\hotspot\share\interpreter\linkResolver.cpp, line 773]
Event: 49.719 Thread 0x000001def9544330 Exception <a 'java/lang/NoSuchMethodError'{0x00000000d5a98960}: 'int java.lang.invoke.DirectMethodHandle$Holder.invokeStaticInit(java.lang.Object, int, int)'> (0x00000000d5a98960) 
thrown [s\src\hotspot\share\interpreter\linkResolver.cpp, line 773]
Event: 49.726 Thread 0x000001def9544330 Exception <a 'java/lang/NoSuchMethodError'{0x00000000d5a9fc78}: 'int java.lang.invoke.DirectMethodHandle$Holder.invokeStaticInit(java.lang.Object, long, long)'> (0x00000000d5a9fc78) 
thrown [s\src\hotspot\share\interpreter\linkResolver.cpp, line 773]
Event: 49.730 Thread 0x000001def9544330 Exception <a 'java/lang/NoSuchMethodError'{0x00000000d5aa65a8}: 'int java.lang.invoke.DirectMethodHandle$Holder.invokeStaticInit(java.lang.Object, float, float)'> (0x00000000d5aa65a8) 
thrown [s\src\hotspot\share\interpreter\linkResolver.cpp, line 773]
Event: 49.736 Thread 0x000001def9544330 Exception <a 'java/lang/NoSuchMethodError'{0x00000000d5aacec8}: 'int java.lang.invoke.DirectMethodHandle$Holder.invokeStaticInit(java.lang.Object, double, double)'> (0x00000000d5aacec8) 
thrown [s\src\hotspot\share\interpreter\linkResolver.cpp, line 773]
Event: 49.737 Thread 0x000001def9544330 Exception <a 'java/lang/NoSuchMethodError'{0x00000000d5ab1010}: 'int java.lang.invoke.DirectMethodHandle$Holder.invokeStatic(java.lang.Object, long)'> (0x00000000d5ab1010) 
thrown [s\src\hotspot\share\interpreter\linkResolver.cpp, line 773]
Event: 49.746 Thread 0x000001def9544330 Exception <a 'java/lang/NoSuchMethodError'{0x00000000d5b3b0f8}: 'int java.lang.invoke.DirectMethodHandle$Holder.invokeSpecial(java.lang.Object, java.lang.Object, int, int)'> (0x00000000d5b3b0f8) 
thrown [s\src\hotspot\share\interpreter\linkResolver.cpp, line 773]
Event: 49.747 Thread 0x000001def9544330 Exception <a 'java/lang/NoSuchMethodError'{0x00000000d5b4de18}: 'int java.lang.invoke.Invokers$Holder.linkToTargetMethod(java.lang.Object, java.lang.Object)'> (0x00000000d5b4de18) 
thrown [s\src\hotspot\share\interpreter\linkResolver.cpp, line 773]
Event: 49.760 Thread 0x000001def9543ca0 Exception <a 'java/lang/NoSuchMethodError'{0x00000000d5b55938}: 'int java.lang.invoke.DirectMethodHandle$Holder.invokeSpecial(java.lang.Object, java.lang.Object, java.lang.Object, java.lang.Object)'> (0x00000000d5b55938) 
thrown [s\src\hotspot\share\interpreter\linkResolver.cpp, line 773]
Event: 49.782 Thread 0x000001def9543ca0 Exception <a 'java/lang/NoSuchMethodError'{0x00000000d5b7d410}: 'java.lang.Object java.lang.invoke.DirectMethodHandle$Holder.invokeStatic(java.lang.Object, int, java.lang.Object, java.lang.Object)'> (0x00000000d5b7d410) 
thrown [s\src\hotspot\share\interpreter\linkResolver.cpp, line 773]
Event: 49.784 Thread 0x000001def9543ca0 Exception <a 'java/lang/NoSuchMethodError'{0x00000000d5c24de8}: 'java.lang.Object java.lang.invoke.DelegatingMethodHandle$Holder.delegate(java.lang.Object, int, java.lang.Object, java.lang.Object)'> (0x00000000d5c24de8) 
thrown [s\src\hotspot\share\interpreter\linkResolver.cpp, line 773]
Event: 49.791 Thread 0x000001def9543ca0 Exception <a 'java/lang/NoSuchMethodError'{0x00000000d5c38638}: 'int java.lang.invoke.Invokers$Holder.linkToTargetMethod(java.lang.Object, java.lang.Object, java.lang.Object)'> (0x00000000d5c38638) 
thrown [s\src\hotspot\share\interpreter\linkResolver.cpp, line 773]
Event: 49.944 Thread 0x000001def9544330 Exception <a 'java/lang/NoSuchMethodError'{0x00000000d60dcd28}: 'java.lang.Object java.lang.invoke.DirectMethodHandle$Holder.invokeSpecialIFC(java.lang.Object, java.lang.Object, java.lang.Object, java.lang.Object)'> (0x00000000d60dcd28) 
thrown [s\src\hotspot\share\interpreter\linkResolver.cpp, line 773]
Event: 51.181 Thread 0x000001def49976f0 Exception <a 'java/io/FileNotFoundException'{0x00000000d5d36cd8}> (0x00000000d5d36cd8) 
thrown [s\src\hotspot\share\prims\jni.cpp, line 520]
Event: 51.182 Thread 0x000001def49976f0 Exception <a 'java/io/FileNotFoundException'{0x00000000d5d37d48}> (0x00000000d5d37d48) 
thrown [s\src\hotspot\share\prims\jni.cpp, line 520]
Event: 51.744 Thread 0x000001def9544330 Exception <a 'java/lang/NoClassDefFoundError'{0x00000000d643d708}: javax/enterprise/inject/Typed> (0x00000000d643d708) 
thrown [s\src\hotspot\share\classfile\systemDictionary.cpp, line 302]
Event: 52.680 Thread 0x000001def49976f0 Exception <a 'java/lang/ClassNotFoundException'{0x00000000d5e6d970}: com/sun/org/apache/xerces/internal/impl/msg/spi/DOMMessagesProvider> (0x00000000d5e6d970) 
thrown [s\src\hotspot\share\classfile\systemDictionary.cpp, line 313]
Event: 52.698 Thread 0x000001def49976f0 Exception <a 'java/lang/ClassNotFoundException'{0x00000000d5e91d80}: com/sun/org/apache/xerces/internal/impl/msg/spi/XMLSerializerMessagesProvider> (0x00000000d5e91d80) 
thrown [s\src\hotspot\share\classfile\systemDictionary.cpp, line 313]
Event: 52.701 Thread 0x000001def49976f0 Exception <a 'java/lang/ClassNotFoundException'{0x00000000d5eaa100}: com/sun/org/apache/xerces/internal/impl/msg/spi/XMLMessagesProvider> (0x00000000d5eaa100) 
thrown [s\src\hotspot\share\classfile\systemDictionary.cpp, line 313]

ZGC Phase Switch (0 events):
No events

VM Operations (20 events):
Event: 47.267 Executing safepoint VM operation: Cleanup done
Event: 48.001 Executing non-safepoint VM operation: HandshakeAllThreads (Deoptimize)
Event: 48.001 Executing non-safepoint VM operation: HandshakeAllThreads (Deoptimize) done
Event: 48.322 Executing safepoint VM operation: CollectForMetadataAllocation (Metadata GC Threshold)
Event: 48.403 Executing safepoint VM operation: CollectForMetadataAllocation (Metadata GC Threshold) done
Event: 49.405 Executing safepoint VM operation: Cleanup
Event: 49.406 Executing safepoint VM operation: Cleanup done
Event: 49.472 Executing safepoint VM operation: ParallelGCFailedAllocation (Allocation Failure)
Event: 49.476 Executing safepoint VM operation: ParallelGCFailedAllocation (Allocation Failure) done
Event: 49.778 Executing non-safepoint VM operation: HandshakeAllThreads (Deoptimize)
Event: 49.793 Executing non-safepoint VM operation: HandshakeAllThreads (Deoptimize) done
Event: 50.315 Executing safepoint VM operation: ParallelGCFailedAllocation (Allocation Failure)
Event: 50.318 Executing safepoint VM operation: ParallelGCFailedAllocation (Allocation Failure) done
Event: 51.147 Executing safepoint VM operation: ParallelGCFailedAllocation (Allocation Failure)
Event: 51.150 Executing safepoint VM operation: ParallelGCFailedAllocation (Allocation Failure) done
Event: 51.664 Executing non-safepoint VM operation: HandshakeAllThreads (Deoptimize)
Event: 51.664 Executing non-safepoint VM operation: HandshakeAllThreads (Deoptimize) done
Event: 52.225 Executing safepoint VM operation: ParallelGCFailedAllocation (Allocation Failure)
Event: 52.238 Executing safepoint VM operation: ParallelGCFailedAllocation (Allocation Failure) done
Event: 53.242 Executing safepoint VM operation: Cleanup

Memory protections (0 events):
No events

Nmethod flushes (0 events):
No events

Events (20 events):
Event: 0.069 Thread 0x000001de9a3f0ca0 Thread added: 0x000001def323a4c0
Event: 0.069 Thread 0x000001de9a3f0ca0 Thread added: 0x000001def325bb90
Event: 0.149 Thread 0x000001de9a3f0ca0 Thread added: 0x000001def344f210
Event: 0.309 Thread 0x000001def325bb90 Thread added: 0x000001def35a2a50
Event: 0.478 Thread 0x000001de9a3f0ca0 Thread added: 0x000001def41dcbe0
Event: 1.678 Thread 0x000001de9a3f0ca0 Thread added: 0x000001def44b1b50
Event: 2.960 Thread 0x000001def35a2a50 Thread exited: 0x000001def35a2a50
Event: 12.086 Thread 0x000001de9a3f0ca0 Thread added: 0x000001def4989a60
Event: 12.443 Thread 0x000001def4989a60 Thread added: 0x000001def4996cb0
Event: 12.466 Thread 0x000001de9a3f0ca0 Thread added: 0x000001def49976f0
Event: 13.361 Thread 0x000001def325bb90 Thread added: 0x000001def45d31e0
Event: 13.752 Thread 0x000001def45d31e0 Thread exited: 0x000001def45d31e0
Event: 25.123 Thread 0x000001def49976f0 Thread added: 0x000001def43f8b90
Event: 39.943 Thread 0x000001def49976f0 Thread added: 0x000001def34a8d00
Event: 41.357 Thread 0x000001def49976f0 Thread added: 0x000001def94e56c0
Event: 43.998 Thread 0x000001def49976f0 Thread added: 0x000001def9542f80
Event: 45.012 Thread 0x000001def49976f0 Thread added: 0x000001def9543ca0
Event: 45.245 Thread 0x000001def49976f0 Thread added: 0x000001def9544330
Event: 49.704 Thread 0x000001def9544330 Thread added: 0x000001def9833410
Event: 49.970 Thread 0x000001def9833410 Thread added: 0x000001def9834130


Dynamic libraries:
0x00007ff64a780000 - 0x00007ff64a78e000 	c:\Users\PAULO ROBERTO\.vscode\extensions\redhat.java-1.55.0-win32-x64\jre\21.0.11-win32-x86_64\bin\java.exe
0x00007ffc147e0000 - 0x00007ffc14a46000 	C:\WINDOWS\SYSTEM32\ntdll.dll
0x00007ffc13290000 - 0x00007ffc13359000 	C:\WINDOWS\System32\KERNEL32.DLL
0x00007ffc11ac0000 - 0x00007ffc11ebe000 	C:\WINDOWS\System32\KERNELBASE.dll
0x00007ffc12210000 - 0x00007ffc1235c000 	C:\WINDOWS\System32\ucrtbase.dll
0x00007ffc09180000 - 0x00007ffc09198000 	c:\Users\PAULO ROBERTO\.vscode\extensions\redhat.java-1.55.0-win32-x64\jre\21.0.11-win32-x86_64\bin\jli.dll
0x00007ffc09070000 - 0x00007ffc0908e000 	c:\Users\PAULO ROBERTO\.vscode\extensions\redhat.java-1.55.0-win32-x64\jre\21.0.11-win32-x86_64\bin\VCRUNTIME140.dll
0x00007ffc128b0000 - 0x00007ffc12a77000 	C:\WINDOWS\System32\USER32.dll
0x00007ffc124e0000 - 0x00007ffc12507000 	C:\WINDOWS\System32\win32u.dll
0x00007ffbe9470000 - 0x00007ffbe9702000 	C:\WINDOWS\WinSxS\amd64_microsoft.windows.common-controls_6595b64144ccf1df_6.0.26100.8894_none_3e0f749ee32e02ea\COMCTL32.dll
0x00007ffc135f0000 - 0x00007ffc1361b000 	C:\WINDOWS\System32\GDI32.dll
0x00007ffc13000000 - 0x00007ffc130a9000 	C:\WINDOWS\System32\msvcrt.dll
0x00007ffc11f60000 - 0x00007ffc1208a000 	C:\WINDOWS\System32\gdi32full.dll
0x00007ffc12370000 - 0x00007ffc12413000 	C:\WINDOWS\System32\msvcp_win.dll
0x00007ffc12ea0000 - 0x00007ffc12ed2000 	C:\WINDOWS\System32\IMM32.DLL
0x00007ffc09170000 - 0x00007ffc0917c000 	c:\Users\PAULO ROBERTO\.vscode\extensions\redhat.java-1.55.0-win32-x64\jre\21.0.11-win32-x86_64\bin\vcruntime140_1.dll
0x00007ffc08fe0000 - 0x00007ffc0906d000 	c:\Users\PAULO ROBERTO\.vscode\extensions\redhat.java-1.55.0-win32-x64\jre\21.0.11-win32-x86_64\bin\msvcp140.dll
0x00007ffb62de0000 - 0x00007ffb63b82000 	c:\Users\PAULO ROBERTO\.vscode\extensions\redhat.java-1.55.0-win32-x64\jre\21.0.11-win32-x86_64\bin\server\jvm.dll
0x00007ffc136b0000 - 0x00007ffc13767000 	C:\WINDOWS\System32\ADVAPI32.dll
0x00007ffc12ee0000 - 0x00007ffc12f8a000 	C:\WINDOWS\System32\sechost.dll
0x00007ffc13450000 - 0x00007ffc13568000 	C:\WINDOWS\System32\RPCRT4.dll
0x00007ffc14040000 - 0x00007ffc140c0000 	C:\WINDOWS\System32\WS2_32.dll
0x00007ffbfd380000 - 0x00007ffbfd3b6000 	C:\WINDOWS\SYSTEM32\WINMM.dll
0x00007ffbfeec0000 - 0x00007ffbfeecb000 	C:\WINDOWS\SYSTEM32\VERSION.dll
0x00007ffc10500000 - 0x00007ffc1055e000 	C:\WINDOWS\SYSTEM32\POWRPROF.dll
0x00007ffc104e0000 - 0x00007ffc104f4000 	C:\WINDOWS\SYSTEM32\UMPDC.dll
0x00007ffc10720000 - 0x00007ffc1073b000 	C:\WINDOWS\SYSTEM32\kernel.appcore.dll
0x00007ffc08fd0000 - 0x00007ffc08fda000 	c:\Users\PAULO ROBERTO\.vscode\extensions\redhat.java-1.55.0-win32-x64\jre\21.0.11-win32-x86_64\bin\jimage.dll
0x00007ffc0eeb0000 - 0x00007ffc0f0f2000 	C:\WINDOWS\SYSTEM32\DBGHELP.DLL
0x00007ffc12510000 - 0x00007ffc12893000 	C:\WINDOWS\System32\combase.dll
0x00007ffc130b0000 - 0x00007ffc13189000 	C:\WINDOWS\System32\OLEAUT32.dll
0x00007ffbea260000 - 0x00007ffbea29b000 	C:\WINDOWS\SYSTEM32\dbgcore.DLL
0x00007ffc11a00000 - 0x00007ffc11aac000 	C:\WINDOWS\System32\bcryptPrimitives.dll
0x00007ffc08f80000 - 0x00007ffc08f8f000 	c:\Users\PAULO ROBERTO\.vscode\extensions\redhat.java-1.55.0-win32-x64\jre\21.0.11-win32-x86_64\bin\instrument.dll
0x00007ffc08fb0000 - 0x00007ffc08fd0000 	c:\Users\PAULO ROBERTO\.vscode\extensions\redhat.java-1.55.0-win32-x64\jre\21.0.11-win32-x86_64\bin\java.dll
0x00007ffc13790000 - 0x00007ffc13f22000 	C:\WINDOWS\System32\SHELL32.dll
0x00007ffc0f4a0000 - 0x00007ffc0fd32000 	C:\WINDOWS\SYSTEM32\windows.storage.dll
0x00007ffc13f40000 - 0x00007ffc14037000 	C:\WINDOWS\System32\SHCORE.dll
0x00007ffc12bf0000 - 0x00007ffc12c57000 	C:\WINDOWS\System32\shlwapi.dll
0x00007ffc11920000 - 0x00007ffc11949000 	C:\WINDOWS\SYSTEM32\profapi.dll
0x00007ffc08f90000 - 0x00007ffc08fa8000 	c:\Users\PAULO ROBERTO\.vscode\extensions\redhat.java-1.55.0-win32-x64\jre\21.0.11-win32-x86_64\bin\zip.dll
0x00007ffc08f70000 - 0x00007ffc08f80000 	C:\Users\PAULO ROBERTO\.vscode\extensions\redhat.java-1.55.0-win32-x64\jre\21.0.11-win32-x86_64\bin\net.dll
0x00007ffc09860000 - 0x00007ffc09987000 	C:\WINDOWS\SYSTEM32\WINHTTP.dll
0x00007ffc10d50000 - 0x00007ffc10dbc000 	C:\WINDOWS\system32\mswsock.dll
0x00007ffc08e90000 - 0x00007ffc08ea6000 	C:\Users\PAULO ROBERTO\.vscode\extensions\redhat.java-1.55.0-win32-x64\jre\21.0.11-win32-x86_64\bin\nio.dll
0x00007ffc08f60000 - 0x00007ffc08f70000 	c:\Users\PAULO ROBERTO\.vscode\extensions\redhat.java-1.55.0-win32-x64\jre\21.0.11-win32-x86_64\bin\verify.dll
0x00007ffc06430000 - 0x00007ffc06475000 	C:\Users\PAULO ROBERTO\AppData\Roaming\Code\User\globalStorage\redhat.java\1.55.0\config_win\org.eclipse.equinox.launcher\org.eclipse.equinox.launcher.win32.win32.x86_64_1.3.100.v20260613-0559\eclipse_11924.dll
0x00007ffc12cf0000 - 0x00007ffc12e89000 	C:\WINDOWS\System32\ole32.dll
0x00007ffc11180000 - 0x00007ffc1119b000 	C:\WINDOWS\SYSTEM32\CRYPTSP.dll
0x00007ffc10740000 - 0x00007ffc10779000 	C:\WINDOWS\system32\rsaenh.dll
0x00007ffc10e10000 - 0x00007ffc10e42000 	C:\WINDOWS\SYSTEM32\USERENV.dll
0x00007ffc118f0000 - 0x00007ffc1191a000 	C:\WINDOWS\SYSTEM32\bcrypt.dll
0x00007ffc10fc0000 - 0x00007ffc10fcc000 	C:\WINDOWS\SYSTEM32\CRYPTBASE.dll
0x00007ffc10130000 - 0x00007ffc10163000 	C:\WINDOWS\SYSTEM32\IPHLPAPI.DLL
0x00007ffc12e90000 - 0x00007ffc12e9a000 	C:\WINDOWS\System32\NSI.dll
0x00007ffc06390000 - 0x00007ffc063d9000 	C:\Users\PAULO ROBERTO\AppData\Local\Temp\jna--1403105036\jna13038070265485529563.dll
0x00007ffc128a0000 - 0x00007ffc128a8000 	C:\WINDOWS\System32\PSAPI.DLL

JVMTI agents:
c:\Users\PAULO ROBERTO\.vscode\extensions\redhat.java-1.55.0-win32-x64\lombok\lombok-1.18.39-4050.jar path:c:\Users\PAULO ROBERTO\.vscode\extensions\redhat.java-1.55.0-win32-x64\jre\21.0.11-win32-x86_64\bin\instrument.dll, loaded, initialized, instrumentlib options:none

dbghelp: loaded successfully - version: 4.0.5 - missing functions: none
symbol engine: initialized successfully - sym options: 0x614 - pdb path: .;c:\Users\PAULO ROBERTO\.vscode\extensions\redhat.java-1.55.0-win32-x64\jre\21.0.11-win32-x86_64\bin;C:\WINDOWS\SYSTEM32;C:\WINDOWS\WinSxS\amd64_microsoft.windows.common-controls_6595b64144ccf1df_6.0.26100.8894_none_3e0f749ee32e02ea;c:\Users\PAULO ROBERTO\.vscode\extensions\redhat.java-1.55.0-win32-x64\jre\21.0.11-win32-x86_64\bin\server;C:\Users\PAULO ROBERTO\AppData\Roaming\Code\User\globalStorage\redhat.java\1.55.0\config_win\org.eclipse.equinox.launcher\org.eclipse.equinox.launcher.win32.win32.x86_64_1.3.100.v20260613-0559;C:\Users\PAULO ROBERTO\AppData\Local\Temp\jna--1403105036

VM Arguments:
jvm_args: --add-modules=ALL-SYSTEM --add-opens=java.base/java.util=ALL-UNNAMED --add-opens=java.base/java.lang=ALL-UNNAMED --add-opens=java.base/sun.nio.fs=ALL-UNNAMED -Declipse.application=org.eclipse.jdt.ls.core.id1 -Dosgi.bundles.defaultStartLevel=4 -Declipse.product=org.eclipse.jdt.ls.core.product -Djava.import.generatesMetadataFilesAtProjectRoot=false -DDetectVMInstallationsJob.disabled=true -Dfile.encoding=utf8 -XX:+UseParallelGC -XX:GCTimeRatio=4 -XX:AdaptiveSizePolicyWeight=90 -Dsun.zip.disableMemoryMapping=true -Xmx2G -Xms100m -Xlog:disable -javaagent:c:\Users\PAULO ROBERTO\.vscode\extensions\redhat.java-1.55.0-win32-x64\lombok\lombok-1.18.39-4050.jar -XX:+HeapDumpOnOutOfMemoryError -XX:HeapDumpPath=c:\Users\PAULO ROBERTO\AppData\Roaming\Code\User\workspaceStorage\af78278a2264e0da21869ec41e085d06\redhat.java -Daether.dependencyCollector.impl=bf 
java_command: c:\Users\PAULO ROBERTO\.vscode\extensions\redhat.java-1.55.0-win32-x64\server\plugins\org.eclipse.equinox.launcher_1.7.200.v20260619-2039.jar -configuration c:\Users\PAULO ROBERTO\AppData\Roaming\Code\User\globalStorage\redhat.java\1.55.0\config_win -data c:\Users\PAULO ROBERTO\AppData\Roaming\Code\User\workspaceStorage\af78278a2264e0da21869ec41e085d06\redhat.java\jdt_ws --pipe=\\.\pipe\lsp-ed2c4149dff86fd64261dedbf5873a11-sock
java_class_path (initial): c:\Users\PAULO ROBERTO\.vscode\extensions\redhat.java-1.55.0-win32-x64\server\plugins\org.eclipse.equinox.launcher_1.7.200.v20260619-2039.jar
Launcher Type: SUN_STANDARD

[Global flags]
    uintx AdaptiveSizePolicyWeight                 = 90                                        {product} {command line}
     intx CICompilerCount                          = 4                                         {product} {ergonomic}
    uintx GCTimeRatio                              = 4                                         {product} {command line}
     bool HeapDumpOnOutOfMemoryError               = true                                   {manageable} {command line}
    ccstr HeapDumpPath                             = c:\Users\PAULO ROBERTO\AppData\Roaming\Code\User\workspaceStorage\af78278a2264e0da21869ec41e085d06\redhat.java         {manageable} {command line}
   size_t InitialHeapSize                          = 104857600                                 {product} {command line}
   size_t MaxHeapSize                              = 2147483648                                {product} {command line}
   size_t MaxNewSize                               = 715653120                                 {product} {ergonomic}
   size_t MinHeapDeltaBytes                        = 524288                                    {product} {ergonomic}
   size_t MinHeapSize                              = 104857600                                 {product} {command line}
   size_t NewSize                                  = 34603008                                  {product} {ergonomic}
    uintx NonNMethodCodeHeapSize                   = 5839372                                {pd product} {ergonomic}
    uintx NonProfiledCodeHeapSize                  = 122909434                              {pd product} {ergonomic}
   size_t OldSize                                  = 70254592                                  {product} {ergonomic}
    uintx ProfiledCodeHeapSize                     = 122909434                              {pd product} {ergonomic}
    uintx ReservedCodeCacheSize                    = 251658240                              {pd product} {ergonomic}
     bool SegmentedCodeCache                       = true                                      {product} {ergonomic}
   size_t SoftMaxHeapSize                          = 2147483648                             {manageable} {ergonomic}
     bool UseCompressedOops                        = true                           {product lp64_product} {ergonomic}
     bool UseLargePagesIndividualAllocation        = false                                  {pd product} {ergonomic}
     bool UseParallelGC                            = true                                      {product} {command line}

Logging:
Log output configuration:
 #0: stdout all=off uptime,level,tags foldmultilines=false
 #1: stderr all=off uptime,level,tags foldmultilines=false

Release file:
JAVA_VERSION="21.0.11" 
MODULES="java.base java.compiler java.datatransfer java.xml java.prefs java.desktop java.instrument java.logging java.management java.security.sasl java.naming java.rmi java.management.rmi java.net.http java.scripting java.security.jgss java.transaction.xa java.sql java.sql.rowset java.xml.crypto java.se java.smartcardio jdk.accessibility jdk.internal.jvmstat jdk.attach jdk.charsets jdk.internal.opt jdk.zipfs jdk.compiler jdk.crypto.ec jdk.crypto.cryptoki jdk.crypto.mscapi jdk.dynalink jdk.internal.ed jdk.editpad jdk.hotspot.agent jdk.httpserver jdk.internal.le jdk.internal.vm.ci jdk.internal.vm.compiler jdk.internal.vm.compiler.management jdk.jartool jdk.javadoc jdk.jcmd jdk.management jdk.management.agent jdk.jconsole jdk.jdeps jdk.jdwp.agent jdk.jdi jdk.jfr jdk.jshell jdk.jsobject jdk.jstatd jdk.localedata jdk.management.jfr jdk.naming.dns jdk.naming.rmi jdk.net jdk.nio.mapmode jdk.random jdk.sctp jdk.security.auth jdk.security.jgss jdk.unsupported jdk.unsupported.desktop jdk.xml.dom" 

Environment Variables:
JAVA_HOME=C:\Program Files\Java\jdk-21
PATH=C:\Program Files\Common Files\Oracle\Java\javapath;C:\WINDOWS\system32;C:\WINDOWS;C:\WINDOWS\System32\Wbem;C:\WINDOWS\System32\WindowsPowerShell\v1.0\;C:\WINDOWS\System32\OpenSSH\;C:\Program Files\dotnet\;C:\Program Files\NVIDIA Corporation\NVIDIA App\NvDLISR;C:\Program Files (x86)\NVIDIA Corporation\PhysX\Common;C:\Program Files\GitHub CLI\;C:\Program Files\nodejs\;C:\Program Files\Git\cmd;C:\Users\PAULO ROBERTO\.local\bin;C:\Users\PAULO ROBERTO\AppData\Local\Microsoft\WindowsApps;C:\Users\PAULO ROBERTO\AppData\Roaming\npm;C:\Users\PAULO ROBERTO\AppData\Local\Programs\Microsoft VS Code\bin;C:\Users\PAULO ROBERTO\.bun\bin;C:\Users\PAULO ROBERTO\AppData\Local\Microsoft\WinGet\Packages\jqlang.jq_Microsoft.Winget.Source_8wekyb3d8bbwe;C:\Users\PAULO ROBERTO\.lmstudio\bin
USERNAME=PAULO ROBERTO
OS=Windows_NT
PROCESSOR_IDENTIFIER=Intel64 Family 6 Model 186 Stepping 2, GenuineIntel
TMP=C:\Users\PAULOR~1\AppData\Local\Temp
TEMP=C:\Users\PAULOR~1\AppData\Local\Temp




Periodic native trim disabled

---------------  S Y S T E M  ---------------

OS:
 Windows 11 , 64 bit Build 26100 (10.0.26100.8875)
OS uptime: 0 days 15:20 hours
Hyper-V role detected

CPU: total 12 (initial active 12) (6 cores per cpu, 2 threads per core) family 6 model 186 stepping 2 microcode 0x5103, cx8, cmov, fxsr, ht, mmx, 3dnowpref, sse, sse2, sse3, ssse3, sse4.1, sse4.2, popcnt, lzcnt, tsc, tscinvbit, avx, avx2, aes, erms, clmul, bmi1, bmi2, adx, sha, fma, vzeroupper, clflush, clflushopt, clwb, hv, serialize, rdtscp, rdpid, fsrm, f16c, cet_ibt, cet_ss
Processor Information for the first 12 processors :
  Max Mhz: 2100, Current Mhz: 2100, Mhz Limit: 2100

Memory: 4k page, system-wide physical 16087M (370M free)
TotalPageFile size 32471M (AvailPageFile size 86M)
current process WorkingSet (physical memory assigned to process): 173M, peak: 175M
current process commit charge ("private bytes"): 304M, peak: 308M

vm_info: OpenJDK 64-Bit Server VM (21.0.11+10-LTS) for windows-amd64 JRE (21.0.11+10-LTS), built on 2026-04-21T00:00:00Z by "admin" with MS VC++ 17.12 (VS2022)

END.
