#
# There is insufficient memory for the Java Runtime Environment to continue.
# Native memory allocation (malloc) failed to allocate 1097376 bytes for Chunk::new
# Possible reasons:
#   The system is out of physical RAM or swap space
#   The process is running with CompressedOops enabled, and the Java Heap may be blocking the growth of the native heap
# Possible solutions:
#   Reduce memory load on the system
#   Increase physical memory or swap space
#   Check if swap backing store is full
#   Decrease Java heap size (-Xmx/-Xms)
#   Decrease number of Java threads
#   Decrease Java thread stack sizes (-Xss)
#   Set larger code cache with -XX:ReservedCodeCacheSize=
#   JVM is running with Unscaled Compressed Oops mode in which the Java heap is
#     placed in the first 4GB address space. The Java Heap base address is the
#     maximum limit for the native heap growth. Please use -XX:HeapBaseMinAddress
#     to set the Java Heap base and to place the Java Heap above 4GB virtual address.
# This output file may be truncated or incomplete.
#
#  Out of Memory Error (arena.cpp:168), pid=59740, tid=61512
#
# JRE version: Java(TM) SE Runtime Environment (21.0.11+9) (build 21.0.11+9-LTS-211)
# Java VM: Java HotSpot(TM) 64-Bit Server VM (21.0.11+9-LTS-211, mixed mode, sharing, tiered, compressed oops, compressed class ptrs, g1 gc, windows-amd64)
# No core dump will be written. Minidumps are not enabled by default on client versions of Windows
#

---------------  S U M M A R Y ------------

Command Line: --add-opens=java.base/java.lang=ALL-UNNAMED --add-opens=java.base/java.lang.invoke=ALL-UNNAMED --add-opens=java.base/java.util=ALL-UNNAMED --add-opens=java.prefs/java.util.prefs=ALL-UNNAMED --add-exports=jdk.compiler/com.sun.tools.javac.api=ALL-UNNAMED --add-exports=jdk.compiler/com.sun.tools.javac.util=ALL-UNNAMED --add-opens=java.base/java.util=ALL-UNNAMED --add-opens=java.prefs/java.util.prefs=ALL-UNNAMED --add-opens=java.base/java.nio.charset=ALL-UNNAMED --add-opens=java.base/java.net=ALL-UNNAMED --add-opens=java.base/java.util.concurrent.atomic=ALL-UNNAMED --add-opens=java.xml/javax.xml.namespace=ALL-UNNAMED -XX:MaxMetaspaceSize=256m -Xms256m -Xmx1024m -Dfile.encoding=UTF-8 -Duser.country=BR -Duser.language=pt -Duser.variant -javaagent:C:\Users\PAULO ROBERTO\.gradle\wrapper\dists\gradle-8.11.1-all\2qik7nd48slq1ooc2496ixf4i\gradle-8.11.1\lib\agents\gradle-instrumentation-agent-8.11.1.jar org.gradle.launcher.daemon.bootstrap.GradleDaemon 8.11.1

Host: 13th Gen Intel(R) Core(TM) i5-13420H, 12 cores, 15G,  Windows 11 , 64 bit Build 26100 (10.0.26100.8737)
Time: Thu Jul 16 20:22:33 2026 Hora Padrăo de Bogotá elapsed time: 27.596224 seconds (0d 0h 0m 27s)

---------------  T H R E A D  ---------------

Current thread (0x00000190cd6a7570):  JavaThread "C2 CompilerThread0" daemon [_thread_in_native, id=61512, stack(0x00000072d6800000,0x00000072d6900000) (1024K)]


Current CompileTask:
C2:  27596 8329       4       java.lang.invoke.MethodType::makeImpl (109 bytes)

Stack: [0x00000072d6800000,0x00000072d6900000]
Native frames: (J=compiled Java code, j=interpreted, Vv=VM code, C=native code)
V  [jvm.dll+0x6d0ef9]
V  [jvm.dll+0x860126]
V  [jvm.dll+0x86261e]
V  [jvm.dll+0x862cf3]
V  [jvm.dll+0x282bc6]
V  [jvm.dll+0xc67ad]
V  [jvm.dll+0xc6cf1]
V  [jvm.dll+0x3bbeab]
V  [jvm.dll+0x1e3a69]
V  [jvm.dll+0x24b673]
V  [jvm.dll+0x24aaff]
V  [jvm.dll+0x1cae7e]
V  [jvm.dll+0x25a7d9]
V  [jvm.dll+0x258d65]
V  [jvm.dll+0x3f50d1]
V  [jvm.dll+0x80ac0d]
V  [jvm.dll+0x6cf79d]
C  [ucrtbase.dll+0x2cd30]
C  [KERNEL32.DLL+0x2e957]
C  [ntdll.dll+0xaad6c]


---------------  P R O C E S S  ---------------

Threads class SMR info:
_java_thread_list=0x00000190e52f32f0, length=48, elements={
0x00000190affa1b90, 0x00000190cd6912a0, 0x00000190cd694d20, 0x00000190cd695d70,
0x00000190cd696b80, 0x00000190cd697bf0, 0x00000190cd6a4680, 0x00000190cd6a7570,
0x00000190cd6a7c20, 0x00000190dc24f610, 0x00000190dc286410, 0x00000190e1b4ae90,
0x00000190e1e867b0, 0x00000190e16df1d0, 0x00000190e1df0dc0, 0x00000190e21dded0,
0x00000190e21de560, 0x00000190e21df910, 0x00000190e21dffa0, 0x00000190e21debf0,
0x00000190e4eaa6c0, 0x00000190e4ea99a0, 0x00000190e4ea7f60, 0x00000190e4ea85f0,
0x00000190e4ea7240, 0x00000190e4eaad50, 0x00000190e4eadb40, 0x00000190e4eae1d0,
0x00000190e4eab3e0, 0x00000190e4eaba70, 0x00000190e4eac100, 0x00000190e4eaa030,
0x00000190e4eac790, 0x00000190e4ea9310, 0x00000190e4eae860, 0x00000190e21dd1b0,
0x00000190e21df280, 0x00000190e21dd840, 0x00000190e1079270, 0x00000190e1078be0,
0x00000190e1078550, 0x00000190e1079900, 0x00000190e10771a0, 0x00000190e1076480,
0x00000190e1076b10, 0x00000190e35a5790, 0x00000190e35a3030, 0x00000190e35a4a70
}

Java Threads: ( => current thread )
  0x00000190affa1b90 JavaThread "main"                              [_thread_blocked, id=59276, stack(0x00000072d5a00000,0x00000072d5b00000) (1024K)]
  0x00000190cd6912a0 JavaThread "Reference Handler"          daemon [_thread_blocked, id=62520, stack(0x00000072d6200000,0x00000072d6300000) (1024K)]
  0x00000190cd694d20 JavaThread "Finalizer"                  daemon [_thread_blocked, id=59000, stack(0x00000072d6300000,0x00000072d6400000) (1024K)]
  0x00000190cd695d70 JavaThread "Signal Dispatcher"          daemon [_thread_blocked, id=22000, stack(0x00000072d6400000,0x00000072d6500000) (1024K)]
  0x00000190cd696b80 JavaThread "Attach Listener"            daemon [_thread_blocked, id=57588, stack(0x00000072d6500000,0x00000072d6600000) (1024K)]
  0x00000190cd697bf0 JavaThread "Service Thread"             daemon [_thread_blocked, id=62044, stack(0x00000072d6600000,0x00000072d6700000) (1024K)]
  0x00000190cd6a4680 JavaThread "Monitor Deflation Thread"   daemon [_thread_blocked, id=47868, stack(0x00000072d6700000,0x00000072d6800000) (1024K)]
=>0x00000190cd6a7570 JavaThread "C2 CompilerThread0"         daemon [_thread_in_native, id=61512, stack(0x00000072d6800000,0x00000072d6900000) (1024K)]
  0x00000190cd6a7c20 JavaThread "C1 CompilerThread0"         daemon [_thread_blocked, id=53932, stack(0x00000072d6900000,0x00000072d6a00000) (1024K)]
  0x00000190dc24f610 JavaThread "Common-Cleaner"             daemon [_thread_blocked, id=49440, stack(0x00000072d6a00000,0x00000072d6b00000) (1024K)]
  0x00000190dc286410 JavaThread "Notification Thread"        daemon [_thread_blocked, id=36752, stack(0x00000072d6b00000,0x00000072d6c00000) (1024K)]
  0x00000190e1b4ae90 JavaThread "Daemon health stats"               [_thread_blocked, id=58972, stack(0x00000072d7200000,0x00000072d7300000) (1024K)]
  0x00000190e1e867b0 JavaThread "Incoming local TCP Connector on port 63264"        [_thread_in_native, id=58460, stack(0x00000072d7300000,0x00000072d7400000) (1024K)]
  0x00000190e16df1d0 JavaThread "Daemon periodic checks"            [_thread_blocked, id=44640, stack(0x00000072d7400000,0x00000072d7500000) (1024K)]
  0x00000190e1df0dc0 JavaThread "Daemon"                            [_thread_blocked, id=5660, stack(0x00000072d7500000,0x00000072d7600000) (1024K)]
  0x00000190e21dded0 JavaThread "Daemon worker"                     [_thread_in_native, id=63324, stack(0x00000072d7800000,0x00000072d7900000) (1024K)]
  0x00000190e21de560 JavaThread "Cache worker for journal cache (C:\Users\PAULO ROBERTO\.gradle\caches\journal-1)"        [_thread_blocked, id=54172, stack(0x00000072d7c00000,0x00000072d7d00000) (1024K)]
  0x00000190e21df910 JavaThread "File lock request listener"        [_thread_in_native, id=61340, stack(0x00000072d7d00000,0x00000072d7e00000) (1024K)]
  0x00000190e21dffa0 JavaThread "Cache worker for file hash cache (C:\Users\PAULO ROBERTO\.gradle\caches\8.11.1\fileHashes)"        [_thread_blocked, id=61224, stack(0x00000072d7e00000,0x00000072d7f00000) (1024K)]
  0x00000190e21debf0 JavaThread "File lock release action executor"        [_thread_blocked, id=14700, stack(0x00000072d7f00000,0x00000072d8000000) (1024K)]
  0x00000190e4eaa6c0 JavaThread "Cache worker for file content cache (C:\Users\PAULO ROBERTO\.gradle\caches\8.11.1\fileContent)"        [_thread_blocked, id=34740, stack(0x00000072d8000000,0x00000072d8100000) (1024K)]
  0x00000190e4ea99a0 JavaThread "File watcher server"        daemon [_thread_in_native, id=61968, stack(0x00000072d8900000,0x00000072d8a00000) (1024K)]
  0x00000190e4ea7f60 JavaThread "File watcher consumer"      daemon [_thread_blocked, id=60900, stack(0x00000072d8a00000,0x00000072d8b00000) (1024K)]
  0x00000190e4ea85f0 JavaThread "jar transforms"                    [_thread_blocked, id=26512, stack(0x00000072d8b00000,0x00000072d8c00000) (1024K)]
  0x00000190e4ea7240 JavaThread "jar transforms Thread 2"           [_thread_blocked, id=56512, stack(0x00000072d8c00000,0x00000072d8d00000) (1024K)]
  0x00000190e4eaad50 JavaThread "jar transforms Thread 3"           [_thread_blocked, id=53604, stack(0x00000072d8d00000,0x00000072d8e00000) (1024K)]
  0x00000190e4eadb40 JavaThread "jar transforms Thread 4"           [_thread_blocked, id=57408, stack(0x00000072d9100000,0x00000072d9200000) (1024K)]
  0x00000190e4eae1d0 JavaThread "jar transforms Thread 5"           [_thread_blocked, id=2372, stack(0x00000072d6c00000,0x00000072d6d00000) (1024K)]
  0x00000190e4eab3e0 JavaThread "VFS cleanup"                       [_thread_blocked, id=30552, stack(0x00000072d7900000,0x00000072d7a00000) (1024K)]
  0x00000190e4eaba70 JavaThread "Handler for socket connection from /127.0.0.1:63264 to /127.0.0.1:59389"        [_thread_in_native, id=19240, stack(0x00000072d7600000,0x00000072d7700000) (1024K)]
  0x00000190e4eac100 JavaThread "Cancel handler"                    [_thread_blocked, id=41240, stack(0x00000072d7700000,0x00000072d7800000) (1024K)]
  0x00000190e4eaa030 JavaThread "Asynchronous log dispatcher for DefaultDaemonConnection: socket connection from /127.0.0.1:63264 to /127.0.0.1:59389"        [_thread_blocked, id=55224, stack(0x00000072d7a00000,0x00000072d7b00000) (1024K)]
  0x00000190e4eac790 JavaThread "Stdin handler"                     [_thread_blocked, id=45440, stack(0x00000072d7b00000,0x00000072d7c00000) (1024K)]
  0x00000190e4ea9310 JavaThread "Daemon client event forwarder"        [_thread_blocked, id=59708, stack(0x00000072d8700000,0x00000072d8800000) (1024K)]
  0x00000190e4eae860 JavaThread "Cache worker for file hash cache (C:\Downloads\relatorio-2026\android\.gradle\8.11.1\fileHashes)"        [_thread_blocked, id=55532, stack(0x00000072d8800000,0x00000072d8900000) (1024K)]
  0x00000190e21dd1b0 JavaThread "Cache worker for Build Output Cleanup Cache (C:\Downloads\relatorio-2026\android\.gradle\buildOutputCleanup)"        [_thread_blocked, id=42704, stack(0x00000072d8e00000,0x00000072d8f00000) (1024K)]
  0x00000190e21df280 JavaThread "Cache worker for checksums cache (C:\Downloads\relatorio-2026\android\.gradle\8.11.1\checksums)"        [_thread_blocked, id=45928, stack(0x00000072d8f00000,0x00000072d9000000) (1024K)]
  0x00000190e21dd840 JavaThread "Cache worker for cache directory md-rule (C:\Users\PAULO ROBERTO\.gradle\caches\8.11.1\md-rule)"        [_thread_blocked, id=31784, stack(0x00000072d9000000,0x00000072d9100000) (1024K)]
  0x00000190e1079270 JavaThread "Cache worker for cache directory md-supplier (C:\Users\PAULO ROBERTO\.gradle\caches\8.11.1\md-supplier)"        [_thread_blocked, id=8452, stack(0x00000072d9200000,0x00000072d9300000) (1024K)]
  0x00000190e1078be0 JavaThread "jar transforms Thread 6"           [_thread_blocked, id=61620, stack(0x00000072d9300000,0x00000072d9400000) (1024K)]
  0x00000190e1078550 JavaThread "jar transforms Thread 7"           [_thread_blocked, id=58304, stack(0x00000072d9400000,0x00000072d9500000) (1024K)]
  0x00000190e1079900 JavaThread "jar transforms Thread 8"           [_thread_blocked, id=53672, stack(0x00000072d9500000,0x00000072d9600000) (1024K)]
  0x00000190e10771a0 JavaThread "jar transforms Thread 9"           [_thread_blocked, id=62020, stack(0x00000072d9600000,0x00000072d9700000) (1024K)]
  0x00000190e1076480 JavaThread "jar transforms Thread 10"          [_thread_blocked, id=60728, stack(0x00000072d9700000,0x00000072d9800000) (1024K)]
  0x00000190e1076b10 JavaThread "jar transforms Thread 11"          [_thread_blocked, id=51632, stack(0x00000072d9800000,0x00000072d9900000) (1024K)]
  0x00000190e35a5790 JavaThread "jar transforms Thread 12"          [_thread_blocked, id=31480, stack(0x00000072d9900000,0x00000072d9a00000) (1024K)]
  0x00000190e35a3030 JavaThread "Unconstrained build operations"        [_thread_blocked, id=11784, stack(0x00000072d9a00000,0x00000072d9b00000) (1024K)]
  0x00000190e35a4a70 JavaThread "Unconstrained build operations Thread 2"        [_thread_in_Java, id=50720, stack(0x00000072d9b00000,0x00000072d9c00000) (1024K)]
Total: 48

Other Threads:
  0x00000190cd679400 VMThread "VM Thread"                           [id=53296, stack(0x00000072d6100000,0x00000072d6200000) (1024K)]
  0x00000190cd669ab0 WatcherThread "VM Periodic Task Thread"        [id=60360, stack(0x00000072d6000000,0x00000072d6100000) (1024K)]
  0x00000190b0477220 WorkerThread "GC Thread#0"                     [id=57564, stack(0x00000072d5b00000,0x00000072d5c00000) (1024K)]
  0x00000190dc677f20 WorkerThread "GC Thread#1"                     [id=41956, stack(0x00000072d6d00000,0x00000072d6e00000) (1024K)]
  0x00000190dc6be630 WorkerThread "GC Thread#2"                     [id=53032, stack(0x00000072d6e00000,0x00000072d6f00000) (1024K)]
  0x00000190dc71e5f0 WorkerThread "GC Thread#3"                     [id=39760, stack(0x00000072d6f00000,0x00000072d7000000) (1024K)]
  0x00000190dc71e9a0 WorkerThread "GC Thread#4"                     [id=33132, stack(0x00000072d7000000,0x00000072d7100000) (1024K)]
  0x00000190dc680550 WorkerThread "GC Thread#5"                     [id=19860, stack(0x00000072d7100000,0x00000072d7200000) (1024K)]
  0x00000190e37a5bc0 WorkerThread "GC Thread#6"                     [id=48720, stack(0x00000072d8100000,0x00000072d8200000) (1024K)]
  0x00000190e37a3e40 WorkerThread "GC Thread#7"                     [id=58276, stack(0x00000072d8200000,0x00000072d8300000) (1024K)]
  0x00000190e37a4950 WorkerThread "GC Thread#8"                     [id=54584, stack(0x00000072d8300000,0x00000072d8400000) (1024K)]
  0x00000190e37a2f80 WorkerThread "GC Thread#9"                     [id=56452, stack(0x00000072d8400000,0x00000072d8500000) (1024K)]
  0x00000190b0480120 ConcurrentGCThread "G1 Main Marker"            [id=45532, stack(0x00000072d5c00000,0x00000072d5d00000) (1024K)]
  0x00000190b0480b40 WorkerThread "G1 Conc#0"                       [id=51868, stack(0x00000072d5d00000,0x00000072d5e00000) (1024K)]
  0x00000190e37a3330 WorkerThread "G1 Conc#1"                       [id=47668, stack(0x00000072d8500000,0x00000072d8600000) (1024K)]
  0x00000190e37a4d00 WorkerThread "G1 Conc#2"                       [id=24624, stack(0x00000072d8600000,0x00000072d8700000) (1024K)]
  0x00000190cd5bbfb0 ConcurrentGCThread "G1 Refine#0"               [id=62668, stack(0x00000072d5e00000,0x00000072d5f00000) (1024K)]
  0x00000190cd5bc8e0 ConcurrentGCThread "G1 Service"                [id=51556, stack(0x00000072d5f00000,0x00000072d6000000) (1024K)]
Total: 18

Threads with active compile tasks:
C2 CompilerThread0    27625 8329       4       java.lang.invoke.MethodType::makeImpl (109 bytes)
Total: 1

VM state: not at safepoint (normal execution)

VM Mutex/Monitor currently owned by a thread: None

OutOfMemory and StackOverflow Exception counts:
OutOfMemoryError java_heap_errors=1
LinkageErrors=204

Heap address: 0x00000000c0000000, size: 1024 MB, Compressed Oops mode: 32-bit

CDS archive(s) mapped at: [0x00000190ce000000-0x00000190cec90000-0x00000190cec90000), size 13172736, SharedBaseAddress: 0x00000190ce000000, ArchiveRelocationMode: 1.
Compressed class space mapped at: 0x00000190cf000000-0x00000190dc000000, reserved size: 218103808
Narrow klass base: 0x00000190ce000000, Narrow klass shift: 0, Narrow klass range: 0x100000000

GC Precious Log:
 CardTable entry size: 512
 Card Set container configuration: InlinePtr #cards 5 size 8 Array Of Cards #cards 12 size 40 Howl #buckets 4 coarsen threshold 1843 Howl Bitmap #cards 512 size 80 coarsen threshold 460 Card regions per heap region 1 cards per card region 2048
 CPUs: 12 total, 12 available
 Memory: 16087M
 Large Page Support: Disabled
 NUMA Support: Disabled
 Compressed Oops: Enabled (32-bit)
 Heap Region Size: 1M
 Heap Min Capacity: 256M
 Heap Initial Capacity: 256M
 Heap Max Capacity: 1G
 Pre-touch: Disabled
 Parallel Workers: 10
 Concurrent Workers: 3
 Concurrent Refinement Workers: 10
 Periodic GC: Disabled

Heap:
 garbage-first heap   total 262144K, used 60409K [0x00000000c0000000, 0x0000000100000000)
  region size 1024K, 30 young (30720K), 20 survivors (20480K)
 Metaspace       used 58868K, committed 60608K, reserved 278528K
  class space    used 8223K, committed 9088K, reserved 212992K

Heap Regions: E=young(eden), S=young(survivor), O=old, HS=humongous(starts), HC=humongous(continues), CS=collection set, F=free, TAMS=top-at-mark-start, PB=parsable bottom
|   0|0x00000000c0000000, 0x00000000c0100000, 0x00000000c0100000|100%|HS|  |TAMS 0x00000000c0000000| PB 0x00000000c0000000| Complete 
|   1|0x00000000c0100000, 0x00000000c0200000, 0x00000000c0200000|100%|HC|  |TAMS 0x00000000c0100000| PB 0x00000000c0100000| Complete 
|   2|0x00000000c0200000, 0x00000000c0300000, 0x00000000c0300000|100%|HC|  |TAMS 0x00000000c0200000| PB 0x00000000c0200000| Complete 
|   3|0x00000000c0300000, 0x00000000c0400000, 0x00000000c0400000|100%| O|  |TAMS 0x00000000c0300000| PB 0x00000000c0300000| Untracked 
|   4|0x00000000c0400000, 0x00000000c0500000, 0x00000000c0500000|100%| O|  |TAMS 0x00000000c0400000| PB 0x00000000c0400000| Untracked 
|   5|0x00000000c0500000, 0x00000000c0600000, 0x00000000c0600000|100%| O|  |TAMS 0x00000000c0500000| PB 0x00000000c0500000| Untracked 
|   6|0x00000000c0600000, 0x00000000c0700000, 0x00000000c0700000|100%|HS|  |TAMS 0x00000000c0600000| PB 0x00000000c0600000| Complete 
|   7|0x00000000c0700000, 0x00000000c0800000, 0x00000000c0800000|100%| O|  |TAMS 0x00000000c0700000| PB 0x00000000c0700000| Untracked 
|   8|0x00000000c0800000, 0x00000000c0900000, 0x00000000c0900000|100%| O|  |TAMS 0x00000000c0800000| PB 0x00000000c0800000| Untracked 
|   9|0x00000000c0900000, 0x00000000c0a00000, 0x00000000c0a00000|100%| O|  |TAMS 0x00000000c0900000| PB 0x00000000c0900000| Untracked 
|  10|0x00000000c0a00000, 0x00000000c0a00000, 0x00000000c0b00000|  0%| F|  |TAMS 0x00000000c0a00000| PB 0x00000000c0a00000| Untracked 
|  11|0x00000000c0b00000, 0x00000000c0c00000, 0x00000000c0c00000|100%| O|  |TAMS 0x00000000c0b00000| PB 0x00000000c0b00000| Untracked 
|  12|0x00000000c0c00000, 0x00000000c0d00000, 0x00000000c0d00000|100%| O|  |TAMS 0x00000000c0c00000| PB 0x00000000c0c00000| Untracked 
|  13|0x00000000c0d00000, 0x00000000c0e00000, 0x00000000c0e00000|100%| O|  |TAMS 0x00000000c0d00000| PB 0x00000000c0d00000| Untracked 
|  14|0x00000000c0e00000, 0x00000000c0f00000, 0x00000000c0f00000|100%| O|  |TAMS 0x00000000c0e00000| PB 0x00000000c0e00000| Untracked 
|  15|0x00000000c0f00000, 0x00000000c1000000, 0x00000000c1000000|100%| O|  |TAMS 0x00000000c0f00000| PB 0x00000000c0f00000| Untracked 
|  16|0x00000000c1000000, 0x00000000c1100000, 0x00000000c1100000|100%| O|  |TAMS 0x00000000c1000000| PB 0x00000000c1000000| Untracked 
|  17|0x00000000c1100000, 0x00000000c1200000, 0x00000000c1200000|100%| O|  |TAMS 0x00000000c1100000| PB 0x00000000c1100000| Untracked 
|  18|0x00000000c1200000, 0x00000000c1300000, 0x00000000c1300000|100%| O|  |TAMS 0x00000000c1200000| PB 0x00000000c1200000| Untracked 
|  19|0x00000000c1300000, 0x00000000c1400000, 0x00000000c1400000|100%| O|  |TAMS 0x00000000c1300000| PB 0x00000000c1300000| Untracked 
|  20|0x00000000c1400000, 0x00000000c1500000, 0x00000000c1500000|100%| O|  |TAMS 0x00000000c1400000| PB 0x00000000c1400000| Untracked 
|  21|0x00000000c1500000, 0x00000000c1600000, 0x00000000c1600000|100%| O|  |TAMS 0x00000000c1500000| PB 0x00000000c1500000| Untracked 
|  22|0x00000000c1600000, 0x00000000c1600000, 0x00000000c1700000|  0%| F|  |TAMS 0x00000000c1600000| PB 0x00000000c1600000| Untracked 
|  23|0x00000000c1700000, 0x00000000c1800000, 0x00000000c1800000|100%| O|  |TAMS 0x00000000c1700000| PB 0x00000000c1700000| Untracked 
|  24|0x00000000c1800000, 0x00000000c1900000, 0x00000000c1900000|100%| O|  |TAMS 0x00000000c1800000| PB 0x00000000c1800000| Untracked 
|  25|0x00000000c1900000, 0x00000000c1900000, 0x00000000c1a00000|  0%| F|  |TAMS 0x00000000c1900000| PB 0x00000000c1900000| Untracked 
|  26|0x00000000c1a00000, 0x00000000c1a00000, 0x00000000c1b00000|  0%| F|  |TAMS 0x00000000c1a00000| PB 0x00000000c1a00000| Untracked 
|  27|0x00000000c1b00000, 0x00000000c1b00000, 0x00000000c1c00000|  0%| F|  |TAMS 0x00000000c1b00000| PB 0x00000000c1b00000| Untracked 
|  28|0x00000000c1c00000, 0x00000000c1c00000, 0x00000000c1d00000|  0%| F|  |TAMS 0x00000000c1c00000| PB 0x00000000c1c00000| Untracked 
|  29|0x00000000c1d00000, 0x00000000c1d00000, 0x00000000c1e00000|  0%| F|  |TAMS 0x00000000c1d00000| PB 0x00000000c1d00000| Untracked 
|  30|0x00000000c1e00000, 0x00000000c1e00000, 0x00000000c1f00000|  0%| F|  |TAMS 0x00000000c1e00000| PB 0x00000000c1e00000| Untracked 
|  31|0x00000000c1f00000, 0x00000000c2000000, 0x00000000c2000000|100%| O|  |TAMS 0x00000000c1f00000| PB 0x00000000c1f00000| Untracked 
|  32|0x00000000c2000000, 0x00000000c2100000, 0x00000000c2100000|100%| O|  |TAMS 0x00000000c2000000| PB 0x00000000c2000000| Untracked 
|  33|0x00000000c2100000, 0x00000000c2200000, 0x00000000c2200000|100%| O|  |TAMS 0x00000000c2100000| PB 0x00000000c2100000| Untracked 
|  34|0x00000000c2200000, 0x00000000c2300000, 0x00000000c2300000|100%| O|  |TAMS 0x00000000c2200000| PB 0x00000000c2200000| Untracked 
|  35|0x00000000c2300000, 0x00000000c2400000, 0x00000000c2400000|100%| O|  |TAMS 0x00000000c2300000| PB 0x00000000c2300000| Untracked 
|  36|0x00000000c2400000, 0x00000000c2500000, 0x00000000c2500000|100%| O|  |TAMS 0x00000000c2400000| PB 0x00000000c2400000| Untracked 
|  37|0x00000000c2500000, 0x00000000c25fe4d8, 0x00000000c2600000| 99%| O|  |TAMS 0x00000000c2500000| PB 0x00000000c2500000| Untracked 
|  38|0x00000000c2600000, 0x00000000c2600000, 0x00000000c2700000|  0%| F|  |TAMS 0x00000000c2600000| PB 0x00000000c2600000| Untracked 
|  39|0x00000000c2700000, 0x00000000c2700000, 0x00000000c2800000|  0%| F|  |TAMS 0x00000000c2700000| PB 0x00000000c2700000| Untracked 
|  40|0x00000000c2800000, 0x00000000c2800000, 0x00000000c2900000|  0%| F|  |TAMS 0x00000000c2800000| PB 0x00000000c2800000| Untracked 
|  41|0x00000000c2900000, 0x00000000c2900000, 0x00000000c2a00000|  0%| F|  |TAMS 0x00000000c2900000| PB 0x00000000c2900000| Untracked 
|  42|0x00000000c2a00000, 0x00000000c2a00000, 0x00000000c2b00000|  0%| F|  |TAMS 0x00000000c2a00000| PB 0x00000000c2a00000| Untracked 
|  43|0x00000000c2b00000, 0x00000000c2b00000, 0x00000000c2c00000|  0%| F|  |TAMS 0x00000000c2b00000| PB 0x00000000c2b00000| Untracked 
|  44|0x00000000c2c00000, 0x00000000c2c00000, 0x00000000c2d00000|  0%| F|  |TAMS 0x00000000c2c00000| PB 0x00000000c2c00000| Untracked 
|  45|0x00000000c2d00000, 0x00000000c2d00000, 0x00000000c2e00000|  0%| F|  |TAMS 0x00000000c2d00000| PB 0x00000000c2d00000| Untracked 
|  46|0x00000000c2e00000, 0x00000000c2e00000, 0x00000000c2f00000|  0%| F|  |TAMS 0x00000000c2e00000| PB 0x00000000c2e00000| Untracked 
|  47|0x00000000c2f00000, 0x00000000c2f00000, 0x00000000c3000000|  0%| F|  |TAMS 0x00000000c2f00000| PB 0x00000000c2f00000| Untracked 
|  48|0x00000000c3000000, 0x00000000c3000000, 0x00000000c3100000|  0%| F|  |TAMS 0x00000000c3000000| PB 0x00000000c3000000| Untracked 
|  49|0x00000000c3100000, 0x00000000c3100000, 0x00000000c3200000|  0%| F|  |TAMS 0x00000000c3100000| PB 0x00000000c3100000| Untracked 
|  50|0x00000000c3200000, 0x00000000c3200000, 0x00000000c3300000|  0%| F|  |TAMS 0x00000000c3200000| PB 0x00000000c3200000| Untracked 
|  51|0x00000000c3300000, 0x00000000c3300000, 0x00000000c3400000|  0%| F|  |TAMS 0x00000000c3300000| PB 0x00000000c3300000| Untracked 
|  52|0x00000000c3400000, 0x00000000c3400000, 0x00000000c3500000|  0%| F|  |TAMS 0x00000000c3400000| PB 0x00000000c3400000| Untracked 
|  53|0x00000000c3500000, 0x00000000c3500000, 0x00000000c3600000|  0%| F|  |TAMS 0x00000000c3500000| PB 0x00000000c3500000| Untracked 
|  54|0x00000000c3600000, 0x00000000c3600000, 0x00000000c3700000|  0%| F|  |TAMS 0x00000000c3600000| PB 0x00000000c3600000| Untracked 
|  55|0x00000000c3700000, 0x00000000c3700000, 0x00000000c3800000|  0%| F|  |TAMS 0x00000000c3700000| PB 0x00000000c3700000| Untracked 
|  56|0x00000000c3800000, 0x00000000c3800000, 0x00000000c3900000|  0%| F|  |TAMS 0x00000000c3800000| PB 0x00000000c3800000| Untracked 
|  57|0x00000000c3900000, 0x00000000c3900000, 0x00000000c3a00000|  0%| F|  |TAMS 0x00000000c3900000| PB 0x00000000c3900000| Untracked 
|  58|0x00000000c3a00000, 0x00000000c3a00000, 0x00000000c3b00000|  0%| F|  |TAMS 0x00000000c3a00000| PB 0x00000000c3a00000| Untracked 
|  59|0x00000000c3b00000, 0x00000000c3b00000, 0x00000000c3c00000|  0%| F|  |TAMS 0x00000000c3b00000| PB 0x00000000c3b00000| Untracked 
|  60|0x00000000c3c00000, 0x00000000c3c00000, 0x00000000c3d00000|  0%| F|  |TAMS 0x00000000c3c00000| PB 0x00000000c3c00000| Untracked 
|  61|0x00000000c3d00000, 0x00000000c3d00000, 0x00000000c3e00000|  0%| F|  |TAMS 0x00000000c3d00000| PB 0x00000000c3d00000| Untracked 
|  62|0x00000000c3e00000, 0x00000000c3e00000, 0x00000000c3f00000|  0%| F|  |TAMS 0x00000000c3e00000| PB 0x00000000c3e00000| Untracked 
|  63|0x00000000c3f00000, 0x00000000c3f00000, 0x00000000c4000000|  0%| F|  |TAMS 0x00000000c3f00000| PB 0x00000000c3f00000| Untracked 
|  64|0x00000000c4000000, 0x00000000c4000000, 0x00000000c4100000|  0%| F|  |TAMS 0x00000000c4000000| PB 0x00000000c4000000| Untracked 
|  65|0x00000000c4100000, 0x00000000c4100000, 0x00000000c4200000|  0%| F|  |TAMS 0x00000000c4100000| PB 0x00000000c4100000| Untracked 
|  66|0x00000000c4200000, 0x00000000c4200000, 0x00000000c4300000|  0%| F|  |TAMS 0x00000000c4200000| PB 0x00000000c4200000| Untracked 
|  67|0x00000000c4300000, 0x00000000c4300000, 0x00000000c4400000|  0%| F|  |TAMS 0x00000000c4300000| PB 0x00000000c4300000| Untracked 
|  68|0x00000000c4400000, 0x00000000c4400000, 0x00000000c4500000|  0%| F|  |TAMS 0x00000000c4400000| PB 0x00000000c4400000| Untracked 
|  69|0x00000000c4500000, 0x00000000c4500000, 0x00000000c4600000|  0%| F|  |TAMS 0x00000000c4500000| PB 0x00000000c4500000| Untracked 
|  70|0x00000000c4600000, 0x00000000c4600000, 0x00000000c4700000|  0%| F|  |TAMS 0x00000000c4600000| PB 0x00000000c4600000| Untracked 
|  71|0x00000000c4700000, 0x00000000c4700000, 0x00000000c4800000|  0%| F|  |TAMS 0x00000000c4700000| PB 0x00000000c4700000| Untracked 
|  72|0x00000000c4800000, 0x00000000c4800000, 0x00000000c4900000|  0%| F|  |TAMS 0x00000000c4800000| PB 0x00000000c4800000| Untracked 
|  73|0x00000000c4900000, 0x00000000c4900000, 0x00000000c4a00000|  0%| F|  |TAMS 0x00000000c4900000| PB 0x00000000c4900000| Untracked 
|  74|0x00000000c4a00000, 0x00000000c4a00000, 0x00000000c4b00000|  0%| F|  |TAMS 0x00000000c4a00000| PB 0x00000000c4a00000| Untracked 
|  75|0x00000000c4b00000, 0x00000000c4b00000, 0x00000000c4c00000|  0%| F|  |TAMS 0x00000000c4b00000| PB 0x00000000c4b00000| Untracked 
|  76|0x00000000c4c00000, 0x00000000c4c00000, 0x00000000c4d00000|  0%| F|  |TAMS 0x00000000c4c00000| PB 0x00000000c4c00000| Untracked 
|  77|0x00000000c4d00000, 0x00000000c4d00000, 0x00000000c4e00000|  0%| F|  |TAMS 0x00000000c4d00000| PB 0x00000000c4d00000| Untracked 
|  78|0x00000000c4e00000, 0x00000000c4e00000, 0x00000000c4f00000|  0%| F|  |TAMS 0x00000000c4e00000| PB 0x00000000c4e00000| Untracked 
|  79|0x00000000c4f00000, 0x00000000c4f00000, 0x00000000c5000000|  0%| F|  |TAMS 0x00000000c4f00000| PB 0x00000000c4f00000| Untracked 
|  80|0x00000000c5000000, 0x00000000c5000000, 0x00000000c5100000|  0%| F|  |TAMS 0x00000000c5000000| PB 0x00000000c5000000| Untracked 
|  81|0x00000000c5100000, 0x00000000c5100000, 0x00000000c5200000|  0%| F|  |TAMS 0x00000000c5100000| PB 0x00000000c5100000| Untracked 
|  82|0x00000000c5200000, 0x00000000c5200000, 0x00000000c5300000|  0%| F|  |TAMS 0x00000000c5200000| PB 0x00000000c5200000| Untracked 
|  83|0x00000000c5300000, 0x00000000c5400000, 0x00000000c5400000|100%| S|CS|TAMS 0x00000000c5300000| PB 0x00000000c5300000| Complete 
|  84|0x00000000c5400000, 0x00000000c5500000, 0x00000000c5500000|100%| S|CS|TAMS 0x00000000c5400000| PB 0x00000000c5400000| Complete 
|  85|0x00000000c5500000, 0x00000000c5500000, 0x00000000c5600000|  0%| F|  |TAMS 0x00000000c5500000| PB 0x00000000c5500000| Untracked 
|  86|0x00000000c5600000, 0x00000000c5600000, 0x00000000c5700000|  0%| F|  |TAMS 0x00000000c5600000| PB 0x00000000c5600000| Untracked 
|  87|0x00000000c5700000, 0x00000000c5700000, 0x00000000c5800000|  0%| F|  |TAMS 0x00000000c5700000| PB 0x00000000c5700000| Untracked 
|  88|0x00000000c5800000, 0x00000000c5800000, 0x00000000c5900000|  0%| F|  |TAMS 0x00000000c5800000| PB 0x00000000c5800000| Untracked 
|  89|0x00000000c5900000, 0x00000000c5900000, 0x00000000c5a00000|  0%| F|  |TAMS 0x00000000c5900000| PB 0x00000000c5900000| Untracked 
|  90|0x00000000c5a00000, 0x00000000c5a00000, 0x00000000c5b00000|  0%| F|  |TAMS 0x00000000c5a00000| PB 0x00000000c5a00000| Untracked 
|  91|0x00000000c5b00000, 0x00000000c5b00000, 0x00000000c5c00000|  0%| F|  |TAMS 0x00000000c5b00000| PB 0x00000000c5b00000| Untracked 
|  92|0x00000000c5c00000, 0x00000000c5c00000, 0x00000000c5d00000|  0%| F|  |TAMS 0x00000000c5c00000| PB 0x00000000c5c00000| Untracked 
|  93|0x00000000c5d00000, 0x00000000c5d00000, 0x00000000c5e00000|  0%| F|  |TAMS 0x00000000c5d00000| PB 0x00000000c5d00000| Untracked 
|  94|0x00000000c5e00000, 0x00000000c5e00000, 0x00000000c5f00000|  0%| F|  |TAMS 0x00000000c5e00000| PB 0x00000000c5e00000| Untracked 
|  95|0x00000000c5f00000, 0x00000000c5f00000, 0x00000000c6000000|  0%| F|  |TAMS 0x00000000c5f00000| PB 0x00000000c5f00000| Untracked 
|  96|0x00000000c6000000, 0x00000000c6000000, 0x00000000c6100000|  0%| F|  |TAMS 0x00000000c6000000| PB 0x00000000c6000000| Untracked 
|  97|0x00000000c6100000, 0x00000000c6100000, 0x00000000c6200000|  0%| F|  |TAMS 0x00000000c6100000| PB 0x00000000c6100000| Untracked 
|  98|0x00000000c6200000, 0x00000000c6200000, 0x00000000c6300000|  0%| F|  |TAMS 0x00000000c6200000| PB 0x00000000c6200000| Untracked 
|  99|0x00000000c6300000, 0x00000000c6300000, 0x00000000c6400000|  0%| F|  |TAMS 0x00000000c6300000| PB 0x00000000c6300000| Untracked 
| 100|0x00000000c6400000, 0x00000000c6400000, 0x00000000c6500000|  0%| F|  |TAMS 0x00000000c6400000| PB 0x00000000c6400000| Untracked 
| 101|0x00000000c6500000, 0x00000000c6500000, 0x00000000c6600000|  0%| F|  |TAMS 0x00000000c6500000| PB 0x00000000c6500000| Untracked 
| 102|0x00000000c6600000, 0x00000000c6600000, 0x00000000c6700000|  0%| F|  |TAMS 0x00000000c6600000| PB 0x00000000c6600000| Untracked 
| 103|0x00000000c6700000, 0x00000000c6800000, 0x00000000c6800000|100%| S|CS|TAMS 0x00000000c6700000| PB 0x00000000c6700000| Complete 
| 104|0x00000000c6800000, 0x00000000c6900000, 0x00000000c6900000|100%| S|CS|TAMS 0x00000000c6800000| PB 0x00000000c6800000| Complete 
| 105|0x00000000c6900000, 0x00000000c6a00000, 0x00000000c6a00000|100%| S|CS|TAMS 0x00000000c6900000| PB 0x00000000c6900000| Complete 
| 106|0x00000000c6a00000, 0x00000000c6b00000, 0x00000000c6b00000|100%| S|CS|TAMS 0x00000000c6a00000| PB 0x00000000c6a00000| Complete 
| 107|0x00000000c6b00000, 0x00000000c6c00000, 0x00000000c6c00000|100%| S|CS|TAMS 0x00000000c6b00000| PB 0x00000000c6b00000| Complete 
| 108|0x00000000c6c00000, 0x00000000c6d00000, 0x00000000c6d00000|100%| S|CS|TAMS 0x00000000c6c00000| PB 0x00000000c6c00000| Complete 
| 109|0x00000000c6d00000, 0x00000000c6e00000, 0x00000000c6e00000|100%| S|CS|TAMS 0x00000000c6d00000| PB 0x00000000c6d00000| Complete 
| 110|0x00000000c6e00000, 0x00000000c6f00000, 0x00000000c6f00000|100%| S|CS|TAMS 0x00000000c6e00000| PB 0x00000000c6e00000| Complete 
| 111|0x00000000c6f00000, 0x00000000c7000000, 0x00000000c7000000|100%| S|CS|TAMS 0x00000000c6f00000| PB 0x00000000c6f00000| Complete 
| 112|0x00000000c7000000, 0x00000000c7100000, 0x00000000c7100000|100%| S|CS|TAMS 0x00000000c7000000| PB 0x00000000c7000000| Complete 
| 113|0x00000000c7100000, 0x00000000c7200000, 0x00000000c7200000|100%| S|CS|TAMS 0x00000000c7100000| PB 0x00000000c7100000| Complete 
| 114|0x00000000c7200000, 0x00000000c7300000, 0x00000000c7300000|100%| S|CS|TAMS 0x00000000c7200000| PB 0x00000000c7200000| Complete 
| 115|0x00000000c7300000, 0x00000000c7400000, 0x00000000c7400000|100%| S|CS|TAMS 0x00000000c7300000| PB 0x00000000c7300000| Complete 
| 116|0x00000000c7400000, 0x00000000c7500000, 0x00000000c7500000|100%| S|CS|TAMS 0x00000000c7400000| PB 0x00000000c7400000| Complete 
| 117|0x00000000c7500000, 0x00000000c7600000, 0x00000000c7600000|100%| S|CS|TAMS 0x00000000c7500000| PB 0x00000000c7500000| Complete 
| 118|0x00000000c7600000, 0x00000000c7700000, 0x00000000c7700000|100%| S|CS|TAMS 0x00000000c7600000| PB 0x00000000c7600000| Complete 
| 119|0x00000000c7700000, 0x00000000c7800000, 0x00000000c7800000|100%| S|CS|TAMS 0x00000000c7700000| PB 0x00000000c7700000| Complete 
| 120|0x00000000c7800000, 0x00000000c7900000, 0x00000000c7900000|100%| S|CS|TAMS 0x00000000c7800000| PB 0x00000000c7800000| Complete 
| 121|0x00000000c7900000, 0x00000000c7900000, 0x00000000c7a00000|  0%| F|  |TAMS 0x00000000c7900000| PB 0x00000000c7900000| Untracked 
| 122|0x00000000c7a00000, 0x00000000c7a00000, 0x00000000c7b00000|  0%| F|  |TAMS 0x00000000c7a00000| PB 0x00000000c7a00000| Untracked 
| 123|0x00000000c7b00000, 0x00000000c7b00000, 0x00000000c7c00000|  0%| F|  |TAMS 0x00000000c7b00000| PB 0x00000000c7b00000| Untracked 
| 124|0x00000000c7c00000, 0x00000000c7c00000, 0x00000000c7d00000|  0%| F|  |TAMS 0x00000000c7c00000| PB 0x00000000c7c00000| Untracked 
| 125|0x00000000c7d00000, 0x00000000c7d00000, 0x00000000c7e00000|  0%| F|  |TAMS 0x00000000c7d00000| PB 0x00000000c7d00000| Untracked 
| 126|0x00000000c7e00000, 0x00000000c7e00000, 0x00000000c7f00000|  0%| F|  |TAMS 0x00000000c7e00000| PB 0x00000000c7e00000| Untracked 
| 127|0x00000000c7f00000, 0x00000000c7f00000, 0x00000000c8000000|  0%| F|  |TAMS 0x00000000c7f00000| PB 0x00000000c7f00000| Untracked 
| 128|0x00000000c8000000, 0x00000000c8000000, 0x00000000c8100000|  0%| F|  |TAMS 0x00000000c8000000| PB 0x00000000c8000000| Untracked 
| 129|0x00000000c8100000, 0x00000000c8100000, 0x00000000c8200000|  0%| F|  |TAMS 0x00000000c8100000| PB 0x00000000c8100000| Untracked 
| 130|0x00000000c8200000, 0x00000000c8200000, 0x00000000c8300000|  0%| F|  |TAMS 0x00000000c8200000| PB 0x00000000c8200000| Untracked 
| 131|0x00000000c8300000, 0x00000000c8300000, 0x00000000c8400000|  0%| F|  |TAMS 0x00000000c8300000| PB 0x00000000c8300000| Untracked 
| 132|0x00000000c8400000, 0x00000000c8400000, 0x00000000c8500000|  0%| F|  |TAMS 0x00000000c8400000| PB 0x00000000c8400000| Untracked 
| 133|0x00000000c8500000, 0x00000000c8500000, 0x00000000c8600000|  0%| F|  |TAMS 0x00000000c8500000| PB 0x00000000c8500000| Untracked 
| 134|0x00000000c8600000, 0x00000000c8600000, 0x00000000c8700000|  0%| F|  |TAMS 0x00000000c8600000| PB 0x00000000c8600000| Untracked 
| 135|0x00000000c8700000, 0x00000000c8700000, 0x00000000c8800000|  0%| F|  |TAMS 0x00000000c8700000| PB 0x00000000c8700000| Untracked 
| 136|0x00000000c8800000, 0x00000000c8800000, 0x00000000c8900000|  0%| F|  |TAMS 0x00000000c8800000| PB 0x00000000c8800000| Untracked 
| 137|0x00000000c8900000, 0x00000000c8900000, 0x00000000c8a00000|  0%| F|  |TAMS 0x00000000c8900000| PB 0x00000000c8900000| Untracked 
| 138|0x00000000c8a00000, 0x00000000c8a00000, 0x00000000c8b00000|  0%| F|  |TAMS 0x00000000c8a00000| PB 0x00000000c8a00000| Untracked 
| 139|0x00000000c8b00000, 0x00000000c8b00000, 0x00000000c8c00000|  0%| F|  |TAMS 0x00000000c8b00000| PB 0x00000000c8b00000| Untracked 
| 140|0x00000000c8c00000, 0x00000000c8c00000, 0x00000000c8d00000|  0%| F|  |TAMS 0x00000000c8c00000| PB 0x00000000c8c00000| Untracked 
| 141|0x00000000c8d00000, 0x00000000c8d00000, 0x00000000c8e00000|  0%| F|  |TAMS 0x00000000c8d00000| PB 0x00000000c8d00000| Untracked 
| 142|0x00000000c8e00000, 0x00000000c8e00000, 0x00000000c8f00000|  0%| F|  |TAMS 0x00000000c8e00000| PB 0x00000000c8e00000| Untracked 
| 143|0x00000000c8f00000, 0x00000000c8f00000, 0x00000000c9000000|  0%| F|  |TAMS 0x00000000c8f00000| PB 0x00000000c8f00000| Untracked 
| 144|0x00000000c9000000, 0x00000000c9000000, 0x00000000c9100000|  0%| F|  |TAMS 0x00000000c9000000| PB 0x00000000c9000000| Untracked 
| 145|0x00000000c9100000, 0x00000000c9100000, 0x00000000c9200000|  0%| F|  |TAMS 0x00000000c9100000| PB 0x00000000c9100000| Untracked 
| 146|0x00000000c9200000, 0x00000000c9200000, 0x00000000c9300000|  0%| F|  |TAMS 0x00000000c9200000| PB 0x00000000c9200000| Untracked 
| 147|0x00000000c9300000, 0x00000000c9300000, 0x00000000c9400000|  0%| F|  |TAMS 0x00000000c9300000| PB 0x00000000c9300000| Untracked 
| 148|0x00000000c9400000, 0x00000000c9400000, 0x00000000c9500000|  0%| F|  |TAMS 0x00000000c9400000| PB 0x00000000c9400000| Untracked 
| 149|0x00000000c9500000, 0x00000000c9500000, 0x00000000c9600000|  0%| F|  |TAMS 0x00000000c9500000| PB 0x00000000c9500000| Untracked 
| 150|0x00000000c9600000, 0x00000000c9600000, 0x00000000c9700000|  0%| F|  |TAMS 0x00000000c9600000| PB 0x00000000c9600000| Untracked 
| 151|0x00000000c9700000, 0x00000000c9700000, 0x00000000c9800000|  0%| F|  |TAMS 0x00000000c9700000| PB 0x00000000c9700000| Untracked 
| 152|0x00000000c9800000, 0x00000000c9800000, 0x00000000c9900000|  0%| F|  |TAMS 0x00000000c9800000| PB 0x00000000c9800000| Untracked 
| 153|0x00000000c9900000, 0x00000000c9900000, 0x00000000c9a00000|  0%| F|  |TAMS 0x00000000c9900000| PB 0x00000000c9900000| Untracked 
| 154|0x00000000c9a00000, 0x00000000c9a00000, 0x00000000c9b00000|  0%| F|  |TAMS 0x00000000c9a00000| PB 0x00000000c9a00000| Untracked 
| 155|0x00000000c9b00000, 0x00000000c9b00000, 0x00000000c9c00000|  0%| F|  |TAMS 0x00000000c9b00000| PB 0x00000000c9b00000| Untracked 
| 156|0x00000000c9c00000, 0x00000000c9c00000, 0x00000000c9d00000|  0%| F|  |TAMS 0x00000000c9c00000| PB 0x00000000c9c00000| Untracked 
| 157|0x00000000c9d00000, 0x00000000c9d00000, 0x00000000c9e00000|  0%| F|  |TAMS 0x00000000c9d00000| PB 0x00000000c9d00000| Untracked 
| 158|0x00000000c9e00000, 0x00000000c9e00000, 0x00000000c9f00000|  0%| F|  |TAMS 0x00000000c9e00000| PB 0x00000000c9e00000| Untracked 
| 159|0x00000000c9f00000, 0x00000000c9f00000, 0x00000000ca000000|  0%| F|  |TAMS 0x00000000c9f00000| PB 0x00000000c9f00000| Untracked 
| 160|0x00000000ca000000, 0x00000000ca000000, 0x00000000ca100000|  0%| F|  |TAMS 0x00000000ca000000| PB 0x00000000ca000000| Untracked 
| 161|0x00000000ca100000, 0x00000000ca100000, 0x00000000ca200000|  0%| F|  |TAMS 0x00000000ca100000| PB 0x00000000ca100000| Untracked 
| 162|0x00000000ca200000, 0x00000000ca200000, 0x00000000ca300000|  0%| F|  |TAMS 0x00000000ca200000| PB 0x00000000ca200000| Untracked 
| 163|0x00000000ca300000, 0x00000000ca300000, 0x00000000ca400000|  0%| F|  |TAMS 0x00000000ca300000| PB 0x00000000ca300000| Untracked 
| 164|0x00000000ca400000, 0x00000000ca400000, 0x00000000ca500000|  0%| F|  |TAMS 0x00000000ca400000| PB 0x00000000ca400000| Untracked 
| 165|0x00000000ca500000, 0x00000000ca500000, 0x00000000ca600000|  0%| F|  |TAMS 0x00000000ca500000| PB 0x00000000ca500000| Untracked 
| 166|0x00000000ca600000, 0x00000000ca600000, 0x00000000ca700000|  0%| F|  |TAMS 0x00000000ca600000| PB 0x00000000ca600000| Untracked 
| 167|0x00000000ca700000, 0x00000000ca700000, 0x00000000ca800000|  0%| F|  |TAMS 0x00000000ca700000| PB 0x00000000ca700000| Untracked 
| 168|0x00000000ca800000, 0x00000000ca800000, 0x00000000ca900000|  0%| F|  |TAMS 0x00000000ca800000| PB 0x00000000ca800000| Untracked 
| 169|0x00000000ca900000, 0x00000000ca900000, 0x00000000caa00000|  0%| F|  |TAMS 0x00000000ca900000| PB 0x00000000ca900000| Untracked 
| 170|0x00000000caa00000, 0x00000000caa00000, 0x00000000cab00000|  0%| F|  |TAMS 0x00000000caa00000| PB 0x00000000caa00000| Untracked 
| 171|0x00000000cab00000, 0x00000000cab00000, 0x00000000cac00000|  0%| F|  |TAMS 0x00000000cab00000| PB 0x00000000cab00000| Untracked 
| 172|0x00000000cac00000, 0x00000000cac00000, 0x00000000cad00000|  0%| F|  |TAMS 0x00000000cac00000| PB 0x00000000cac00000| Untracked 
| 173|0x00000000cad00000, 0x00000000cad00000, 0x00000000cae00000|  0%| F|  |TAMS 0x00000000cad00000| PB 0x00000000cad00000| Untracked 
| 174|0x00000000cae00000, 0x00000000cae00000, 0x00000000caf00000|  0%| F|  |TAMS 0x00000000cae00000| PB 0x00000000cae00000| Untracked 
| 175|0x00000000caf00000, 0x00000000caf00000, 0x00000000cb000000|  0%| F|  |TAMS 0x00000000caf00000| PB 0x00000000caf00000| Untracked 
| 176|0x00000000cb000000, 0x00000000cb000000, 0x00000000cb100000|  0%| F|  |TAMS 0x00000000cb000000| PB 0x00000000cb000000| Untracked 
| 177|0x00000000cb100000, 0x00000000cb100000, 0x00000000cb200000|  0%| F|  |TAMS 0x00000000cb100000| PB 0x00000000cb100000| Untracked 
| 178|0x00000000cb200000, 0x00000000cb200000, 0x00000000cb300000|  0%| F|  |TAMS 0x00000000cb200000| PB 0x00000000cb200000| Untracked 
| 179|0x00000000cb300000, 0x00000000cb300000, 0x00000000cb400000|  0%| F|  |TAMS 0x00000000cb300000| PB 0x00000000cb300000| Untracked 
| 180|0x00000000cb400000, 0x00000000cb400000, 0x00000000cb500000|  0%| F|  |TAMS 0x00000000cb400000| PB 0x00000000cb400000| Untracked 
| 181|0x00000000cb500000, 0x00000000cb500000, 0x00000000cb600000|  0%| F|  |TAMS 0x00000000cb500000| PB 0x00000000cb500000| Untracked 
| 182|0x00000000cb600000, 0x00000000cb600000, 0x00000000cb700000|  0%| F|  |TAMS 0x00000000cb600000| PB 0x00000000cb600000| Untracked 
| 183|0x00000000cb700000, 0x00000000cb700000, 0x00000000cb800000|  0%| F|  |TAMS 0x00000000cb700000| PB 0x00000000cb700000| Untracked 
| 184|0x00000000cb800000, 0x00000000cb800000, 0x00000000cb900000|  0%| F|  |TAMS 0x00000000cb800000| PB 0x00000000cb800000| Untracked 
| 185|0x00000000cb900000, 0x00000000cb900000, 0x00000000cba00000|  0%| F|  |TAMS 0x00000000cb900000| PB 0x00000000cb900000| Untracked 
| 186|0x00000000cba00000, 0x00000000cba00000, 0x00000000cbb00000|  0%| F|  |TAMS 0x00000000cba00000| PB 0x00000000cba00000| Untracked 
| 187|0x00000000cbb00000, 0x00000000cbb00000, 0x00000000cbc00000|  0%| F|  |TAMS 0x00000000cbb00000| PB 0x00000000cbb00000| Untracked 
| 188|0x00000000cbc00000, 0x00000000cbc00000, 0x00000000cbd00000|  0%| F|  |TAMS 0x00000000cbc00000| PB 0x00000000cbc00000| Untracked 
| 189|0x00000000cbd00000, 0x00000000cbd00000, 0x00000000cbe00000|  0%| F|  |TAMS 0x00000000cbd00000| PB 0x00000000cbd00000| Untracked 
| 190|0x00000000cbe00000, 0x00000000cbe00000, 0x00000000cbf00000|  0%| F|  |TAMS 0x00000000cbe00000| PB 0x00000000cbe00000| Untracked 
| 191|0x00000000cbf00000, 0x00000000cbf00000, 0x00000000cc000000|  0%| F|  |TAMS 0x00000000cbf00000| PB 0x00000000cbf00000| Untracked 
| 192|0x00000000cc000000, 0x00000000cc000000, 0x00000000cc100000|  0%| F|  |TAMS 0x00000000cc000000| PB 0x00000000cc000000| Untracked 
| 193|0x00000000cc100000, 0x00000000cc100000, 0x00000000cc200000|  0%| F|  |TAMS 0x00000000cc100000| PB 0x00000000cc100000| Untracked 
| 194|0x00000000cc200000, 0x00000000cc200000, 0x00000000cc300000|  0%| F|  |TAMS 0x00000000cc200000| PB 0x00000000cc200000| Untracked 
| 195|0x00000000cc300000, 0x00000000cc300000, 0x00000000cc400000|  0%| F|  |TAMS 0x00000000cc300000| PB 0x00000000cc300000| Untracked 
| 196|0x00000000cc400000, 0x00000000cc400000, 0x00000000cc500000|  0%| F|  |TAMS 0x00000000cc400000| PB 0x00000000cc400000| Untracked 
| 197|0x00000000cc500000, 0x00000000cc500000, 0x00000000cc600000|  0%| F|  |TAMS 0x00000000cc500000| PB 0x00000000cc500000| Untracked 
| 198|0x00000000cc600000, 0x00000000cc600000, 0x00000000cc700000|  0%| F|  |TAMS 0x00000000cc600000| PB 0x00000000cc600000| Untracked 
| 199|0x00000000cc700000, 0x00000000cc700000, 0x00000000cc800000|  0%| F|  |TAMS 0x00000000cc700000| PB 0x00000000cc700000| Untracked 
| 200|0x00000000cc800000, 0x00000000cc800000, 0x00000000cc900000|  0%| F|  |TAMS 0x00000000cc800000| PB 0x00000000cc800000| Untracked 
| 201|0x00000000cc900000, 0x00000000cc900000, 0x00000000cca00000|  0%| F|  |TAMS 0x00000000cc900000| PB 0x00000000cc900000| Untracked 
| 202|0x00000000cca00000, 0x00000000cca00000, 0x00000000ccb00000|  0%| F|  |TAMS 0x00000000cca00000| PB 0x00000000cca00000| Untracked 
| 203|0x00000000ccb00000, 0x00000000ccb00000, 0x00000000ccc00000|  0%| F|  |TAMS 0x00000000ccb00000| PB 0x00000000ccb00000| Untracked 
| 204|0x00000000ccc00000, 0x00000000ccc00000, 0x00000000ccd00000|  0%| F|  |TAMS 0x00000000ccc00000| PB 0x00000000ccc00000| Untracked 
| 205|0x00000000ccd00000, 0x00000000ccd00000, 0x00000000cce00000|  0%| F|  |TAMS 0x00000000ccd00000| PB 0x00000000ccd00000| Untracked 
| 206|0x00000000cce00000, 0x00000000cce00000, 0x00000000ccf00000|  0%| F|  |TAMS 0x00000000cce00000| PB 0x00000000cce00000| Untracked 
| 207|0x00000000ccf00000, 0x00000000ccf00000, 0x00000000cd000000|  0%| F|  |TAMS 0x00000000ccf00000| PB 0x00000000ccf00000| Untracked 
| 208|0x00000000cd000000, 0x00000000cd000000, 0x00000000cd100000|  0%| F|  |TAMS 0x00000000cd000000| PB 0x00000000cd000000| Untracked 
| 209|0x00000000cd100000, 0x00000000cd100000, 0x00000000cd200000|  0%| F|  |TAMS 0x00000000cd100000| PB 0x00000000cd100000| Untracked 
| 210|0x00000000cd200000, 0x00000000cd200000, 0x00000000cd300000|  0%| F|  |TAMS 0x00000000cd200000| PB 0x00000000cd200000| Untracked 
| 211|0x00000000cd300000, 0x00000000cd300000, 0x00000000cd400000|  0%| F|  |TAMS 0x00000000cd300000| PB 0x00000000cd300000| Untracked 
| 212|0x00000000cd400000, 0x00000000cd400000, 0x00000000cd500000|  0%| F|  |TAMS 0x00000000cd400000| PB 0x00000000cd400000| Untracked 
| 213|0x00000000cd500000, 0x00000000cd500000, 0x00000000cd600000|  0%| F|  |TAMS 0x00000000cd500000| PB 0x00000000cd500000| Untracked 
| 214|0x00000000cd600000, 0x00000000cd600000, 0x00000000cd700000|  0%| F|  |TAMS 0x00000000cd600000| PB 0x00000000cd600000| Untracked 
| 215|0x00000000cd700000, 0x00000000cd700000, 0x00000000cd800000|  0%| F|  |TAMS 0x00000000cd700000| PB 0x00000000cd700000| Untracked 
| 216|0x00000000cd800000, 0x00000000cd800000, 0x00000000cd900000|  0%| F|  |TAMS 0x00000000cd800000| PB 0x00000000cd800000| Untracked 
| 217|0x00000000cd900000, 0x00000000cd900000, 0x00000000cda00000|  0%| F|  |TAMS 0x00000000cd900000| PB 0x00000000cd900000| Untracked 
| 218|0x00000000cda00000, 0x00000000cda00000, 0x00000000cdb00000|  0%| F|  |TAMS 0x00000000cda00000| PB 0x00000000cda00000| Untracked 
| 219|0x00000000cdb00000, 0x00000000cdb00000, 0x00000000cdc00000|  0%| F|  |TAMS 0x00000000cdb00000| PB 0x00000000cdb00000| Untracked 
| 220|0x00000000cdc00000, 0x00000000cdc00000, 0x00000000cdd00000|  0%| F|  |TAMS 0x00000000cdc00000| PB 0x00000000cdc00000| Untracked 
| 221|0x00000000cdd00000, 0x00000000cdd00000, 0x00000000cde00000|  0%| F|  |TAMS 0x00000000cdd00000| PB 0x00000000cdd00000| Untracked 
| 222|0x00000000cde00000, 0x00000000cde00000, 0x00000000cdf00000|  0%| F|  |TAMS 0x00000000cde00000| PB 0x00000000cde00000| Untracked 
| 223|0x00000000cdf00000, 0x00000000cdf00000, 0x00000000ce000000|  0%| F|  |TAMS 0x00000000cdf00000| PB 0x00000000cdf00000| Untracked 
| 224|0x00000000ce000000, 0x00000000ce000000, 0x00000000ce100000|  0%| F|  |TAMS 0x00000000ce000000| PB 0x00000000ce000000| Untracked 
| 225|0x00000000ce100000, 0x00000000ce100000, 0x00000000ce200000|  0%| F|  |TAMS 0x00000000ce100000| PB 0x00000000ce100000| Untracked 
| 226|0x00000000ce200000, 0x00000000ce200000, 0x00000000ce300000|  0%| F|  |TAMS 0x00000000ce200000| PB 0x00000000ce200000| Untracked 
| 227|0x00000000ce300000, 0x00000000ce300000, 0x00000000ce400000|  0%| F|  |TAMS 0x00000000ce300000| PB 0x00000000ce300000| Untracked 
| 228|0x00000000ce400000, 0x00000000ce400000, 0x00000000ce500000|  0%| F|  |TAMS 0x00000000ce400000| PB 0x00000000ce400000| Untracked 
| 229|0x00000000ce500000, 0x00000000ce500000, 0x00000000ce600000|  0%| F|  |TAMS 0x00000000ce500000| PB 0x00000000ce500000| Untracked 
| 230|0x00000000ce600000, 0x00000000ce600000, 0x00000000ce700000|  0%| F|  |TAMS 0x00000000ce600000| PB 0x00000000ce600000| Untracked 
| 231|0x00000000ce700000, 0x00000000ce700000, 0x00000000ce800000|  0%| F|  |TAMS 0x00000000ce700000| PB 0x00000000ce700000| Untracked 
| 232|0x00000000ce800000, 0x00000000ce800000, 0x00000000ce900000|  0%| F|  |TAMS 0x00000000ce800000| PB 0x00000000ce800000| Untracked 
| 233|0x00000000ce900000, 0x00000000ce900000, 0x00000000cea00000|  0%| F|  |TAMS 0x00000000ce900000| PB 0x00000000ce900000| Untracked 
| 234|0x00000000cea00000, 0x00000000cea00000, 0x00000000ceb00000|  0%| F|  |TAMS 0x00000000cea00000| PB 0x00000000cea00000| Untracked 
| 235|0x00000000ceb00000, 0x00000000ceb00000, 0x00000000cec00000|  0%| F|  |TAMS 0x00000000ceb00000| PB 0x00000000ceb00000| Untracked 
| 236|0x00000000cec00000, 0x00000000cec00000, 0x00000000ced00000|  0%| F|  |TAMS 0x00000000cec00000| PB 0x00000000cec00000| Untracked 
| 237|0x00000000ced00000, 0x00000000ced00000, 0x00000000cee00000|  0%| F|  |TAMS 0x00000000ced00000| PB 0x00000000ced00000| Untracked 
| 238|0x00000000cee00000, 0x00000000cee00000, 0x00000000cef00000|  0%| F|  |TAMS 0x00000000cee00000| PB 0x00000000cee00000| Untracked 
| 239|0x00000000cef00000, 0x00000000cef00000, 0x00000000cf000000|  0%| F|  |TAMS 0x00000000cef00000| PB 0x00000000cef00000| Untracked 
| 240|0x00000000cf000000, 0x00000000cf000000, 0x00000000cf100000|  0%| F|  |TAMS 0x00000000cf000000| PB 0x00000000cf000000| Untracked 
| 241|0x00000000cf100000, 0x00000000cf100000, 0x00000000cf200000|  0%| F|  |TAMS 0x00000000cf100000| PB 0x00000000cf100000| Untracked 
| 242|0x00000000cf200000, 0x00000000cf200000, 0x00000000cf300000|  0%| F|  |TAMS 0x00000000cf200000| PB 0x00000000cf200000| Untracked 
| 243|0x00000000cf300000, 0x00000000cf300000, 0x00000000cf400000|  0%| F|  |TAMS 0x00000000cf300000| PB 0x00000000cf300000| Untracked 
| 244|0x00000000cf400000, 0x00000000cf400000, 0x00000000cf500000|  0%| F|  |TAMS 0x00000000cf400000| PB 0x00000000cf400000| Untracked 
| 245|0x00000000cf500000, 0x00000000cf54b208, 0x00000000cf600000| 29%| E|  |TAMS 0x00000000cf500000| PB 0x00000000cf500000| Complete 
| 246|0x00000000cf600000, 0x00000000cf700000, 0x00000000cf700000|100%| E|CS|TAMS 0x00000000cf600000| PB 0x00000000cf600000| Complete 
| 247|0x00000000cf700000, 0x00000000cf800000, 0x00000000cf800000|100%| E|CS|TAMS 0x00000000cf700000| PB 0x00000000cf700000| Complete 
| 248|0x00000000cf800000, 0x00000000cf900000, 0x00000000cf900000|100%| E|CS|TAMS 0x00000000cf800000| PB 0x00000000cf800000| Complete 
| 249|0x00000000cf900000, 0x00000000cfa00000, 0x00000000cfa00000|100%| E|CS|TAMS 0x00000000cf900000| PB 0x00000000cf900000| Complete 
| 250|0x00000000cfa00000, 0x00000000cfb00000, 0x00000000cfb00000|100%| E|CS|TAMS 0x00000000cfa00000| PB 0x00000000cfa00000| Complete 
| 251|0x00000000cfb00000, 0x00000000cfc00000, 0x00000000cfc00000|100%| E|CS|TAMS 0x00000000cfb00000| PB 0x00000000cfb00000| Complete 
| 252|0x00000000cfc00000, 0x00000000cfd00000, 0x00000000cfd00000|100%| E|CS|TAMS 0x00000000cfc00000| PB 0x00000000cfc00000| Complete 
| 253|0x00000000cfd00000, 0x00000000cfe00000, 0x00000000cfe00000|100%| E|CS|TAMS 0x00000000cfd00000| PB 0x00000000cfd00000| Complete 
| 254|0x00000000cfe00000, 0x00000000cff00000, 0x00000000cff00000|100%| E|CS|TAMS 0x00000000cfe00000| PB 0x00000000cfe00000| Complete 
| 255|0x00000000cff00000, 0x00000000d0000000, 0x00000000d0000000|100%| E|CS|TAMS 0x00000000cff00000| PB 0x00000000cff00000| Complete 

Card table byte_map: [0x00000190c9d60000,0x00000190c9f60000] _byte_map_base: 0x00000190c9760000

Marking Bits: (CMBitMap*) 0x00000190b0477840
 Bits: [0x00000190c9f60000, 0x00000190caf60000)

Polling page: 0x00000190b00f0000

Metaspace:

Usage:
  Non-class:     49.46 MB used.
      Class:      8.03 MB used.
       Both:     57.50 MB used.

Virtual space:
  Non-class space:       64.00 MB reserved,      50.31 MB ( 79%) committed,  1 nodes.
      Class space:      208.00 MB reserved,       8.88 MB (  4%) committed,  1 nodes.
             Both:      272.00 MB reserved,      59.19 MB ( 22%) committed. 

Chunk freelists:
   Non-Class:  13.56 MB
       Class:  7.16 MB
        Both:  20.72 MB

MaxMetaspaceSize: 256.00 MB
CompressedClassSpaceSize: 208.00 MB
Initial GC threshold: 21.00 MB
Current GC threshold: 59.69 MB
CDS: on
 - commit_granule_bytes: 65536.
 - commit_granule_words: 8192.
 - virtual_space_node_default_size: 8388608.
 - enlarge_chunks_in_place: 1.
 - use_allocation_guard: 0.


Internal statistics:

num_allocs_failed_limit: 12.
num_arena_births: 3098.
num_arena_deaths: 0.
num_vsnodes_births: 2.
num_vsnodes_deaths: 0.
num_space_committed: 947.
num_space_uncommitted: 0.
num_chunks_returned_to_freelist: 12.
num_chunks_taken_from_freelist: 5820.
num_chunk_merges: 3.
num_chunk_splits: 3737.
num_chunks_enlarged: 2295.
num_inconsistent_stats: 0.

CodeHeap 'non-profiled nmethods': size=120000Kb used=4515Kb max_used=4515Kb free=115484Kb
 bounds [0x00000190c19a0000, 0x00000190c1e10000, 0x00000190c8ed0000]
CodeHeap 'profiled nmethods': size=120000Kb used=15958Kb max_used=15958Kb free=104041Kb
 bounds [0x00000190b9ed0000, 0x00000190bae70000, 0x00000190c1400000]
CodeHeap 'non-nmethods': size=5760Kb used=2776Kb max_used=2794Kb free=2983Kb
 bounds [0x00000190c1400000, 0x00000190c16d0000, 0x00000190c19a0000]
 total_blobs=9091 nmethods=8193 adapters=801
 compilation: enabled
              stopped_count=0, restarted_count=0
 full_count=0

Compilation events (20 events):
Event: 26.579 Thread 0x00000190cd6a7c20 8653       3       java.io.FileInputStream$1::close (11 bytes)
Event: 26.579 Thread 0x00000190cd6a7c20 nmethod 8653 0x00000190bae48e90 code [0x00000190bae49080, 0x00000190bae495b0]
Event: 26.580 Thread 0x00000190cd6a7c20 8654       3       org.gradle.internal.snapshot.LargeChildMap::withNode (45 bytes)
Event: 26.581 Thread 0x00000190cd6a7c20 nmethod 8654 0x00000190bae49790 code [0x00000190bae49aa0, 0x00000190bae4ad30]
Event: 26.581 Thread 0x00000190cd6a7c20 8655       3       org.gradle.internal.operations.DefaultBuildOperationRunner::getCurrentBuildOperation (11 bytes)
Event: 26.582 Thread 0x00000190cd6a7c20 nmethod 8655 0x00000190bae4b390 code [0x00000190bae4b560, 0x00000190bae4b9b0]
Event: 26.582 Thread 0x00000190cd6a7c20 8656   !   3       java.util.concurrent.ArrayBlockingQueue::poll (83 bytes)
Event: 26.582 Thread 0x00000190cd6a7c20 nmethod 8656 0x00000190bae4bb10 code [0x00000190bae4be00, 0x00000190bae4cee0]
Event: 26.582 Thread 0x00000190cd6a7c20 8657       3       org.gradle.internal.snapshot.impl.DirectorySnapshotter$PathVisitor::getInternedFileName (27 bytes)
Event: 26.583 Thread 0x00000190cd6a7c20 nmethod 8657 0x00000190bae4d590 code [0x00000190bae4d780, 0x00000190bae4dca8]
Event: 26.583 Thread 0x00000190cd6a7c20 8658       3       org.gradle.internal.snapshot.impl.DirectorySnapshotter$1::remapAbsolutePath (7 bytes)
Event: 26.583 Thread 0x00000190cd6a7c20 nmethod 8658 0x00000190bae4de10 code [0x00000190bae4dfc0, 0x00000190bae4e198]
Event: 26.583 Thread 0x00000190cd6a7c20 8659       3       java.nio.file.FileTreeWalker$Event::<init> (9 bytes)
Event: 26.583 Thread 0x00000190cd6a7c20 nmethod 8659 0x00000190bae4e290 code [0x00000190bae4e440, 0x00000190bae4e748]
Event: 26.583 Thread 0x00000190cd6a7c20 8660       3       java.util.Comparator$$Lambda/0x00000190cf2784e8::compare (14 bytes)
Event: 26.583 Thread 0x00000190cd6a7c20 nmethod 8660 0x00000190bae4e890 code [0x00000190bae4ea60, 0x00000190bae4ee50]
Event: 26.583 Thread 0x00000190cd6a7c20 8661       3       org.gradle.api.internal.file.AbstractFileCollection::visitStructure (19 bytes)
Event: 26.583 Thread 0x00000190cd6a7c20 nmethod 8661 0x00000190bae4ef90 code [0x00000190bae4f160, 0x00000190bae4f450]
Event: 26.583 Thread 0x00000190cd6a7c20 8662       3       com.google.common.collect.ImmutableMap$Builder::build (170 bytes)
Event: 27.593 Thread 0x00000190cd6a7c20 nmethod 8662 0x00000190bae4f590 code [0x00000190bae4f940, 0x00000190bae51408]

GC Heap History (18 events):
Event: 0.367 GC heap before
{Heap before GC invocations=0 (full 0):
 garbage-first heap   total 262144K, used 22528K [0x00000000c0000000, 0x0000000100000000)
  region size 1024K, 23 young (23552K), 0 survivors (0K)
 Metaspace       used 1076K, committed 1216K, reserved 278528K
  class space    used 78K, committed 128K, reserved 212992K
}
Event: 0.370 GC heap after
{Heap after GC invocations=1 (full 0):
 garbage-first heap   total 262144K, used 2527K [0x00000000c0000000, 0x0000000100000000)
  region size 1024K, 3 young (3072K), 3 survivors (3072K)
 Metaspace       used 1076K, committed 1216K, reserved 278528K
  class space    used 78K, committed 128K, reserved 212992K
}
Event: 0.999 GC heap before
{Heap before GC invocations=1 (full 0):
 garbage-first heap   total 262144K, used 40415K [0x00000000c0000000, 0x0000000100000000)
  region size 1024K, 38 young (38912K), 3 survivors (3072K)
 Metaspace       used 4404K, committed 4608K, reserved 278528K
  class space    used 535K, committed 640K, reserved 212992K
}
Event: 1.003 GC heap after
{Heap after GC invocations=2 (full 0):
 garbage-first heap   total 262144K, used 10316K [0x00000000c0000000, 0x0000000100000000)
  region size 1024K, 5 young (5120K), 5 survivors (5120K)
 Metaspace       used 4404K, committed 4608K, reserved 278528K
  class space    used 535K, committed 640K, reserved 212992K
}
Event: 1.478 GC heap before
{Heap before GC invocations=2 (full 0):
 garbage-first heap   total 262144K, used 61516K [0x00000000c0000000, 0x0000000100000000)
  region size 1024K, 53 young (54272K), 5 survivors (5120K)
 Metaspace       used 5254K, committed 5440K, reserved 278528K
  class space    used 679K, committed 768K, reserved 212992K
}
Event: 1.483 GC heap after
{Heap after GC invocations=3 (full 0):
 garbage-first heap   total 262144K, used 16942K [0x00000000c0000000, 0x0000000100000000)
  region size 1024K, 5 young (5120K), 5 survivors (5120K)
 Metaspace       used 5254K, committed 5440K, reserved 278528K
  class space    used 679K, committed 768K, reserved 212992K
}
Event: 3.345 GC heap before
{Heap before GC invocations=3 (full 0):
 garbage-first heap   total 262144K, used 103982K [0x00000000c0000000, 0x0000000100000000)
  region size 1024K, 91 young (93184K), 5 survivors (5120K)
 Metaspace       used 20790K, committed 21504K, reserved 278528K
  class space    used 2964K, committed 3328K, reserved 212992K
}
Event: 3.351 GC heap after
{Heap after GC invocations=4 (full 0):
 garbage-first heap   total 262144K, used 24035K [0x00000000c0000000, 0x0000000100000000)
  region size 1024K, 12 young (12288K), 12 survivors (12288K)
 Metaspace       used 20790K, committed 21504K, reserved 278528K
  class space    used 2964K, committed 3328K, reserved 212992K
}
Event: 5.276 GC heap before
{Heap before GC invocations=5 (full 0):
 garbage-first heap   total 262144K, used 128483K [0x00000000c0000000, 0x0000000100000000)
  region size 1024K, 116 young (118784K), 12 survivors (12288K)
 Metaspace       used 34663K, committed 35968K, reserved 278528K
  class space    used 5031K, committed 5696K, reserved 212992K
}
Event: 5.285 GC heap after
{Heap after GC invocations=6 (full 0):
 garbage-first heap   total 262144K, used 30964K [0x00000000c0000000, 0x0000000100000000)
  region size 1024K, 14 young (14336K), 14 survivors (14336K)
 Metaspace       used 34663K, committed 35968K, reserved 278528K
  class space    used 5031K, committed 5696K, reserved 212992K
}
Event: 5.330 GC heap before
{Heap before GC invocations=6 (full 0):
 garbage-first heap   total 262144K, used 31988K [0x00000000c0000000, 0x0000000100000000)
  region size 1024K, 17 young (17408K), 14 survivors (14336K)
 Metaspace       used 34974K, committed 36288K, reserved 278528K
  class space    used 5063K, committed 5696K, reserved 212992K
}
Event: 5.336 GC heap after
{Heap after GC invocations=7 (full 0):
 garbage-first heap   total 262144K, used 32758K [0x00000000c0000000, 0x0000000100000000)
  region size 1024K, 9 young (9216K), 9 survivors (9216K)
 Metaspace       used 34974K, committed 36288K, reserved 278528K
  class space    used 5063K, committed 5696K, reserved 212992K
}
Event: 5.403 GC heap before
{Heap before GC invocations=7 (full 0):
 garbage-first heap   total 262144K, used 38902K [0x00000000c0000000, 0x0000000100000000)
  region size 1024K, 16 young (16384K), 9 survivors (9216K)
 Metaspace       used 35290K, committed 36608K, reserved 278528K
  class space    used 5091K, committed 5760K, reserved 212992K
}
Event: 5.407 GC heap after
{Heap after GC invocations=8 (full 0):
 garbage-first heap   total 262144K, used 32455K [0x00000000c0000000, 0x0000000100000000)
  region size 1024K, 9 young (9216K), 9 survivors (9216K)
 Metaspace       used 35290K, committed 36608K, reserved 278528K
  class space    used 5091K, committed 5760K, reserved 212992K
}
Event: 16.720 GC heap before
{Heap before GC invocations=9 (full 0):
 garbage-first heap   total 262144K, used 181959K [0x00000000c0000000, 0x0000000100000000)
  region size 1024K, 153 young (156672K), 9 survivors (9216K)
 Metaspace       used 47058K, committed 48512K, reserved 278528K
  class space    used 6625K, committed 7360K, reserved 212992K
}
Event: 16.728 GC heap after
{Heap after GC invocations=10 (full 0):
 garbage-first heap   total 262144K, used 41470K [0x00000000c0000000, 0x0000000100000000)
  region size 1024K, 18 young (18432K), 18 survivors (18432K)
 Metaspace       used 47058K, committed 48512K, reserved 278528K
  class space    used 6625K, committed 7360K, reserved 212992K
}
Event: 24.485 GC heap before
{Heap before GC invocations=10 (full 0):
 garbage-first heap   total 262144K, used 186878K [0x00000000c0000000, 0x0000000100000000)
  region size 1024K, 153 young (156672K), 18 survivors (18432K)
 Metaspace       used 58750K, committed 60480K, reserved 278528K
  class space    used 8223K, committed 9088K, reserved 212992K
}
Event: 24.497 GC heap after
{Heap after GC invocations=11 (full 0):
 garbage-first heap   total 262144K, used 51193K [0x00000000c0000000, 0x0000000100000000)
  region size 1024K, 20 young (20480K), 20 survivors (20480K)
 Metaspace       used 58750K, committed 60480K, reserved 278528K
  class space    used 8223K, committed 9088K, reserved 212992K
}

Dll operation events (15 events):
Event: 0.009 Loaded shared library C:\Program Files\Java\jdk-21.0.11\bin\java.dll
Event: 0.029 Loaded shared library C:\Program Files\Java\jdk-21.0.11\bin\jsvml.dll
Event: 0.056 Loaded shared library C:\Program Files\Java\jdk-21.0.11\bin\zip.dll
Event: 0.059 Loaded shared library C:\Program Files\Java\jdk-21.0.11\bin\instrument.dll
Event: 0.064 Loaded shared library C:\Program Files\Java\jdk-21.0.11\bin\net.dll
Event: 0.065 Loaded shared library C:\Program Files\Java\jdk-21.0.11\bin\nio.dll
Event: 0.067 Loaded shared library C:\Program Files\Java\jdk-21.0.11\bin\zip.dll
Event: 0.298 Loaded shared library C:\Program Files\Java\jdk-21.0.11\bin\jimage.dll
Event: 0.452 Loaded shared library C:\Program Files\Java\jdk-21.0.11\bin\verify.dll
Event: 0.622 Loaded shared library C:\Users\PAULO ROBERTO\.gradle\native\c067742578af261105cb4f569cf0c3c89f3d7b1fecec35dd04571415982c5e48\windows-amd64\native-platform.dll
Event: 0.628 Loaded shared library C:\Users\PAULO ROBERTO\.gradle\native\100fb08df4bc3b14c8652ba06237920a3bd2aa13389f12d3474272988ae205f9\windows-amd64\native-platform-file-events.dll
Event: 1.613 Loaded shared library C:\Program Files\Java\jdk-21.0.11\bin\management.dll
Event: 1.618 Loaded shared library C:\Program Files\Java\jdk-21.0.11\bin\management_ext.dll
Event: 1.903 Loaded shared library C:\Program Files\Java\jdk-21.0.11\bin\extnet.dll
Event: 2.092 Loaded shared library C:\Program Files\Java\jdk-21.0.11\bin\sunmscapi.dll

Deoptimization events (20 events):
Event: 21.418 Thread 0x00000190e21dded0 DEOPT PACKING pc=0x00000190c1a5dbd4 sp=0x00000072d78f4080
Event: 21.418 Thread 0x00000190e21dded0 DEOPT UNPACKING pc=0x00000190c14546a2 sp=0x00000072d78f4018 mode 2
Event: 21.418 Thread 0x00000190e21dded0 Uncommon trap: trap_request=0xffffff45 fr.pc=0x00000190c1ded99c relative=0x000000000000073c
Event: 21.418 Thread 0x00000190e21dded0 Uncommon trap: reason=unstable_if action=reinterpret pc=0x00000190c1ded99c method=java.util.concurrent.ConcurrentHashMap.addCount(JI)V @ 7 c2
Event: 21.418 Thread 0x00000190e21dded0 DEOPT PACKING pc=0x00000190c1ded99c sp=0x00000072d78f5b50
Event: 21.418 Thread 0x00000190e21dded0 DEOPT UNPACKING pc=0x00000190c14546a2 sp=0x00000072d78f5a08 mode 2
Event: 21.418 Thread 0x00000190e21dded0 Uncommon trap: trap_request=0xffffff45 fr.pc=0x00000190c1a67b08 relative=0x0000000000000148
Event: 21.418 Thread 0x00000190e21dded0 Uncommon trap: reason=unstable_if action=reinterpret pc=0x00000190c1a67b08 method=java.util.concurrent.ConcurrentHashMap.addCount(JI)V @ 7 c2
Event: 21.418 Thread 0x00000190e21dded0 DEOPT PACKING pc=0x00000190c1a67b08 sp=0x00000072d78f5ac0
Event: 21.418 Thread 0x00000190e21dded0 DEOPT UNPACKING pc=0x00000190c14546a2 sp=0x00000072d78f5a20 mode 2
Event: 24.469 Thread 0x00000190e21dded0 Uncommon trap: trap_request=0xffffff45 fr.pc=0x00000190c1a04e48 relative=0x0000000000000288
Event: 24.469 Thread 0x00000190e21dded0 Uncommon trap: reason=unstable_if action=reinterpret pc=0x00000190c1a04e48 method=java.util.concurrent.ConcurrentHashMap.get(Ljava/lang/Object;)Ljava/lang/Object; @ 86 c2
Event: 24.469 Thread 0x00000190e21dded0 DEOPT PACKING pc=0x00000190c1a04e48 sp=0x00000072d78f6040
Event: 24.469 Thread 0x00000190e21dded0 DEOPT UNPACKING pc=0x00000190c14546a2 sp=0x00000072d78f5fb8 mode 2
Event: 24.477 Thread 0x00000190e21dffa0 DEOPT PACKING pc=0x00000190b9f5c1e1 sp=0x00000072d7efe410
Event: 24.477 Thread 0x00000190e21dffa0 DEOPT UNPACKING pc=0x00000190c1454e42 sp=0x00000072d7efd898 mode 0
Event: 25.527 Thread 0x00000190e21dffa0 DEOPT PACKING pc=0x00000190b9f5c1e1 sp=0x00000072d7efe470
Event: 25.527 Thread 0x00000190e21dffa0 DEOPT UNPACKING pc=0x00000190c1454e42 sp=0x00000072d7efd8f8 mode 0
Event: 26.537 Thread 0x00000190e21dffa0 DEOPT PACKING pc=0x00000190b9f5c1e1 sp=0x00000072d7efe470
Event: 26.537 Thread 0x00000190e21dffa0 DEOPT UNPACKING pc=0x00000190c1454e42 sp=0x00000072d7efd8f8 mode 0

Classes loaded (20 events):
Event: 18.389 Loading class java/util/AbstractCollectionBeanInfo
Event: 18.389 Loading class java/util/AbstractCollectionBeanInfo done
Event: 18.389 Loading class java/util/AbstractCollectionCustomizer
Event: 18.389 Loading class java/util/AbstractCollectionCustomizer done
Event: 18.389 Loading class java/util/AbstractCollectionCustomizer
Event: 18.389 Loading class java/util/AbstractCollectionCustomizer done
Event: 18.848 Loading class java/io/DeleteOnExitHook
Event: 18.848 Loading class java/io/DeleteOnExitHook done
Event: 18.848 Loading class java/io/DeleteOnExitHook$1
Event: 18.848 Loading class java/io/DeleteOnExitHook$1 done
Event: 19.722 Loading class java/util/Collections$ReverseComparator
Event: 19.723 Loading class java/util/Collections$ReverseComparator done
Event: 19.723 Loading class java/util/Comparators$NaturalOrderComparator
Event: 19.723 Loading class java/util/Comparators$NaturalOrderComparator done
Event: 19.723 Loading class java/util/Collections$ReverseComparator2
Event: 19.724 Loading class java/util/Collections$ReverseComparator2 done
Event: 20.331 Loading class sun/reflect/ReflectionFactory
Event: 20.332 Loading class sun/reflect/ReflectionFactory done
Event: 20.332 Loading class sun/reflect/ReflectionFactory$1
Event: 20.332 Loading class sun/reflect/ReflectionFactory$1 done

Classes unloaded (0 events):
No events

Classes redefined (0 events):
No events

Internal exceptions (20 events):
Event: 18.554 Thread 0x00000190e21dded0 Exception <a 'java/lang/NoSuchMethodError'{0x00000000cae4d310}: 'int java.lang.invoke.DirectMethodHandle$Holder.invokeInterface(java.lang.Object, java.lang.Object, java.lang.Object, java.lang.Object)'> (0x00000000cae4d310) 
thrown [s\open\src\hotspot\share\interpreter\linkResolver.cpp, line 773]
Event: 18.587 Thread 0x00000190e21dded0 Exception <a 'java/lang/NoSuchMethodError'{0x00000000cac35bc8}: 'java.lang.Object java.lang.invoke.DirectMethodHandle$Holder.invokeStatic(java.lang.Object, long, java.lang.Object)'> (0x00000000cac35bc8) 
thrown [s\open\src\hotspot\share\interpreter\linkResolver.cpp, line 773]
Event: 18.588 Thread 0x00000190e21dded0 Exception <a 'java/lang/NoSuchMethodError'{0x00000000cac3cff0}: 'java.lang.Object java.lang.invoke.DirectMethodHandle$Holder.newInvokeSpecial(java.lang.Object, long)'> (0x00000000cac3cff0) 
thrown [s\open\src\hotspot\share\interpreter\linkResolver.cpp, line 773]
Event: 18.593 Thread 0x00000190e21dded0 Exception <a 'java/lang/NoSuchMethodError'{0x00000000caca12c0}: 'java.lang.Object java.lang.invoke.DirectMethodHandle$Holder.newInvokeSpecial(java.lang.Object, java.lang.Object, java.lang.Object, java.lang.Object, java.lang.Object, long, java.lang.Object)'> (0x00000000caca12c0) 
thrown [s\open\src\hotspot\share\interpreter\linkResolver.cpp, line 773]
Event: 18.593 Thread 0x00000190e21dded0 Exception <a 'java/lang/NoSuchMethodError'{0x00000000caca9cb8}: 'java.lang.Object java.lang.invoke.Invokers$Holder.linkToTargetMethod(java.lang.Object, java.lang.Object, java.lang.Object, java.lang.Object, long, java.lang.Object, java.lang.Object)'> (0x00000000caca9cb8) 
thrown [s\open\src\hotspot\share\interpreter\linkResolver.cpp, line 773]
Event: 18.596 Thread 0x00000190e21dded0 Exception <a 'java/lang/NoSuchMethodError'{0x00000000cacef7d0}: 'java.lang.Object java.lang.invoke.DirectMethodHandle$Holder.newInvokeSpecial(java.lang.Object, java.lang.Object, java.lang.Object, long, java.lang.Object)'> (0x00000000cacef7d0) 
thrown [s\open\src\hotspot\share\interpreter\linkResolver.cpp, line 773]
Event: 18.596 Thread 0x00000190e21dded0 Exception <a 'java/lang/NoSuchMethodError'{0x00000000cacf48f0}: 'java.lang.Object java.lang.invoke.DirectMethodHandle$Holder.invokeSpecial(java.lang.Object, java.lang.Object, java.lang.Object, java.lang.Object, long, java.lang.Object)'> (0x00000000cacf48f0) 
thrown [s\open\src\hotspot\share\interpreter\linkResolver.cpp, line 773]
Event: 18.596 Thread 0x00000190e21dded0 Exception <a 'java/lang/NoSuchMethodError'{0x00000000cacf8e70}: 'java.lang.Object java.lang.invoke.Invokers$Holder.linkToTargetMethod(java.lang.Object, java.lang.Object, long, java.lang.Object, java.lang.Object)'> (0x00000000cacf8e70) 
thrown [s\open\src\hotspot\share\interpreter\linkResolver.cpp, line 773]
Event: 18.622 Thread 0x00000190e21dded0 Exception <a 'java/lang/NoSuchMethodError'{0x00000000ca952520}: 'java.lang.Object java.lang.invoke.DirectMethodHandle$Holder.newInvokeSpecial(java.lang.Object, java.lang.Object, java.lang.Object, java.lang.Object, java.lang.Object, java.lang.Object, java.lang.Object, java.lang.Object, java.lang.Object, java.lang.Object, java.lang.Object, java.lang.Object, java.lang.Object, java.lang.Object, java.lang.Object, java.lang.Object, java.lang.Object, java.lang.Object, java.lang.Object, java.lang.Object, java.lang
Event: 18.623 Thread 0x00000190e21dded0 Exception <a 'java/lang/NoSuchMethodError'{0x00000000ca95a3a0}: 'java.lang.Object java.lang.invoke.DirectMethodHandle$Holder.invokeSpecial(java.lang.Object, java.lang.Object, java.lang.Object, java.lang.Object, java.lang.Object, java.lang.Object, java.lang.Object, java.lang.Object, java.lang.Object, java.lang.Object, java.lang.Object, java.lang.Object, java.lang.Object, java.lang.Object, java.lang.Object, java.lang.Object, java.lang.Object, java.lang.Object, java.lang.Object, java.lang.Object, java.lang.Ob
Event: 18.623 Thread 0x00000190e21dded0 Exception <a 'java/lang/NoSuchMethodError'{0x00000000ca960968}: 'java.lang.Object java.lang.invoke.DelegatingMethodHandle$Holder.reinvoke_L(java.lang.Object, java.lang.Object, java.lang.Object, java.lang.Object, java.lang.Object, java.lang.Object, java.lang.Object, java.lang.Object, java.lang.Object, java.lang.Object, java.lang.Object, java.lang.Object, java.lang.Object, java.lang.Object, java.lang.Object, java.lang.Object, java.lang.Object, java.lang.Object, java.lang.Object, java.lang.Object, java.lang.O
Event: 18.649 Thread 0x00000190e21dded0 Exception <a 'java/lang/ClassNotFoundException'{0x00000000ca67af20}: org/gradle/api/internal/artifacts/dsl/dependencies/DefaultDependencyHandler_DecoratedBeanInfo> (0x00000000ca67af20) 
thrown [s\open\src\hotspot\share\classfile\systemDictionary.cpp, line 313]
Event: 18.649 Thread 0x00000190e21dded0 Exception <a 'java/lang/ClassNotFoundException'{0x00000000ca68f1b8}: org/gradle/api/internal/artifacts/dsl/dependencies/DefaultDependencyHandlerBeanInfo> (0x00000000ca68f1b8) 
thrown [s\open\src\hotspot\share\classfile\systemDictionary.cpp, line 313]
Event: 18.650 Thread 0x00000190e21dded0 Exception <a 'java/lang/ClassNotFoundException'{0x00000000ca6a31c8}: org/gradle/api/internal/artifacts/dsl/dependencies/DefaultDependencyHandlerCustomizer> (0x00000000ca6a31c8) 
thrown [s\open\src\hotspot\share\classfile\systemDictionary.cpp, line 313]
Event: 18.651 Thread 0x00000190e21dded0 Exception <a 'java/lang/ClassNotFoundException'{0x00000000ca6eaa70}: org/gradle/api/internal/artifacts/dsl/dependencies/DefaultDependencyHandler_DecoratedCustomizer> (0x00000000ca6eaa70) 
thrown [s\open\src\hotspot\share\classfile\systemDictionary.cpp, line 313]
Event: 18.824 Thread 0x00000190e21dded0 Exception <a 'java/lang/NoSuchMethodError'{0x00000000c9c7d780}: 'java.lang.Object java.lang.invoke.DirectMethodHandle$Holder.invokeSpecial(java.lang.Object, java.lang.Object, long, java.lang.Object, java.lang.Object)'> (0x00000000c9c7d780) 
thrown [s\open\src\hotspot\share\interpreter\linkResolver.cpp, line 773]
Event: 18.913 Thread 0x00000190e21dded0 Exception <a 'java/lang/NoSuchMethodError'{0x00000000c963cd10}: 'int java.lang.invoke.DirectMethodHandle$Holder.invokeSpecialIFC(java.lang.Object, java.lang.Object, java.lang.Object)'> (0x00000000c963cd10) 
thrown [s\open\src\hotspot\share\interpreter\linkResolver.cpp, line 773]
Event: 19.989 Thread 0x00000190e21dded0 Exception <a 'java/lang/NoSuchMethodError'{0x00000000c87e23c8}: 'java.lang.Object java.lang.invoke.DirectMethodHandle$Holder.invokeSpecial(java.lang.Object, java.lang.Object, java.lang.Object, java.lang.Object, java.lang.Object, long)'> (0x00000000c87e23c8) 
thrown [s\open\src\hotspot\share\interpreter\linkResolver.cpp, line 773]
Event: 19.990 Thread 0x00000190e21dded0 Exception <a 'java/lang/NoSuchMethodError'{0x00000000c8609818}: 'void java.lang.invoke.DirectMethodHandle$Holder.invokeStatic(java.lang.Object, java.lang.Object, java.lang.Object, int, java.lang.Object)'> (0x00000000c8609818) 
thrown [s\open\src\hotspot\share\interpreter\linkResolver.cpp, line 773]
Event: 20.013 Thread 0x00000190e21dded0 Exception <a 'java/lang/NoSuchMethodError'{0x00000000c8543cf8}: 'int java.lang.invoke.DirectMethodHandle$Holder.invokeInterface(java.lang.Object, java.lang.Object, java.lang.Object, java.lang.Object, java.lang.Object)'> (0x00000000c8543cf8) 
thrown [s\open\src\hotspot\share\interpreter\linkResolver.cpp, line 773]

ZGC Phase Switch (0 events):
No events

VM Operations (20 events):
Event: 19.415 Executing VM operation: ICBufferFull done
Event: 19.926 Executing VM operation: HandshakeAllThreads (Deoptimize)
Event: 19.927 Executing VM operation: HandshakeAllThreads (Deoptimize) done
Event: 19.949 Executing VM operation: ICBufferFull
Event: 19.950 Executing VM operation: ICBufferFull done
Event: 20.008 Executing VM operation: HandshakeAllThreads (Deoptimize)
Event: 20.008 Executing VM operation: HandshakeAllThreads (Deoptimize) done
Event: 20.308 Executing VM operation: HandshakeAllThreads (Deoptimize)
Event: 20.308 Executing VM operation: HandshakeAllThreads (Deoptimize) done
Event: 21.320 Executing VM operation: Cleanup
Event: 21.400 Executing VM operation: Cleanup done
Event: 22.410 Executing VM operation: Cleanup
Event: 22.443 Executing VM operation: Cleanup done
Event: 24.485 Executing VM operation: G1CollectForAllocation (G1 Evacuation Pause)
Event: 24.497 Executing VM operation: G1CollectForAllocation (G1 Evacuation Pause) done
Event: 25.511 Executing VM operation: Cleanup
Event: 25.542 Executing VM operation: Cleanup done
Event: 26.553 Executing VM operation: Cleanup
Event: 26.554 Executing VM operation: Cleanup done
Event: 27.562 Executing VM operation: Cleanup

Events (20 events):
Event: 14.410 Thread 0x00000190e1df1430 Thread exited: 0x00000190e1df1430
Event: 15.221 Thread 0x00000190e4eaba70 Thread added: 0x00000190e4eaba70
Event: 15.235 Thread 0x00000190e4eac100 Thread added: 0x00000190e4eac100
Event: 15.244 Thread 0x00000190e4eaa030 Thread added: 0x00000190e4eaa030
Event: 15.249 Thread 0x00000190e4eac790 Thread added: 0x00000190e4eac790
Event: 15.249 Thread 0x00000190e4ea9310 Thread added: 0x00000190e4ea9310
Event: 15.261 Thread 0x00000190e4eae860 Thread added: 0x00000190e4eae860
Event: 15.275 Thread 0x00000190e21dd1b0 Thread added: 0x00000190e21dd1b0
Event: 15.295 Thread 0x00000190e21df280 Thread added: 0x00000190e21df280
Event: 15.301 Thread 0x00000190e21dd840 Thread added: 0x00000190e21dd840
Event: 15.304 Thread 0x00000190e1079270 Thread added: 0x00000190e1079270
Event: 17.424 Thread 0x00000190e1078be0 Thread added: 0x00000190e1078be0
Event: 17.648 Thread 0x00000190e1078550 Thread added: 0x00000190e1078550
Event: 17.763 Thread 0x00000190e1079900 Thread added: 0x00000190e1079900
Event: 17.772 Thread 0x00000190e10771a0 Thread added: 0x00000190e10771a0
Event: 17.830 Thread 0x00000190e1076480 Thread added: 0x00000190e1076480
Event: 17.835 Thread 0x00000190e1076b10 Thread added: 0x00000190e1076b10
Event: 18.350 Thread 0x00000190e35a5790 Thread added: 0x00000190e35a5790
Event: 20.030 Thread 0x00000190e35a3030 Thread added: 0x00000190e35a3030
Event: 21.401 Thread 0x00000190e35a4a70 Thread added: 0x00000190e35a4a70


Dynamic libraries:
0x00007ff77fd40000 - 0x00007ff77fd50000 	C:\Program Files\Java\jdk-21.0.11\bin\java.exe
0x00007ffbd72c0000 - 0x00007ffbd7526000 	C:\WINDOWS\SYSTEM32\ntdll.dll
0x00007ffbd6a50000 - 0x00007ffbd6b19000 	C:\WINDOWS\System32\KERNEL32.DLL
0x00007ffbd4be0000 - 0x00007ffbd4fe0000 	C:\WINDOWS\System32\KERNELBASE.dll
0x00007ffbd0b00000 - 0x00007ffbd0ba0000 	C:\WINDOWS\SYSTEM32\apphelp.dll
0x00007ffbd4850000 - 0x00007ffbd499c000 	C:\WINDOWS\System32\ucrtbase.dll
0x00007ffbc6600000 - 0x00007ffbc6619000 	C:\Program Files\Java\jdk-21.0.11\bin\jli.dll
0x00007ffbc6510000 - 0x00007ffbc652e000 	C:\Program Files\Java\jdk-21.0.11\bin\VCRUNTIME140.dll
0x00007ffbd63c0000 - 0x00007ffbd6477000 	C:\WINDOWS\System32\ADVAPI32.dll
0x00007ffbd6c20000 - 0x00007ffbd6cc9000 	C:\WINDOWS\System32\msvcrt.dll
0x00007ffbd5360000 - 0x00007ffbd540a000 	C:\WINDOWS\System32\sechost.dll
0x00007ffbd6cd0000 - 0x00007ffbd6de8000 	C:\WINDOWS\System32\RPCRT4.dll
0x00007ffbd6ee0000 - 0x00007ffbd70a7000 	C:\WINDOWS\System32\USER32.dll
0x00007ffbd4820000 - 0x00007ffbd4847000 	C:\WINDOWS\System32\win32u.dll
0x00007ffbaccc0000 - 0x00007ffbacf52000 	C:\WINDOWS\WinSxS\amd64_microsoft.windows.common-controls_6595b64144ccf1df_6.0.26100.8737_none_3e092eaee333b772\COMCTL32.dll
0x00007ffbd70b0000 - 0x00007ffbd70db000 	C:\WINDOWS\System32\GDI32.dll
0x00007ffbd44e0000 - 0x00007ffbd4609000 	C:\WINDOWS\System32\gdi32full.dll
0x00007ffbd49b0000 - 0x00007ffbd4a53000 	C:\WINDOWS\System32\msvcp_win.dll
0x00007ffbc21b0000 - 0x00007ffbc21bb000 	C:\WINDOWS\SYSTEM32\VERSION.dll
0x00007ffbd6120000 - 0x00007ffbd6152000 	C:\WINDOWS\System32\IMM32.DLL
0x00007ffbc8300000 - 0x00007ffbc830c000 	C:\Program Files\Java\jdk-21.0.11\bin\vcruntime140_1.dll
0x00007ffb91c80000 - 0x00007ffb91d0d000 	C:\Program Files\Java\jdk-21.0.11\bin\msvcp140.dll
0x00007ffb415b0000 - 0x00007ffb422d8000 	C:\Program Files\Java\jdk-21.0.11\bin\server\jvm.dll
0x00007ffbd4ff0000 - 0x00007ffbd5070000 	C:\WINDOWS\System32\WS2_32.dll
0x00007ffbd2fe0000 - 0x00007ffbd303e000 	C:\WINDOWS\SYSTEM32\POWRPROF.dll
0x00007ffbc10c0000 - 0x00007ffbc10f6000 	C:\WINDOWS\SYSTEM32\WINMM.dll
0x00007ffbd2fc0000 - 0x00007ffbd2fd4000 	C:\WINDOWS\SYSTEM32\UMPDC.dll
0x00007ffbd3200000 - 0x00007ffbd321b000 	C:\WINDOWS\SYSTEM32\kernel.appcore.dll
0x00007ffbc7cc0000 - 0x00007ffbc7cca000 	C:\Program Files\Java\jdk-21.0.11\bin\jimage.dll
0x00007ffbd1940000 - 0x00007ffbd1b82000 	C:\WINDOWS\SYSTEM32\DBGHELP.DLL
0x00007ffbd6530000 - 0x00007ffbd68b3000 	C:\WINDOWS\System32\combase.dll
0x00007ffbd6040000 - 0x00007ffbd6119000 	C:\WINDOWS\System32\OLEAUT32.dll
0x00007ffba5050000 - 0x00007ffba508b000 	C:\WINDOWS\SYSTEM32\dbgcore.DLL
0x00007ffbd4610000 - 0x00007ffbd46bc000 	C:\WINDOWS\System32\bcryptPrimitives.dll
0x00007ffbc7c00000 - 0x00007ffbc7c10000 	C:\Program Files\Java\jdk-21.0.11\bin\instrument.dll
0x00007ffbc4e80000 - 0x00007ffbc4ea1000 	C:\Program Files\Java\jdk-21.0.11\bin\java.dll
0x00007ffbd58a0000 - 0x00007ffbd6032000 	C:\WINDOWS\System32\SHELL32.dll
0x00007ffbd1f80000 - 0x00007ffbd2812000 	C:\WINDOWS\SYSTEM32\windows.storage.dll
0x00007ffbd50f0000 - 0x00007ffbd51e7000 	C:\WINDOWS\System32\SHCORE.dll
0x00007ffbd6170000 - 0x00007ffbd61d7000 	C:\WINDOWS\System32\shlwapi.dll
0x00007ffbd4400000 - 0x00007ffbd4429000 	C:\WINDOWS\SYSTEM32\profapi.dll
0x00007ffb71670000 - 0x00007ffb71747000 	C:\Program Files\Java\jdk-21.0.11\bin\jsvml.dll
0x00007ffbc64a0000 - 0x00007ffbc64b8000 	C:\Program Files\Java\jdk-21.0.11\bin\zip.dll
0x00007ffbc5f50000 - 0x00007ffbc5f61000 	C:\Program Files\Java\jdk-21.0.11\bin\net.dll
0x00007ffbc8db0000 - 0x00007ffbc8ed9000 	C:\WINDOWS\SYSTEM32\WINHTTP.dll
0x00007ffbd3830000 - 0x00007ffbd389c000 	C:\WINDOWS\system32\mswsock.dll
0x00007ffbc5ef0000 - 0x00007ffbc5f06000 	C:\Program Files\Java\jdk-21.0.11\bin\nio.dll
0x00007ffbc7af0000 - 0x00007ffbc7b00000 	C:\Program Files\Java\jdk-21.0.11\bin\verify.dll
0x00007ffbc6a60000 - 0x00007ffbc6a87000 	C:\Users\PAULO ROBERTO\.gradle\native\c067742578af261105cb4f569cf0c3c89f3d7b1fecec35dd04571415982c5e48\windows-amd64\native-platform.dll
0x00007ffb7b8a0000 - 0x00007ffb7b9e4000 	C:\Users\PAULO ROBERTO\.gradle\native\100fb08df4bc3b14c8652ba06237920a3bd2aa13389f12d3474272988ae205f9\windows-amd64\native-platform-file-events.dll
0x00007ffbc7090000 - 0x00007ffbc709a000 	C:\Program Files\Java\jdk-21.0.11\bin\management.dll
0x00007ffbc6750000 - 0x00007ffbc675c000 	C:\Program Files\Java\jdk-21.0.11\bin\management_ext.dll
0x00007ffbd6160000 - 0x00007ffbd6168000 	C:\WINDOWS\System32\PSAPI.DLL
0x00007ffbd3c60000 - 0x00007ffbd3c7b000 	C:\WINDOWS\SYSTEM32\CRYPTSP.dll
0x00007ffbd3220000 - 0x00007ffbd3259000 	C:\WINDOWS\system32\rsaenh.dll
0x00007ffbd38f0000 - 0x00007ffbd3922000 	C:\WINDOWS\SYSTEM32\USERENV.dll
0x00007ffbd43d0000 - 0x00007ffbd43fa000 	C:\WINDOWS\SYSTEM32\bcrypt.dll
0x00007ffbd3aa0000 - 0x00007ffbd3aac000 	C:\WINDOWS\SYSTEM32\CRYPTBASE.dll
0x00007ffbd2c10000 - 0x00007ffbd2c43000 	C:\WINDOWS\SYSTEM32\IPHLPAPI.DLL
0x00007ffbd5280000 - 0x00007ffbd528a000 	C:\WINDOWS\System32\NSI.dll
0x00007ffbc5660000 - 0x00007ffbc5669000 	C:\Program Files\Java\jdk-21.0.11\bin\extnet.dll
0x00007ffbc5650000 - 0x00007ffbc565e000 	C:\Program Files\Java\jdk-21.0.11\bin\sunmscapi.dll
0x00007ffbd4a60000 - 0x00007ffbd4bd8000 	C:\WINDOWS\System32\CRYPT32.dll
0x00007ffbd3dd0000 - 0x00007ffbd3e00000 	C:\WINDOWS\SYSTEM32\ncrypt.dll
0x00007ffbd3d80000 - 0x00007ffbd3dbf000 	C:\WINDOWS\SYSTEM32\NTASN1.dll
0x00007ffbc1f10000 - 0x00007ffbc1f18000 	C:\WINDOWS\system32\wshunix.dll

dbghelp: loaded successfully - version: 4.0.5 - missing functions: none
symbol engine: initialized successfully - sym options: 0x614 - pdb path: .;C:\Program Files\Java\jdk-21.0.11\bin;C:\WINDOWS\SYSTEM32;C:\WINDOWS\WinSxS\amd64_microsoft.windows.common-controls_6595b64144ccf1df_6.0.26100.8737_none_3e092eaee333b772;C:\Program Files\Java\jdk-21.0.11\bin\server;C:\Users\PAULO ROBERTO\.gradle\native\c067742578af261105cb4f569cf0c3c89f3d7b1fecec35dd04571415982c5e48\windows-amd64;C:\Users\PAULO ROBERTO\.gradle\native\100fb08df4bc3b14c8652ba06237920a3bd2aa13389f12d3474272988ae205f9\windows-amd64

VM Arguments:
jvm_args: --add-opens=java.base/java.lang=ALL-UNNAMED --add-opens=java.base/java.lang.invoke=ALL-UNNAMED --add-opens=java.base/java.util=ALL-UNNAMED --add-opens=java.prefs/java.util.prefs=ALL-UNNAMED --add-exports=jdk.compiler/com.sun.tools.javac.api=ALL-UNNAMED --add-exports=jdk.compiler/com.sun.tools.javac.util=ALL-UNNAMED --add-opens=java.base/java.util=ALL-UNNAMED --add-opens=java.prefs/java.util.prefs=ALL-UNNAMED --add-opens=java.base/java.nio.charset=ALL-UNNAMED --add-opens=java.base/java.net=ALL-UNNAMED --add-opens=java.base/java.util.concurrent.atomic=ALL-UNNAMED --add-opens=java.xml/javax.xml.namespace=ALL-UNNAMED -XX:MaxMetaspaceSize=256m -Xms256m -Xmx1024m -Dfile.encoding=UTF-8 -Duser.country=BR -Duser.language=pt -Duser.variant -javaagent:C:\Users\PAULO ROBERTO\.gradle\wrapper\dists\gradle-8.11.1-all\2qik7nd48slq1ooc2496ixf4i\gradle-8.11.1\lib\agents\gradle-instrumentation-agent-8.11.1.jar 
java_command: org.gradle.launcher.daemon.bootstrap.GradleDaemon 8.11.1
java_class_path (initial): C:\Users\PAULO ROBERTO\.gradle\wrapper\dists\gradle-8.11.1-all\2qik7nd48slq1ooc2496ixf4i\gradle-8.11.1\lib\gradle-daemon-main-8.11.1.jar
Launcher Type: SUN_STANDARD

[Global flags]
     intx CICompilerCount                          = 4                                         {product} {ergonomic}
   size_t CompressedClassSpaceSize                 = 218103808                                 {product} {ergonomic}
     uint ConcGCThreads                            = 3                                         {product} {ergonomic}
     uint G1ConcRefinementThreads                  = 10                                        {product} {ergonomic}
   size_t G1HeapRegionSize                         = 1048576                                   {product} {ergonomic}
    uintx GCDrainStackTargetSize                   = 64                                        {product} {ergonomic}
   size_t InitialHeapSize                          = 268435456                                 {product} {command line}
   size_t MarkStackSize                            = 4194304                                   {product} {ergonomic}
   size_t MaxHeapSize                              = 1073741824                                {product} {command line}
   size_t MaxMetaspaceSize                         = 268435456                                 {product} {command line}
   size_t MaxNewSize                               = 643825664                                 {product} {ergonomic}
   size_t MinHeapDeltaBytes                        = 1048576                                   {product} {ergonomic}
   size_t MinHeapSize                              = 268435456                                 {product} {command line}
    uintx NonNMethodCodeHeapSize                   = 5839372                                {pd product} {ergonomic}
    uintx NonProfiledCodeHeapSize                  = 122909434                              {pd product} {ergonomic}
    uintx ProfiledCodeHeapSize                     = 122909434                              {pd product} {ergonomic}
    uintx ReservedCodeCacheSize                    = 251658240                              {pd product} {ergonomic}
     bool SegmentedCodeCache                       = true                                      {product} {ergonomic}
   size_t SoftMaxHeapSize                          = 1073741824                             {manageable} {ergonomic}
     bool UseCompressedOops                        = true                           {product lp64_product} {ergonomic}
     bool UseG1GC                                  = true                                      {product} {ergonomic}
     bool UseLargePagesIndividualAllocation        = false                                  {pd product} {ergonomic}

Logging:
Log output configuration:
 #0: stdout all=warning uptime,level,tags foldmultilines=false
 #1: stderr all=off uptime,level,tags foldmultilines=false

Environment Variables:
JAVA_HOME=C:\Program Files\Java\jdk-21
PATH=C:\Program Files\Common Files\Oracle\Java\javapath;C:\WINDOWS\system32;C:\WINDOWS;C:\WINDOWS\System32\Wbem;C:\WINDOWS\System32\WindowsPowerShell\v1.0\;C:\WINDOWS\System32\OpenSSH\;C:\Program Files\dotnet\;C:\Program Files\NVIDIA Corporation\NVIDIA App\NvDLISR;C:\Program Files (x86)\NVIDIA Corporation\PhysX\Common;C:\Program Files\nodejs\;C:\Program Files\GitHub CLI\;C:\Program Files\Git\cmd;C:\Users\PAULO ROBERTO\.local\bin;C:\Users\PAULO ROBERTO\AppData\Local\Microsoft\WindowsApps;C:\Users\PAULO ROBERTO\AppData\Roaming\npm;C:\Users\PAULO ROBERTO\AppData\Local\Programs\Microsoft VS Code\bin;C:\Users\PAULO ROBERTO\.bun\bin;C:\Users\PAULO ROBERTO\AppData\Local\Microsoft\WinGet\Packages\jqlang.jq_Microsoft.Winget.Source_8wekyb3d8bbwe;C:\Users\PAULO ROBERTO\.lmstudio\bin
USERNAME=PAULO ROBERTO
OS=Windows_NT
PROCESSOR_IDENTIFIER=Intel64 Family 6 Model 186 Stepping 2, GenuineIntel
TMP=C:\Users\PAULOR~1\AppData\Local\Temp
TEMP=C:\Users\PAULOR~1\AppData\Local\Temp




Periodic native trim disabled

---------------  S Y S T E M  ---------------

OS:
 Windows 11 , 64 bit Build 26100 (10.0.26100.8737)
OS uptime: 8 days 5:28 hours
Hyper-V role detected

CPU: total 12 (initial active 12) (6 cores per cpu, 2 threads per core) family 6 model 186 stepping 2 microcode 0x5103, cx8, cmov, fxsr, ht, mmx, 3dnowpref, sse, sse2, sse3, ssse3, sse4.1, sse4.2, popcnt, lzcnt, tsc, tscinvbit, avx, avx2, aes, erms, clmul, bmi1, bmi2, adx, sha, fma, vzeroupper, clflush, clflushopt, clwb, hv, serialize, rdtscp, rdpid, fsrm, f16c, cet_ibt, cet_ss
Processor Information for processor 0
  Max Mhz: 2100, Current Mhz: 2100, Mhz Limit: 2100
Processor Information for processor 1
  Max Mhz: 2100, Current Mhz: 2100, Mhz Limit: 2100
Processor Information for processor 2
  Max Mhz: 2100, Current Mhz: 1453, Mhz Limit: 2100
Processor Information for processor 3
  Max Mhz: 2100, Current Mhz: 2100, Mhz Limit: 2100
Processor Information for processor 4
  Max Mhz: 2100, Current Mhz: 2100, Mhz Limit: 2100
Processor Information for processor 5
  Max Mhz: 2100, Current Mhz: 2100, Mhz Limit: 2100
Processor Information for processor 6
  Max Mhz: 2100, Current Mhz: 2100, Mhz Limit: 2100
Processor Information for processor 7
  Max Mhz: 2100, Current Mhz: 2100, Mhz Limit: 2100
Processor Information for processor 8
  Max Mhz: 2100, Current Mhz: 2100, Mhz Limit: 2100
Processor Information for processor 9
  Max Mhz: 2100, Current Mhz: 2100, Mhz Limit: 2100
Processor Information for processor 10
  Max Mhz: 2100, Current Mhz: 2100, Mhz Limit: 2100
Processor Information for processor 11
  Max Mhz: 2100, Current Mhz: 2100, Mhz Limit: 2100

Memory: 4k page, system-wide physical 16087M (343M free)
TotalPageFile size 32471M (AvailPageFile size 129M)
current process WorkingSet (physical memory assigned to process): 405M, peak: 405M
current process commit charge ("private bytes"): 494M, peak: 496M

vm_info: Java HotSpot(TM) 64-Bit Server VM (21.0.11+9-LTS-211) for windows-amd64 JRE (21.0.11+9-LTS-211), built on 2026-03-11T00:23:15Z by "mach5run" with MS VC++ 17.13 (VS2022)

END.
