#
# There is insufficient memory for the Java Runtime Environment to continue.
# Native memory allocation (mmap) failed to map 19922944 bytes for G1 virtual space
# Possible reasons:
#   The system is out of physical RAM or swap space
#   The process is running with CompressedOops enabled, and the Java Heap may be blocking the growth of the native heap
# Possible solutions:
#   Reduce memory load on the system
#   Increase physical memory or swap space
#   Check if swap backing store is full
#   Decrease Java heap size (-Xmx/-Xms)
#   Decrease number of Java threads
#   Decrease Java thread stack sizes (-Xss)
#   Set larger code cache with -XX:ReservedCodeCacheSize=
#   JVM is running with Unscaled Compressed Oops mode in which the Java heap is
#     placed in the first 4GB address space. The Java Heap base address is the
#     maximum limit for the native heap growth. Please use -XX:HeapBaseMinAddress
#     to set the Java Heap base and to place the Java Heap above 4GB virtual address.
# This output file may be truncated or incomplete.
#
#  Out of Memory Error (os_windows.cpp:3604), pid=63336, tid=48116
#
# JRE version: Java(TM) SE Runtime Environment (21.0.11+9) (build 21.0.11+9-LTS-211)
# Java VM: Java HotSpot(TM) 64-Bit Server VM (21.0.11+9-LTS-211, mixed mode, emulated-client, tiered, compressed oops, compressed class ptrs, g1 gc, windows-amd64)
# No core dump will be written. Minidumps are not enabled by default on client versions of Windows
#

---------------  S U M M A R Y ------------

Command Line: -Xshare:off -XX:TieredStopAtLevel=1 -Xss512k -XX:MaxMetaspaceSize=160m --add-opens=java.base/java.util=ALL-UNNAMED --add-opens=java.base/java.lang=ALL-UNNAMED --add-opens=java.base/java.lang.invoke=ALL-UNNAMED --add-opens=java.prefs/java.util.prefs=ALL-UNNAMED --add-exports=jdk.compiler/com.sun.tools.javac.api=ALL-UNNAMED --add-exports=jdk.compiler/com.sun.tools.javac.util=ALL-UNNAMED --add-opens=java.base/java.nio.charset=ALL-UNNAMED --add-opens=java.base/java.net=ALL-UNNAMED --add-opens=java.base/java.util.concurrent.atomic=ALL-UNNAMED -Xms96m -Xmx640m -Dfile.encoding=UTF-8 -Duser.country=BR -Duser.language=pt -Duser.variant -javaagent:C:\Users\PAULO ROBERTO\.gradle\wrapper\dists\gradle-8.9-bin\90cnw93cvbtalezasaz0blq0a\gradle-8.9\lib\agents\gradle-instrumentation-agent-8.9.jar org.gradle.launcher.daemon.bootstrap.GradleDaemon 8.9

Host: 13th Gen Intel(R) Core(TM) i5-13420H, 12 cores, 15G,  Windows 11 , 64 bit Build 26100 (10.0.26100.8737)
Time: Thu Jul 16 21:18:11 2026 Hora Padrăo de Bogotá elapsed time: 21.919666 seconds (0d 0h 0m 21s)

---------------  T H R E A D  ---------------

Current thread (0x000001dcc23116a0):  VMThread "VM Thread"          [id=48116, stack(0x0000007e13a80000,0x0000007e13b80000) (1024K)]

Stack: [0x0000007e13a80000,0x0000007e13b80000]
Native frames: (J=compiled Java code, j=interpreted, Vv=VM code, C=native code)
V  [jvm.dll+0x6d0ef9]
V  [jvm.dll+0x860126]
V  [jvm.dll+0x86261e]
V  [jvm.dll+0x862cf3]
V  [jvm.dll+0x282bc6]
V  [jvm.dll+0x6cd7a5]
V  [jvm.dll+0x6c232a]
V  [jvm.dll+0x35bfb8]
V  [jvm.dll+0x363c76]
V  [jvm.dll+0x3b4d8e]
V  [jvm.dll+0x3b5038]
V  [jvm.dll+0x32fa6c]
V  [jvm.dll+0x3322c9]
V  [jvm.dll+0x33c883]
V  [jvm.dll+0x37200f]
V  [jvm.dll+0x8689ef]
V  [jvm.dll+0x869d7c]
V  [jvm.dll+0x86a2b1]
V  [jvm.dll+0x86a553]
V  [jvm.dll+0x80ac0d]
V  [jvm.dll+0x6cf79d]
C  [ucrtbase.dll+0x2cd30]
C  [KERNEL32.DLL+0x2e957]
C  [ntdll.dll+0xaad6c]

VM_Operation (0x0000007e1367f850): G1PauseRemark, mode: safepoint, requested by thread 0x000001dcb11d7330


---------------  P R O C E S S  ---------------

Threads class SMR info:
_java_thread_list=0x000001dcca7fcab0, length=43, elements={
0x000001dcb0f30360, 0x000001dcc24e68e0, 0x000001dcc24ccb70, 0x000001dcc24d9b30,
0x000001dcc24da590, 0x000001dcc24daff0, 0x000001dcc24d5b80, 0x000001dcc24d7280,
0x000001dcc268ec00, 0x000001dcc2724d40, 0x000001dcc27d48b0, 0x000001dcc849f7c0,
0x000001dcc856cc70, 0x000001dcc85a8100, 0x000001dcc8600f50, 0x000001dcc86015c0,
0x000001dcc863e500, 0x000001dcc863eb70, 0x000001dcc8648a70, 0x000001dcc864d5c0,
0x000001dcc864ae60, 0x000001dcc864c210, 0x000001dcc864cf30, 0x000001dcc864a7d0,
0x000001dcc864bb80, 0x000001dcc8f728a0, 0x000001dcc8f714f0, 0x000001dcc8f72210,
0x000001dcc8f73c50, 0x000001dcc8f742e0, 0x000001dcc8f71b80, 0x000001dcc8f70e60,
0x000001dcc8f75d20, 0x000001dcc8f75690, 0x000001dcc8f770d0, 0x000001dcc8d4f480,
0x000001dcc8d4edf0, 0x000001dcc8d51be0, 0x000001dcc8d52270, 0x000001dcc8d501a0,
0x000001dcc8d50830, 0x000001dcc76d0270, 0x000001dcca51f8b0
}

Java Threads: ( => current thread )
  0x000001dcb0f30360 JavaThread "main"                              [_thread_blocked, id=55748, stack(0x0000007e13400000,0x0000007e13480000) (512K)]
  0x000001dcc24e68e0 JavaThread "Reference Handler"          daemon [_thread_blocked, id=58668, stack(0x0000007e13b80000,0x0000007e13c00000) (512K)]
  0x000001dcc24ccb70 JavaThread "Finalizer"                  daemon [_thread_blocked, id=63872, stack(0x0000007e13c00000,0x0000007e13c80000) (512K)]
  0x000001dcc24d9b30 JavaThread "Signal Dispatcher"          daemon [_thread_blocked, id=11448, stack(0x0000007e13c80000,0x0000007e13d00000) (512K)]
  0x000001dcc24da590 JavaThread "Attach Listener"            daemon [_thread_blocked, id=57916, stack(0x0000007e13d00000,0x0000007e13d80000) (512K)]
  0x000001dcc24daff0 JavaThread "Service Thread"             daemon [_thread_blocked, id=27056, stack(0x0000007e13d80000,0x0000007e13e00000) (512K)]
  0x000001dcc24d5b80 JavaThread "Monitor Deflation Thread"   daemon [_thread_blocked, id=58812, stack(0x0000007e13e00000,0x0000007e13e80000) (512K)]
  0x000001dcc24d7280 JavaThread "C1 CompilerThread0"         daemon [_thread_blocked, id=32180, stack(0x0000007e13e80000,0x0000007e13f80000) (1024K)]
  0x000001dcc268ec00 JavaThread "C1 CompilerThread1"         daemon [_thread_blocked, id=10412, stack(0x0000007e13f80000,0x0000007e14080000) (1024K)]
  0x000001dcc2724d40 JavaThread "Common-Cleaner"             daemon [_thread_blocked, id=59132, stack(0x0000007e14080000,0x0000007e14100000) (512K)]
  0x000001dcc27d48b0 JavaThread "Notification Thread"        daemon [_thread_blocked, id=54876, stack(0x0000007e14100000,0x0000007e14180000) (512K)]
  0x000001dcc849f7c0 JavaThread "Daemon health stats"               [_thread_blocked, id=47768, stack(0x0000007e14780000,0x0000007e14800000) (512K)]
  0x000001dcc856cc70 JavaThread "Incoming local TCP Connector on port 54071"        [_thread_in_native, id=64192, stack(0x0000007e14800000,0x0000007e14880000) (512K)]
  0x000001dcc85a8100 JavaThread "Daemon periodic checks"            [_thread_blocked, id=52480, stack(0x0000007e14880000,0x0000007e14900000) (512K)]
  0x000001dcc8600f50 JavaThread "Daemon"                            [_thread_blocked, id=62096, stack(0x0000007e14900000,0x0000007e14980000) (512K)]
  0x000001dcc86015c0 JavaThread "Handler for socket connection from /127.0.0.1:54071 to /127.0.0.1:54075"        [_thread_in_native, id=58380, stack(0x0000007e14980000,0x0000007e14a00000) (512K)]
  0x000001dcc863e500 JavaThread "Cancel handler"                    [_thread_blocked, id=25084, stack(0x0000007e14a00000,0x0000007e14a80000) (512K)]
  0x000001dcc863eb70 JavaThread "Daemon worker"                     [_thread_blocked, id=42332, stack(0x0000007e14a80000,0x0000007e14b00000) (512K)]
  0x000001dcc8648a70 JavaThread "Asynchronous log dispatcher for DefaultDaemonConnection: socket connection from /127.0.0.1:54071 to /127.0.0.1:54075"        [_thread_blocked, id=60496, stack(0x0000007e14b00000,0x0000007e14b80000) (512K)]
  0x000001dcc864d5c0 JavaThread "Stdin handler"                     [_thread_blocked, id=5276, stack(0x0000007e14b80000,0x0000007e14c00000) (512K)]
  0x000001dcc864ae60 JavaThread "Daemon client event forwarder"        [_thread_blocked, id=17356, stack(0x0000007e14c00000,0x0000007e14c80000) (512K)]
  0x000001dcc864c210 JavaThread "Cache worker for journal cache (C:\Users\PAULO ROBERTO\.gradle\caches\journal-1)"        [_thread_blocked, id=30140, stack(0x0000007e15380000,0x0000007e15400000) (512K)]
  0x000001dcc864cf30 JavaThread "File lock request listener"        [_thread_in_native, id=22724, stack(0x0000007e15400000,0x0000007e15480000) (512K)]
  0x000001dcc864a7d0 JavaThread "File lock release action executor"        [_thread_blocked, id=49472, stack(0x0000007e15480000,0x0000007e15500000) (512K)]
  0x000001dcc864bb80 JavaThread "Cache worker for file hash cache (C:\Users\PAULO ROBERTO\.gradle\caches\8.9\fileHashes)"        [_thread_blocked, id=40928, stack(0x0000007e15500000,0x0000007e15580000) (512K)]
  0x000001dcc8f728a0 JavaThread "File watcher server"        daemon [_thread_in_native, id=54120, stack(0x0000007e15680000,0x0000007e15700000) (512K)]
  0x000001dcc8f714f0 JavaThread "File watcher consumer"      daemon [_thread_blocked, id=56000, stack(0x0000007e15700000,0x0000007e15780000) (512K)]
  0x000001dcc8f72210 JavaThread "Cache worker for file content cache (C:\Users\PAULO ROBERTO\.gradle\caches\8.9\fileContent)"        [_thread_blocked, id=55852, stack(0x0000007e15800000,0x0000007e15880000) (512K)]
  0x000001dcc8f73c50 JavaThread "jar transforms"                    [_thread_blocked, id=63268, stack(0x0000007e15980000,0x0000007e15a00000) (512K)]
  0x000001dcc8f742e0 JavaThread "jar transforms Thread 2"           [_thread_blocked, id=63824, stack(0x0000007e15a00000,0x0000007e15a80000) (512K)]
  0x000001dcc8f71b80 JavaThread "jar transforms Thread 3"           [_thread_blocked, id=51472, stack(0x0000007e15a80000,0x0000007e15b00000) (512K)]
  0x000001dcc8f70e60 JavaThread "jar transforms Thread 4"           [_thread_blocked, id=58140, stack(0x0000007e15b00000,0x0000007e15b80000) (512K)]
  0x000001dcc8f75d20 JavaThread "jar transforms Thread 5"           [_thread_blocked, id=10028, stack(0x0000007e15b80000,0x0000007e15c00000) (512K)]
  0x000001dcc8f75690 JavaThread "jar transforms Thread 6"           [_thread_blocked, id=14836, stack(0x0000007e15c00000,0x0000007e15c80000) (512K)]
  0x000001dcc8f770d0 JavaThread "jar transforms Thread 7"           [_thread_blocked, id=17060, stack(0x0000007e15c80000,0x0000007e15d00000) (512K)]
  0x000001dcc8d4f480 JavaThread "jar transforms Thread 8"           [_thread_blocked, id=43208, stack(0x0000007e15e80000,0x0000007e15f00000) (512K)]
  0x000001dcc8d4edf0 JavaThread "jar transforms Thread 9"           [_thread_blocked, id=61248, stack(0x0000007e15f00000,0x0000007e15f80000) (512K)]
  0x000001dcc8d51be0 JavaThread "jar transforms Thread 10"          [_thread_blocked, id=63980, stack(0x0000007e15f80000,0x0000007e16000000) (512K)]
  0x000001dcc8d52270 JavaThread "jar transforms Thread 11"          [_thread_blocked, id=62048, stack(0x0000007e16000000,0x0000007e16080000) (512K)]
  0x000001dcc8d501a0 JavaThread "jar transforms Thread 12"          [_thread_blocked, id=54984, stack(0x0000007e16080000,0x0000007e16100000) (512K)]
  0x000001dcc8d50830 JavaThread "Memory manager"                    [_thread_blocked, id=51880, stack(0x0000007e16100000,0x0000007e16180000) (512K)]
  0x000001dcc76d0270 JavaThread "C1 CompilerThread2"         daemon [_thread_blocked, id=60704, stack(0x0000007e14380000,0x0000007e14480000) (1024K)]
  0x000001dcca51f8b0 JavaThread "C1 CompilerThread3"         daemon [_thread_blocked, id=63292, stack(0x0000007e15d80000,0x0000007e15e80000) (1024K)]
Total: 43

Other Threads:
=>0x000001dcc23116a0 VMThread "VM Thread"                           [id=48116, stack(0x0000007e13a80000,0x0000007e13b80000) (1024K)]
  0x000001dcc22ae450 WatcherThread "VM Periodic Task Thread"        [id=48728, stack(0x0000007e13980000,0x0000007e13a80000) (1024K)]
  0x000001dcb11d1430 WorkerThread "GC Thread#0"                     [id=64376, stack(0x0000007e13480000,0x0000007e13580000) (1024K)]
  0x000001dcc23121b0 WorkerThread "GC Thread#1"                     [id=46704, stack(0x0000007e14180000,0x0000007e14280000) (1024K)]
  0x000001dcc2311a50 WorkerThread "GC Thread#2"                     [id=50788, stack(0x0000007e14280000,0x0000007e14380000) (1024K)]
  0x000001dcc2310f40 WorkerThread "GC Thread#3"                     [id=63968, stack(0x0000007e14580000,0x0000007e14680000) (1024K)]
  0x000001dcc23112f0 WorkerThread "GC Thread#4"                     [id=42480, stack(0x0000007e14680000,0x0000007e14780000) (1024K)]
  0x000001dcc83ce0f0 WorkerThread "GC Thread#5"                     [id=63492, stack(0x0000007e14c80000,0x0000007e14d80000) (1024K)]
  0x000001dcc83d0980 WorkerThread "GC Thread#6"                     [id=63028, stack(0x0000007e14d80000,0x0000007e14e80000) (1024K)]
  0x000001dcc83d0d30 WorkerThread "GC Thread#7"                     [id=57668, stack(0x0000007e14e80000,0x0000007e14f80000) (1024K)]
  0x000001dcc83cd230 WorkerThread "GC Thread#8"                     [id=21368, stack(0x0000007e14f80000,0x0000007e15080000) (1024K)]
  0x000001dcc83cd5e0 WorkerThread "GC Thread#9"                     [id=54416, stack(0x0000007e15080000,0x0000007e15180000) (1024K)]
  0x000001dcb11d7330 ConcurrentGCThread "G1 Main Marker"            [id=26960, stack(0x0000007e13580000,0x0000007e13680000) (1024K)]
  0x000001dcb0fecb50 WorkerThread "G1 Conc#0"                       [id=56912, stack(0x0000007e13680000,0x0000007e13780000) (1024K)]
  0x000001dcc83cdd40 WorkerThread "G1 Conc#1"                       [id=59712, stack(0x0000007e15180000,0x0000007e15280000) (1024K)]
  0x000001dcc83cfac0 WorkerThread "G1 Conc#2"                       [id=36332, stack(0x0000007e15280000,0x0000007e15380000) (1024K)]
  0x000001dcb124d5c0 ConcurrentGCThread "G1 Refine#0"               [id=15812, stack(0x0000007e13780000,0x0000007e13880000) (1024K)]
  0x000001dcb124df50 ConcurrentGCThread "G1 Service"                [id=50612, stack(0x0000007e13880000,0x0000007e13980000) (1024K)]
Total: 18

Threads with active compile tasks:
Total: 0

VM state: at safepoint (normal execution)

VM Mutex/Monitor currently owned by a thread:  ([mutex/lock_event])
[0x00007ffb421faf50] Threads_lock - owner thread: 0x000001dcc23116a0
[0x00007ffb421fb050] Heap_lock - owner thread: 0x000001dcb11d7330

Heap address: 0x00000000d8000000, size: 640 MB, Compressed Oops mode: 32-bit

CDS archive(s) not mapped
Compressed class space mapped at: 0x0000000100000000-0x0000000108000000, reserved size: 134217728
Narrow klass base: 0x0000000000000000, Narrow klass shift: 3, Narrow klass range: 0x108000000

GC Precious Log:
 CardTable entry size: 512
 Card Set container configuration: InlinePtr #cards 5 size 8 Array Of Cards #cards 12 size 40 Howl #buckets 4 coarsen threshold 1843 Howl Bitmap #cards 512 size 80 coarsen threshold 460 Card regions per heap region 1 cards per card region 2048
 CPUs: 12 total, 12 available
 Memory: 16087M
 Large Page Support: Disabled
 NUMA Support: Disabled
 Compressed Oops: Enabled (32-bit)
 Heap Region Size: 1M
 Heap Min Capacity: 96M
 Heap Initial Capacity: 96M
 Heap Max Capacity: 640M
 Pre-touch: Disabled
 Parallel Workers: 10
 Concurrent Workers: 3
 Concurrent Refinement Workers: 10
 Periodic GC: Disabled

Heap:
 garbage-first heap   total 148480K, used 98341K [0x00000000d8000000, 0x0000000100000000)
  region size 1024K, 8 young (8192K), 5 survivors (5120K)
 Metaspace       used 85790K, committed 88064K, reserved 262144K
  class space    used 12331K, committed 13440K, reserved 131072K

Heap Regions: E=young(eden), S=young(survivor), O=old, HS=humongous(starts), HC=humongous(continues), CS=collection set, F=free, TAMS=top-at-mark-start, PB=parsable bottom
|   0|0x00000000d8000000, 0x00000000d8100000, 0x00000000d8100000|100%|HS|  |TAMS 0x00000000d8100000| PB 0x00000000d8000000| Complete 
|   1|0x00000000d8100000, 0x00000000d8200000, 0x00000000d8200000|100%|HC|  |TAMS 0x00000000d8200000| PB 0x00000000d8100000| Complete 
|   2|0x00000000d8200000, 0x00000000d8300000, 0x00000000d8300000|100%|HC|  |TAMS 0x00000000d8300000| PB 0x00000000d8200000| Complete 
|   3|0x00000000d8300000, 0x00000000d8400000, 0x00000000d8400000|100%|HC|  |TAMS 0x00000000d8400000| PB 0x00000000d8300000| Complete 
|   4|0x00000000d8400000, 0x00000000d8500000, 0x00000000d8500000|100%| O|  |TAMS 0x00000000d8500000| PB 0x00000000d8500000| Untracked 
|   5|0x00000000d8500000, 0x00000000d8600000, 0x00000000d8600000|100%| O|  |TAMS 0x00000000d8600000| PB 0x00000000d8600000| Untracked 
|   6|0x00000000d8600000, 0x00000000d8700000, 0x00000000d8700000|100%| O|  |TAMS 0x00000000d8700000| PB 0x00000000d8700000| Updating 
|   7|0x00000000d8700000, 0x00000000d8800000, 0x00000000d8800000|100%| O|  |TAMS 0x00000000d8800000| PB 0x00000000d8800000| Untracked 
|   8|0x00000000d8800000, 0x00000000d8900000, 0x00000000d8900000|100%| O|  |TAMS 0x00000000d8900000| PB 0x00000000d8900000| Untracked 
|   9|0x00000000d8900000, 0x00000000d8a00000, 0x00000000d8a00000|100%| O|  |TAMS 0x00000000d8a00000| PB 0x00000000d8a00000| Untracked 
|  10|0x00000000d8a00000, 0x00000000d8b00000, 0x00000000d8b00000|100%|HS|  |TAMS 0x00000000d8b00000| PB 0x00000000d8a00000| Complete 
|  11|0x00000000d8b00000, 0x00000000d8c00000, 0x00000000d8c00000|100%| O|  |TAMS 0x00000000d8c00000| PB 0x00000000d8c00000| Untracked 
|  12|0x00000000d8c00000, 0x00000000d8d00000, 0x00000000d8d00000|100%| O|  |TAMS 0x00000000d8d00000| PB 0x00000000d8d00000| Untracked 
|  13|0x00000000d8d00000, 0x00000000d8e00000, 0x00000000d8e00000|100%| O|  |TAMS 0x00000000d8e00000| PB 0x00000000d8e00000| Untracked 
|  14|0x00000000d8e00000, 0x00000000d8f00000, 0x00000000d8f00000|100%| O|  |TAMS 0x00000000d8f00000| PB 0x00000000d8f00000| Untracked 
|  15|0x00000000d8f00000, 0x00000000d9000000, 0x00000000d9000000|100%| O|  |TAMS 0x00000000d9000000| PB 0x00000000d9000000| Untracked 
|  16|0x00000000d9000000, 0x00000000d9100000, 0x00000000d9100000|100%| O|  |TAMS 0x00000000d9100000| PB 0x00000000d9100000| Updating 
|  17|0x00000000d9100000, 0x00000000d9200000, 0x00000000d9200000|100%| O|  |TAMS 0x00000000d9200000| PB 0x00000000d9200000| Untracked 
|  18|0x00000000d9200000, 0x00000000d9300000, 0x00000000d9300000|100%| O|  |TAMS 0x00000000d9300000| PB 0x00000000d9300000| Untracked 
|  19|0x00000000d9300000, 0x00000000d9400000, 0x00000000d9400000|100%| O|  |TAMS 0x00000000d9400000| PB 0x00000000d9400000| Untracked 
|  20|0x00000000d9400000, 0x00000000d9500000, 0x00000000d9500000|100%| O|  |TAMS 0x00000000d9500000| PB 0x00000000d9500000| Untracked 
|  21|0x00000000d9500000, 0x00000000d9600000, 0x00000000d9600000|100%| O|  |TAMS 0x00000000d9600000| PB 0x00000000d9600000| Untracked 
|  22|0x00000000d9600000, 0x00000000d9700000, 0x00000000d9700000|100%| O|  |TAMS 0x00000000d9700000| PB 0x00000000d9700000| Untracked 
|  23|0x00000000d9700000, 0x00000000d9800000, 0x00000000d9800000|100%| O|  |TAMS 0x00000000d9800000| PB 0x00000000d9800000| Updating 
|  24|0x00000000d9800000, 0x00000000d9900000, 0x00000000d9900000|100%| O|  |TAMS 0x00000000d9900000| PB 0x00000000d9900000| Untracked 
|  25|0x00000000d9900000, 0x00000000d9a00000, 0x00000000d9a00000|100%| O|  |TAMS 0x00000000d9a00000| PB 0x00000000d9a00000| Untracked 
|  26|0x00000000d9a00000, 0x00000000d9b00000, 0x00000000d9b00000|100%| O|  |TAMS 0x00000000d9b00000| PB 0x00000000d9b00000| Untracked 
|  27|0x00000000d9b00000, 0x00000000d9c00000, 0x00000000d9c00000|100%| O|  |TAMS 0x00000000d9c00000| PB 0x00000000d9c00000| Untracked 
|  28|0x00000000d9c00000, 0x00000000d9d00000, 0x00000000d9d00000|100%| O|  |TAMS 0x00000000d9d00000| PB 0x00000000d9d00000| Updating 
|  29|0x00000000d9d00000, 0x00000000d9e00000, 0x00000000d9e00000|100%| O|  |TAMS 0x00000000d9e00000| PB 0x00000000d9e00000| Untracked 
|  30|0x00000000d9e00000, 0x00000000d9f00000, 0x00000000d9f00000|100%| O|  |TAMS 0x00000000d9f00000| PB 0x00000000d9f00000| Updating 
|  31|0x00000000d9f00000, 0x00000000da000000, 0x00000000da000000|100%| O|  |TAMS 0x00000000da000000| PB 0x00000000da000000| Untracked 
|  32|0x00000000da000000, 0x00000000da100000, 0x00000000da100000|100%| O|  |TAMS 0x00000000da100000| PB 0x00000000da100000| Untracked 
|  33|0x00000000da100000, 0x00000000da200000, 0x00000000da200000|100%| O|  |TAMS 0x00000000da200000| PB 0x00000000da200000| Untracked 
|  34|0x00000000da200000, 0x00000000da300000, 0x00000000da300000|100%| O|  |TAMS 0x00000000da300000| PB 0x00000000da300000| Untracked 
|  35|0x00000000da300000, 0x00000000da400000, 0x00000000da400000|100%| O|  |TAMS 0x00000000da400000| PB 0x00000000da400000| Untracked 
|  36|0x00000000da400000, 0x00000000da500000, 0x00000000da500000|100%| O|  |TAMS 0x00000000da500000| PB 0x00000000da500000| Untracked 
|  37|0x00000000da500000, 0x00000000da600000, 0x00000000da600000|100%| O|  |TAMS 0x00000000da600000| PB 0x00000000da600000| Updating 
|  38|0x00000000da600000, 0x00000000da700000, 0x00000000da700000|100%|HS|  |TAMS 0x00000000da700000| PB 0x00000000da600000| Complete 
|  39|0x00000000da700000, 0x00000000da800000, 0x00000000da800000|100%| O|  |TAMS 0x00000000da800000| PB 0x00000000da800000| Updating 
|  40|0x00000000da800000, 0x00000000da900000, 0x00000000da900000|100%| O|  |TAMS 0x00000000da900000| PB 0x00000000da900000| Untracked 
|  41|0x00000000da900000, 0x00000000daa00000, 0x00000000daa00000|100%| O|  |TAMS 0x00000000daa00000| PB 0x00000000daa00000| Untracked 
|  42|0x00000000daa00000, 0x00000000dab00000, 0x00000000dab00000|100%| O|  |TAMS 0x00000000dab00000| PB 0x00000000dab00000| Untracked 
|  43|0x00000000dab00000, 0x00000000dac00000, 0x00000000dac00000|100%| O|  |TAMS 0x00000000dab00000| PB 0x00000000dab00000| Untracked 
|  44|0x00000000dac00000, 0x00000000dad00000, 0x00000000dad00000|100%|HS|  |TAMS 0x00000000dad00000| PB 0x00000000dac00000| Complete 
|  45|0x00000000dad00000, 0x00000000dae00000, 0x00000000dae00000|100%|HS|  |TAMS 0x00000000dae00000| PB 0x00000000dad00000| Complete 
|  46|0x00000000dae00000, 0x00000000daf00000, 0x00000000daf00000|100%|HS|  |TAMS 0x00000000daf00000| PB 0x00000000dae00000| Complete 
|  47|0x00000000daf00000, 0x00000000db000000, 0x00000000db000000|100%|HS|  |TAMS 0x00000000db000000| PB 0x00000000daf00000| Complete 
|  48|0x00000000db000000, 0x00000000db100000, 0x00000000db100000|100%| O|  |TAMS 0x00000000db100000| PB 0x00000000db100000| Untracked 
|  49|0x00000000db100000, 0x00000000db200000, 0x00000000db200000|100%| O|  |TAMS 0x00000000db200000| PB 0x00000000db200000| Updating 
|  50|0x00000000db200000, 0x00000000db300000, 0x00000000db300000|100%|HS|  |TAMS 0x00000000db300000| PB 0x00000000db200000| Complete 
|  51|0x00000000db300000, 0x00000000db400000, 0x00000000db400000|100%| O|  |TAMS 0x00000000db400000| PB 0x00000000db400000| Untracked 
|  52|0x00000000db400000, 0x00000000db500000, 0x00000000db500000|100%| O|  |TAMS 0x00000000db500000| PB 0x00000000db500000| Untracked 
|  53|0x00000000db500000, 0x00000000db600000, 0x00000000db600000|100%| O|  |TAMS 0x00000000db600000| PB 0x00000000db600000| Updating 
|  54|0x00000000db600000, 0x00000000db700000, 0x00000000db700000|100%| O|  |TAMS 0x00000000db700000| PB 0x00000000db700000| Untracked 
|  55|0x00000000db700000, 0x00000000db800000, 0x00000000db800000|100%| O|  |TAMS 0x00000000db800000| PB 0x00000000db800000| Untracked 
|  56|0x00000000db800000, 0x00000000db900000, 0x00000000db900000|100%| O|  |TAMS 0x00000000db900000| PB 0x00000000db900000| Untracked 
|  57|0x00000000db900000, 0x00000000dba00000, 0x00000000dba00000|100%| O|  |TAMS 0x00000000dba00000| PB 0x00000000dba00000| Updating 
|  58|0x00000000dba00000, 0x00000000dbb00000, 0x00000000dbb00000|100%| O|  |TAMS 0x00000000dbb00000| PB 0x00000000dbb00000| Updating 
|  59|0x00000000dbb00000, 0x00000000dbc00000, 0x00000000dbc00000|100%| O|  |TAMS 0x00000000dbc00000| PB 0x00000000dbc00000| Updating 
|  60|0x00000000dbc00000, 0x00000000dbd00000, 0x00000000dbd00000|100%| O|  |TAMS 0x00000000dbd00000| PB 0x00000000dbd00000| Untracked 
|  61|0x00000000dbd00000, 0x00000000dbe00000, 0x00000000dbe00000|100%| O|  |TAMS 0x00000000dbe00000| PB 0x00000000dbe00000| Updating 
|  62|0x00000000dbe00000, 0x00000000dbf00000, 0x00000000dbf00000|100%| O|  |TAMS 0x00000000dbf00000| PB 0x00000000dbf00000| Untracked 
|  63|0x00000000dbf00000, 0x00000000dc000000, 0x00000000dc000000|100%| O|  |TAMS 0x00000000dc000000| PB 0x00000000dc000000| Untracked 
|  64|0x00000000dc000000, 0x00000000dc100000, 0x00000000dc100000|100%| O|  |TAMS 0x00000000dc100000| PB 0x00000000dc100000| Untracked 
|  65|0x00000000dc100000, 0x00000000dc200000, 0x00000000dc200000|100%| O|  |TAMS 0x00000000dc200000| PB 0x00000000dc200000| Untracked 
|  66|0x00000000dc200000, 0x00000000dc300000, 0x00000000dc300000|100%|HS|  |TAMS 0x00000000dc300000| PB 0x00000000dc200000| Complete 
|  67|0x00000000dc300000, 0x00000000dc400000, 0x00000000dc400000|100%| O|  |TAMS 0x00000000dc400000| PB 0x00000000dc400000| Untracked 
|  68|0x00000000dc400000, 0x00000000dc500000, 0x00000000dc500000|100%| O|  |TAMS 0x00000000dc500000| PB 0x00000000dc500000| Untracked 
|  69|0x00000000dc500000, 0x00000000dc600000, 0x00000000dc600000|100%| O|  |TAMS 0x00000000dc600000| PB 0x00000000dc600000| Untracked 
|  70|0x00000000dc600000, 0x00000000dc700000, 0x00000000dc700000|100%| O|  |TAMS 0x00000000dc700000| PB 0x00000000dc700000| Untracked 
|  71|0x00000000dc700000, 0x00000000dc800000, 0x00000000dc800000|100%| O|  |TAMS 0x00000000dc800000| PB 0x00000000dc800000| Untracked 
|  72|0x00000000dc800000, 0x00000000dc900000, 0x00000000dc900000|100%| O|  |TAMS 0x00000000dc900000| PB 0x00000000dc900000| Untracked 
|  73|0x00000000dc900000, 0x00000000dca00000, 0x00000000dca00000|100%| O|  |TAMS 0x00000000dca00000| PB 0x00000000dca00000| Untracked 
|  74|0x00000000dca00000, 0x00000000dcb00000, 0x00000000dcb00000|100%| O|  |TAMS 0x00000000dcb00000| PB 0x00000000dcb00000| Untracked 
|  75|0x00000000dcb00000, 0x00000000dcc00000, 0x00000000dcc00000|100%| O|  |TAMS 0x00000000dcb00000| PB 0x00000000dcb00000| Untracked 
|  76|0x00000000dcc00000, 0x00000000dcd00000, 0x00000000dcd00000|100%| O|  |TAMS 0x00000000dcd00000| PB 0x00000000dcd00000| Updating 
|  77|0x00000000dcd00000, 0x00000000dce00000, 0x00000000dce00000|100%| O|  |TAMS 0x00000000dce00000| PB 0x00000000dce00000| Untracked 
|  78|0x00000000dce00000, 0x00000000dcf00000, 0x00000000dcf00000|100%| O|  |TAMS 0x00000000dcf00000| PB 0x00000000dcf00000| Untracked 
|  79|0x00000000dcf00000, 0x00000000dd000000, 0x00000000dd000000|100%| O|  |TAMS 0x00000000dd000000| PB 0x00000000dd000000| Updating 
|  80|0x00000000dd000000, 0x00000000dd100000, 0x00000000dd100000|100%| O|  |TAMS 0x00000000dd100000| PB 0x00000000dd100000| Updating 
|  81|0x00000000dd100000, 0x00000000dd200000, 0x00000000dd200000|100%| O|  |TAMS 0x00000000dd100000| PB 0x00000000dd100000| Untracked 
|  82|0x00000000dd200000, 0x00000000dd300000, 0x00000000dd300000|100%| O|  |TAMS 0x00000000dd300000| PB 0x00000000dd300000| Updating 
|  83|0x00000000dd300000, 0x00000000dd400000, 0x00000000dd400000|100%| O|  |TAMS 0x00000000dd300000| PB 0x00000000dd300000| Untracked 
|  84|0x00000000dd400000, 0x00000000dd500000, 0x00000000dd500000|100%| O|  |TAMS 0x00000000dd400000| PB 0x00000000dd400000| Untracked 
|  85|0x00000000dd500000, 0x00000000dd544940, 0x00000000dd600000| 26%| O|  |TAMS 0x00000000dd500000| PB 0x00000000dd500000| Updating 
|  86|0x00000000dd600000, 0x00000000dd700000, 0x00000000dd700000|100%| O|  |TAMS 0x00000000dd700000| PB 0x00000000dd700000| Updating 
|  87|0x00000000dd700000, 0x00000000dd700000, 0x00000000dd800000|  0%| F|  |TAMS 0x00000000dd700000| PB 0x00000000dd700000| Untracked 
|  88|0x00000000dd800000, 0x00000000dd800000, 0x00000000dd900000|  0%| F|  |TAMS 0x00000000dd800000| PB 0x00000000dd800000| Untracked 
|  89|0x00000000dd900000, 0x00000000dd900000, 0x00000000dda00000|  0%| F|  |TAMS 0x00000000dd900000| PB 0x00000000dd900000| Untracked 
|  90|0x00000000dda00000, 0x00000000dda00000, 0x00000000ddb00000|  0%| F|  |TAMS 0x00000000dda00000| PB 0x00000000dda00000| Untracked 
|  91|0x00000000ddb00000, 0x00000000ddb00000, 0x00000000ddc00000|  0%| F|  |TAMS 0x00000000ddb00000| PB 0x00000000ddb00000| Untracked 
|  92|0x00000000ddc00000, 0x00000000ddc00000, 0x00000000ddd00000|  0%| F|  |TAMS 0x00000000ddc00000| PB 0x00000000ddc00000| Untracked 
|  93|0x00000000ddd00000, 0x00000000ddd00000, 0x00000000dde00000|  0%| F|  |TAMS 0x00000000ddd00000| PB 0x00000000ddd00000| Untracked 
|  94|0x00000000dde00000, 0x00000000dde00000, 0x00000000ddf00000|  0%| F|  |TAMS 0x00000000dde00000| PB 0x00000000dde00000| Untracked 
|  95|0x00000000ddf00000, 0x00000000ddf00000, 0x00000000de000000|  0%| F|  |TAMS 0x00000000ddf00000| PB 0x00000000ddf00000| Untracked 
|  96|0x00000000de000000, 0x00000000de0c4b30, 0x00000000de100000| 76%| S|CS|TAMS 0x00000000de000000| PB 0x00000000de000000| Complete 
|  97|0x00000000de100000, 0x00000000de200000, 0x00000000de200000|100%| S|CS|TAMS 0x00000000de100000| PB 0x00000000de100000| Complete 
|  98|0x00000000de200000, 0x00000000de300000, 0x00000000de300000|100%| S|CS|TAMS 0x00000000de200000| PB 0x00000000de200000| Complete 
|  99|0x00000000de300000, 0x00000000de400000, 0x00000000de400000|100%| S|CS|TAMS 0x00000000de300000| PB 0x00000000de300000| Complete 
| 100|0x00000000de400000, 0x00000000de500000, 0x00000000de500000|100%| S|CS|TAMS 0x00000000de400000| PB 0x00000000de400000| Complete 
| 101|0x00000000de500000, 0x00000000de500000, 0x00000000de600000|  0%| F|  |TAMS 0x00000000de500000| PB 0x00000000de500000| Untracked 
| 102|0x00000000de600000, 0x00000000de600000, 0x00000000de700000|  0%| F|  |TAMS 0x00000000de600000| PB 0x00000000de600000| Untracked 
| 103|0x00000000de700000, 0x00000000de700000, 0x00000000de800000|  0%| F|  |TAMS 0x00000000de700000| PB 0x00000000de700000| Untracked 
| 104|0x00000000de800000, 0x00000000de800000, 0x00000000de900000|  0%| F|  |TAMS 0x00000000de800000| PB 0x00000000de800000| Untracked 
| 105|0x00000000de900000, 0x00000000de900000, 0x00000000dea00000|  0%| F|  |TAMS 0x00000000de900000| PB 0x00000000de900000| Untracked 
| 106|0x00000000dea00000, 0x00000000dea00000, 0x00000000deb00000|  0%| F|  |TAMS 0x00000000dea00000| PB 0x00000000dea00000| Untracked 
| 107|0x00000000deb00000, 0x00000000deb00000, 0x00000000dec00000|  0%| F|  |TAMS 0x00000000deb00000| PB 0x00000000deb00000| Untracked 
| 108|0x00000000dec00000, 0x00000000dec00000, 0x00000000ded00000|  0%| F|  |TAMS 0x00000000dec00000| PB 0x00000000dec00000| Untracked 
| 109|0x00000000ded00000, 0x00000000ded00000, 0x00000000dee00000|  0%| F|  |TAMS 0x00000000ded00000| PB 0x00000000ded00000| Untracked 
| 110|0x00000000dee00000, 0x00000000dee00000, 0x00000000def00000|  0%| F|  |TAMS 0x00000000dee00000| PB 0x00000000dee00000| Untracked 
| 111|0x00000000def00000, 0x00000000def00000, 0x00000000df000000|  0%| F|  |TAMS 0x00000000def00000| PB 0x00000000def00000| Untracked 
| 112|0x00000000df000000, 0x00000000df000000, 0x00000000df100000|  0%| F|  |TAMS 0x00000000df000000| PB 0x00000000df000000| Untracked 
| 113|0x00000000df100000, 0x00000000df100000, 0x00000000df200000|  0%| F|  |TAMS 0x00000000df100000| PB 0x00000000df100000| Untracked 
| 114|0x00000000df200000, 0x00000000df200000, 0x00000000df300000|  0%| F|  |TAMS 0x00000000df200000| PB 0x00000000df200000| Untracked 
| 115|0x00000000df300000, 0x00000000df300000, 0x00000000df400000|  0%| F|  |TAMS 0x00000000df300000| PB 0x00000000df300000| Untracked 
| 116|0x00000000df400000, 0x00000000df400000, 0x00000000df500000|  0%| F|  |TAMS 0x00000000df400000| PB 0x00000000df400000| Untracked 
| 117|0x00000000df500000, 0x00000000df500000, 0x00000000df600000|  0%| F|  |TAMS 0x00000000df500000| PB 0x00000000df500000| Untracked 
| 118|0x00000000df600000, 0x00000000df600000, 0x00000000df700000|  0%| F|  |TAMS 0x00000000df600000| PB 0x00000000df600000| Untracked 
| 119|0x00000000df700000, 0x00000000df700000, 0x00000000df800000|  0%| F|  |TAMS 0x00000000df700000| PB 0x00000000df700000| Untracked 
| 120|0x00000000df800000, 0x00000000df800000, 0x00000000df900000|  0%| F|  |TAMS 0x00000000df800000| PB 0x00000000df800000| Untracked 
| 121|0x00000000df900000, 0x00000000df900000, 0x00000000dfa00000|  0%| F|  |TAMS 0x00000000df900000| PB 0x00000000df900000| Untracked 
| 122|0x00000000dfa00000, 0x00000000dfa00000, 0x00000000dfb00000|  0%| F|  |TAMS 0x00000000dfa00000| PB 0x00000000dfa00000| Untracked 
| 123|0x00000000dfb00000, 0x00000000dfb00000, 0x00000000dfc00000|  0%| F|  |TAMS 0x00000000dfb00000| PB 0x00000000dfb00000| Untracked 
| 124|0x00000000dfc00000, 0x00000000dfc00000, 0x00000000dfd00000|  0%| F|  |TAMS 0x00000000dfc00000| PB 0x00000000dfc00000| Untracked 
| 125|0x00000000dfd00000, 0x00000000dfd00000, 0x00000000dfe00000|  0%| F|  |TAMS 0x00000000dfd00000| PB 0x00000000dfd00000| Untracked 
| 126|0x00000000dfe00000, 0x00000000dfe00000, 0x00000000dff00000|  0%| F|  |TAMS 0x00000000dfe00000| PB 0x00000000dfe00000| Untracked 
| 127|0x00000000dff00000, 0x00000000dff00000, 0x00000000e0000000|  0%| F|  |TAMS 0x00000000dff00000| PB 0x00000000dff00000| Untracked 
| 128|0x00000000e0000000, 0x00000000e0000000, 0x00000000e0100000|  0%| F|  |TAMS 0x00000000e0000000| PB 0x00000000e0000000| Untracked 
| 129|0x00000000e0100000, 0x00000000e0100000, 0x00000000e0200000|  0%| F|  |TAMS 0x00000000e0100000| PB 0x00000000e0100000| Untracked 
| 130|0x00000000e0200000, 0x00000000e0200000, 0x00000000e0300000|  0%| F|  |TAMS 0x00000000e0200000| PB 0x00000000e0200000| Untracked 
| 131|0x00000000e0300000, 0x00000000e0300000, 0x00000000e0400000|  0%| F|  |TAMS 0x00000000e0300000| PB 0x00000000e0300000| Untracked 
| 132|0x00000000e0400000, 0x00000000e0400000, 0x00000000e0500000|  0%| F|  |TAMS 0x00000000e0400000| PB 0x00000000e0400000| Untracked 
| 133|0x00000000e0500000, 0x00000000e0500000, 0x00000000e0600000|  0%| F|  |TAMS 0x00000000e0500000| PB 0x00000000e0500000| Untracked 
| 134|0x00000000e0600000, 0x00000000e0600000, 0x00000000e0700000|  0%| F|  |TAMS 0x00000000e0600000| PB 0x00000000e0600000| Untracked 
| 135|0x00000000e0700000, 0x00000000e0700000, 0x00000000e0800000|  0%| F|  |TAMS 0x00000000e0700000| PB 0x00000000e0700000| Untracked 
| 136|0x00000000e0800000, 0x00000000e0800000, 0x00000000e0900000|  0%| F|  |TAMS 0x00000000e0800000| PB 0x00000000e0800000| Untracked 
| 137|0x00000000e0900000, 0x00000000e0900000, 0x00000000e0a00000|  0%| F|  |TAMS 0x00000000e0900000| PB 0x00000000e0900000| Untracked 
| 138|0x00000000e0a00000, 0x00000000e0a00000, 0x00000000e0b00000|  0%| F|  |TAMS 0x00000000e0a00000| PB 0x00000000e0a00000| Untracked 
| 634|0x00000000ffa00000, 0x00000000ffa84ed8, 0x00000000ffb00000| 51%| E|  |TAMS 0x00000000ffa00000| PB 0x00000000ffa00000| Complete 
| 635|0x00000000ffb00000, 0x00000000ffc00000, 0x00000000ffc00000|100%| E|CS|TAMS 0x00000000ffb00000| PB 0x00000000ffb00000| Complete 
| 636|0x00000000ffc00000, 0x00000000ffd00000, 0x00000000ffd00000|100%| E|CS|TAMS 0x00000000ffc00000| PB 0x00000000ffc00000| Complete 
| 637|0x00000000ffd00000, 0x00000000ffe00000, 0x00000000ffe00000|100%| O|  |TAMS 0x00000000ffe00000| PB 0x00000000ffe00000| Untracked 
| 638|0x00000000ffe00000, 0x00000000fff00000, 0x00000000fff00000|100%| O|  |TAMS 0x00000000fff00000| PB 0x00000000fff00000| Untracked 
| 639|0x00000000fff00000, 0x0000000100000000, 0x0000000100000000|100%| O|  |TAMS 0x0000000100000000| PB 0x0000000100000000| Untracked 

Card table byte_map: [0x000001dcbeb90000,0x000001dcbecd0000] _byte_map_base: 0x000001dcbe4d0000

Marking Bits: (CMBitMap*) 0x000001dcb11d1a50
 Bits: [0x000001dcbecd0000, 0x000001dcbf6d0000)

Polling page: 0x000001dcb1250000

Metaspace:

Usage:
  Non-class:     71.74 MB used.
      Class:     12.04 MB used.
       Both:     83.78 MB used.

Virtual space:
  Non-class space:      128.00 MB reserved,      72.88 MB ( 57%) committed,  2 nodes.
      Class space:      128.00 MB reserved,      13.12 MB ( 10%) committed,  1 nodes.
             Both:      256.00 MB reserved,      86.00 MB ( 34%) committed. 

Chunk freelists:
   Non-Class:  6.77 MB
       Class:  2.80 MB
        Both:  9.56 MB

MaxMetaspaceSize: 160.00 MB
CompressedClassSpaceSize: 128.00 MB
Initial GC threshold: 21.00 MB
Current GC threshold: 140.31 MB
CDS: off
 - commit_granule_bytes: 65536.
 - commit_granule_words: 8192.
 - virtual_space_node_default_size: 8388608.
 - enlarge_chunks_in_place: 1.
 - use_allocation_guard: 0.


Internal statistics:

num_allocs_failed_limit: 9.
num_arena_births: 3796.
num_arena_deaths: 4.
num_vsnodes_births: 3.
num_vsnodes_deaths: 0.
num_space_committed: 1376.
num_space_uncommitted: 0.
num_chunks_returned_to_freelist: 21.
num_chunks_taken_from_freelist: 7511.
num_chunk_merges: 12.
num_chunk_splits: 4894.
num_chunks_enlarged: 3056.
num_inconsistent_stats: 0.

CodeCache: size=49152Kb used=17385Kb max_used=19673Kb free=31766Kb
 bounds [0x000001dcbafb0000, 0x000001dcbc2f0000, 0x000001dcbdfb0000]
 total_blobs=8844 nmethods=7905 adapters=859
 compilation: enabled
              stopped_count=0, restarted_count=0
 full_count=0

Compilation events (20 events):
Event: 19.872 Thread 0x000001dcc268ec00 11573       1       java.util.concurrent.ConcurrentLinkedQueue$Itr::next (96 bytes)
Event: 19.872 Thread 0x000001dcc76d0270 11575       1       java.util.concurrent.ConcurrentLinkedQueue$$Lambda/0x0000000100a97138::test (5 bytes)
Event: 19.872 Thread 0x000001dcca51f8b0 11574       1       java.util.concurrent.ConcurrentLinkedQueue::succ (17 bytes)
Event: 19.872 Thread 0x000001dcc76d0270 nmethod 11575 0x000001dcbc2e2910 code [0x000001dcbc2e2aa0, 0x000001dcbc2e2b68]
Event: 19.872 Thread 0x000001dcc24d7280 11576       1       org.gradle.internal.concurrent.CompositeStoppable::add (34 bytes)
Event: 19.872 Thread 0x000001dcc76d0270 11578       1       java.util.concurrent.ConcurrentLinkedQueue$Itr::<init> (75 bytes)
Event: 19.872 Thread 0x000001dcca51f8b0 nmethod 11574 0x000001dcbc2e2c10 code [0x000001dcbc2e2da0, 0x000001dcbc2e2e78]
Event: 19.873 Thread 0x000001dcca51f8b0 11577       1       java.util.concurrent.ConcurrentLinkedQueue::iterator (9 bytes)
Event: 19.873 Thread 0x000001dcca51f8b0 nmethod 11577 0x000001dcbc2e2f10 code [0x000001dcbc2e30c0, 0x000001dcbc2e3208]
Event: 19.873 Thread 0x000001dcca51f8b0 11579       1       org.gradle.internal.concurrent.CompositeStoppable$1::stop (1 bytes)
Event: 19.873 Thread 0x000001dcc268ec00 nmethod 11573 0x000001dcbc2e3290 code [0x000001dcbc2e3460, 0x000001dcbc2e3808]
Event: 19.873 Thread 0x000001dcca51f8b0 nmethod 11579 0x000001dcbc2e3a10 code [0x000001dcbc2e3ba0, 0x000001dcbc2e3c68]
Event: 19.873 Thread 0x000001dcc24d7280 nmethod 11576 0x000001dcbc2e3d10 code [0x000001dcbc2e3f00, 0x000001dcbc2e41b8]
Event: 19.873 Thread 0x000001dcc24d7280 11580       1       java.lang.invoke.VarHandleReferences$FieldInstanceReadWrite::setRelease (35 bytes)
Event: 19.874 Thread 0x000001dcc268ec00 11581       1       org.gradle.internal.logging.events.ProgressCompleteEvent::getProgressOperationId (5 bytes)
Event: 19.874 Thread 0x000001dcc268ec00 nmethod 11581 0x000001dcbc2e4390 code [0x000001dcbc2e4520, 0x000001dcbc2e45e8]
Event: 19.874 Thread 0x000001dcc24d7280 nmethod 11580 0x000001dcbc2e4690 code [0x000001dcbc2e4880, 0x000001dcbc2e4c98]
Event: 19.874 Thread 0x000001dcc76d0270 nmethod 11578 0x000001dcbc2e4e90 code [0x000001dcbc2e5100, 0x000001dcbc2e5a68]
Event: 19.879 Thread 0x000001dcca51f8b0 11582       1       java.util.concurrent.ConcurrentHashMap$KeyIterator::next (34 bytes)
Event: 19.879 Thread 0x000001dcca51f8b0 nmethod 11582 0x000001dcbc2e5f10 code [0x000001dcbc2e60c0, 0x000001dcbc2e62c0]

GC Heap History (20 events):
Event: 13.812 GC heap before
{Heap before GC invocations=26 (full 0):
 garbage-first heap   total 111616K, used 86315K [0x00000000d8000000, 0x0000000100000000)
  region size 1024K, 24 young (24576K), 3 survivors (3072K)
 Metaspace       used 70959K, committed 72832K, reserved 196608K
  class space    used 9941K, committed 10880K, reserved 131072K
}
Event: 13.815 GC heap after
{Heap after GC invocations=27 (full 0):
 garbage-first heap   total 111616K, used 69188K [0x00000000d8000000, 0x0000000100000000)
  region size 1024K, 3 young (3072K), 3 survivors (3072K)
 Metaspace       used 70959K, committed 72832K, reserved 196608K
  class space    used 9941K, committed 10880K, reserved 131072K
}
Event: 14.036 GC heap before
{Heap before GC invocations=28 (full 0):
 garbage-first heap   total 138240K, used 104004K [0x00000000d8000000, 0x0000000100000000)
  region size 1024K, 33 young (33792K), 3 survivors (3072K)
 Metaspace       used 72446K, committed 74304K, reserved 196608K
  class space    used 10151K, committed 11072K, reserved 131072K
}
Event: 14.040 GC heap after
{Heap after GC invocations=29 (full 0):
 garbage-first heap   total 138240K, used 73306K [0x00000000d8000000, 0x0000000100000000)
  region size 1024K, 5 young (5120K), 5 survivors (5120K)
 Metaspace       used 72446K, committed 74304K, reserved 196608K
  class space    used 10151K, committed 11072K, reserved 131072K
}
Event: 14.326 GC heap before
{Heap before GC invocations=29 (full 0):
 garbage-first heap   total 138240K, used 117338K [0x00000000d8000000, 0x0000000100000000)
  region size 1024K, 48 young (49152K), 5 survivors (5120K)
 Metaspace       used 74922K, committed 76864K, reserved 262144K
  class space    used 10497K, committed 11456K, reserved 131072K
}
Event: 14.331 GC heap after
{Heap after GC invocations=30 (full 0):
 garbage-first heap   total 138240K, used 75855K [0x00000000d8000000, 0x0000000100000000)
  region size 1024K, 4 young (4096K), 4 survivors (4096K)
 Metaspace       used 74922K, committed 76864K, reserved 262144K
  class space    used 10497K, committed 11456K, reserved 131072K
}
Event: 14.789 GC heap before
{Heap before GC invocations=30 (full 0):
 garbage-first heap   total 138240K, used 118863K [0x00000000d8000000, 0x0000000100000000)
  region size 1024K, 46 young (47104K), 4 survivors (4096K)
 Metaspace       used 75500K, committed 77504K, reserved 262144K
  class space    used 10580K, committed 11584K, reserved 131072K
}
Event: 14.795 GC heap after
{Heap after GC invocations=31 (full 0):
 garbage-first heap   total 138240K, used 79870K [0x00000000d8000000, 0x0000000100000000)
  region size 1024K, 6 young (6144K), 6 survivors (6144K)
 Metaspace       used 75500K, committed 77504K, reserved 262144K
  class space    used 10580K, committed 11584K, reserved 131072K
}
Event: 15.083 GC heap before
{Heap before GC invocations=32 (full 0):
 garbage-first heap   total 140288K, used 121854K [0x00000000d8000000, 0x0000000100000000)
  region size 1024K, 47 young (48128K), 6 survivors (6144K)
 Metaspace       used 78592K, committed 80576K, reserved 262144K
  class space    used 11017K, committed 12032K, reserved 131072K
}
Event: 15.090 GC heap after
{Heap after GC invocations=33 (full 0):
 garbage-first heap   total 140288K, used 81993K [0x00000000d8000000, 0x0000000100000000)
  region size 1024K, 2 young (2048K), 2 survivors (2048K)
 Metaspace       used 78592K, committed 80576K, reserved 262144K
  class space    used 11017K, committed 12032K, reserved 131072K
}
Event: 15.596 GC heap before
{Heap before GC invocations=33 (full 0):
 garbage-first heap   total 140288K, used 125001K [0x00000000d8000000, 0x0000000100000000)
  region size 1024K, 44 young (45056K), 2 survivors (2048K)
 Metaspace       used 82134K, committed 84160K, reserved 262144K
  class space    used 11672K, committed 12672K, reserved 131072K
}
Event: 15.600 GC heap after
{Heap after GC invocations=34 (full 0):
 garbage-first heap   total 140288K, used 83184K [0x00000000d8000000, 0x0000000100000000)
  region size 1024K, 4 young (4096K), 4 survivors (4096K)
 Metaspace       used 82134K, committed 84160K, reserved 262144K
  class space    used 11672K, committed 12672K, reserved 131072K
}
Event: 17.238 GC heap before
{Heap before GC invocations=34 (full 0):
 garbage-first heap   total 140288K, used 126192K [0x00000000d8000000, 0x0000000100000000)
  region size 1024K, 47 young (48128K), 4 survivors (4096K)
 Metaspace       used 84021K, committed 86208K, reserved 262144K
  class space    used 11946K, committed 12992K, reserved 131072K
}
Event: 17.243 GC heap after
{Heap after GC invocations=35 (full 0):
 garbage-first heap   total 140288K, used 86760K [0x00000000d8000000, 0x0000000100000000)
  region size 1024K, 6 young (6144K), 6 survivors (6144K)
 Metaspace       used 84021K, committed 86208K, reserved 262144K
  class space    used 11946K, committed 12992K, reserved 131072K
}
Event: 18.760 GC heap before
{Heap before GC invocations=36 (full 0):
 garbage-first heap   total 148480K, used 124648K [0x00000000d8000000, 0x0000000100000000)
  region size 1024K, 44 young (45056K), 6 survivors (6144K)
 Metaspace       used 84032K, committed 86208K, reserved 262144K
  class space    used 11949K, committed 12992K, reserved 131072K
}
Event: 18.766 GC heap after
{Heap after GC invocations=37 (full 0):
 garbage-first heap   total 148480K, used 88404K [0x00000000d8000000, 0x0000000100000000)
  region size 1024K, 2 young (2048K), 2 survivors (2048K)
 Metaspace       used 84032K, committed 86208K, reserved 262144K
  class space    used 11949K, committed 12992K, reserved 131072K
}
Event: 19.420 GC heap before
{Heap before GC invocations=37 (full 0):
 garbage-first heap   total 148480K, used 135508K [0x00000000d8000000, 0x0000000100000000)
  region size 1024K, 48 young (49152K), 2 survivors (2048K)
 Metaspace       used 85188K, committed 87360K, reserved 262144K
  class space    used 12209K, committed 13248K, reserved 131072K
}
Event: 19.423 GC heap after
{Heap after GC invocations=38 (full 0):
 garbage-first heap   total 148480K, used 91501K [0x00000000d8000000, 0x0000000100000000)
  region size 1024K, 6 young (6144K), 6 survivors (6144K)
 Metaspace       used 85188K, committed 87360K, reserved 262144K
  class space    used 12209K, committed 13248K, reserved 131072K
}
Event: 19.832 GC heap before
{Heap before GC invocations=38 (full 0):
 garbage-first heap   total 148480K, used 133485K [0x00000000d8000000, 0x0000000100000000)
  region size 1024K, 47 young (48128K), 6 survivors (6144K)
 Metaspace       used 85677K, committed 87936K, reserved 262144K
  class space    used 12312K, committed 13376K, reserved 131072K
}
Event: 19.839 GC heap after
{Heap after GC invocations=39 (full 0):
 garbage-first heap   total 148480K, used 96293K [0x00000000d8000000, 0x0000000100000000)
  region size 1024K, 5 young (5120K), 5 survivors (5120K)
 Metaspace       used 85677K, committed 87936K, reserved 262144K
  class space    used 12312K, committed 13376K, reserved 131072K
}

Dll operation events (14 events):
Event: 0.014 Loaded shared library C:\Program Files\Java\jdk-21.0.11\bin\java.dll
Event: 0.212 Loaded shared library C:\Program Files\Java\jdk-21.0.11\bin\zip.dll
Event: 0.217 Loaded shared library C:\Program Files\Java\jdk-21.0.11\bin\instrument.dll
Event: 0.234 Loaded shared library C:\Program Files\Java\jdk-21.0.11\bin\net.dll
Event: 0.237 Loaded shared library C:\Program Files\Java\jdk-21.0.11\bin\nio.dll
Event: 0.250 Loaded shared library C:\Program Files\Java\jdk-21.0.11\bin\zip.dll
Event: 0.490 Loaded shared library C:\Program Files\Java\jdk-21.0.11\bin\jimage.dll
Event: 0.629 Loaded shared library C:\Program Files\Java\jdk-21.0.11\bin\verify.dll
Event: 0.776 Loaded shared library C:\Users\PAULO ROBERTO\.gradle\native\c067742578af261105cb4f569cf0c3c89f3d7b1fecec35dd04571415982c5e48\windows-amd64\native-platform.dll
Event: 0.784 Loaded shared library C:\Users\PAULO ROBERTO\.gradle\native\100fb08df4bc3b14c8652ba06237920a3bd2aa13389f12d3474272988ae205f9\windows-amd64\native-platform-file-events.dll
Event: 1.945 Loaded shared library C:\Program Files\Java\jdk-21.0.11\bin\management.dll
Event: 1.948 Loaded shared library C:\Program Files\Java\jdk-21.0.11\bin\management_ext.dll
Event: 2.196 Loaded shared library C:\Program Files\Java\jdk-21.0.11\bin\extnet.dll
Event: 2.429 Loaded shared library C:\Program Files\Java\jdk-21.0.11\bin\sunmscapi.dll

Deoptimization events (6 events):
Event: 4.782 Thread 0x000001dcc863eb70 DEOPT PACKING pc=0x000001dcbb8a1852 sp=0x0000007e14af7170
Event: 4.782 Thread 0x000001dcc863eb70 DEOPT UNPACKING pc=0x000001dcbb004e42 sp=0x0000007e14af6640 mode 0
Event: 4.782 Thread 0x000001dcc863eb70 DEOPT PACKING pc=0x000001dcbb89ec6c sp=0x0000007e14af7210
Event: 4.782 Thread 0x000001dcc863eb70 DEOPT UNPACKING pc=0x000001dcbb004e42 sp=0x0000007e14af6698 mode 0
Event: 4.782 Thread 0x000001dcc863eb70 DEOPT PACKING pc=0x000001dcbb89d5ac sp=0x0000007e14af7300
Event: 4.782 Thread 0x000001dcc863eb70 DEOPT UNPACKING pc=0x000001dcbb004e42 sp=0x0000007e14af6838 mode 0

Classes loaded (20 events):
Event: 19.774 Loading class java/util/AbstractSetCustomizer
Event: 19.774 Loading class java/util/AbstractSetCustomizer done
Event: 19.775 Loading class java/util/AbstractSetCustomizer
Event: 19.775 Loading class java/util/AbstractSetCustomizer done
Event: 19.775 Loading class java/util/TreeSetCustomizer
Event: 19.775 Loading class java/util/TreeSetCustomizer done
Event: 19.775 Loading class java/util/TreeSetCustomizer
Event: 19.775 Loading class java/util/TreeSetCustomizer done
Event: 19.858 Loading class java/util/concurrent/ConcurrentLinkedQueue$Itr
Event: 19.858 Loading class java/util/concurrent/ConcurrentLinkedQueue$Itr done
Event: 19.889 Loading class java/time/Clock
Event: 19.890 Loading class java/time/InstantSource
Event: 19.890 Loading class java/time/InstantSource done
Event: 19.890 Loading class java/time/Clock done
Event: 19.890 Loading class java/time/Instant$1
Event: 19.890 Loading class java/time/Instant$1 done
Event: 19.896 Loading class java/util/IdentityHashMap$KeyIterator
Event: 19.896 Loading class java/util/IdentityHashMap$IdentityHashMapIterator
Event: 19.897 Loading class java/util/IdentityHashMap$IdentityHashMapIterator done
Event: 19.897 Loading class java/util/IdentityHashMap$KeyIterator done

Classes unloaded (14 events):
Event: 7.013 Thread 0x000001dcc23116a0 Unloading class 0x0000000100701000 '_BuildScript_$_run_closure1$_closure2'
Event: 7.013 Thread 0x000001dcc23116a0 Unloading class 0x0000000100700a80 '_BuildScript_$_run_closure1'
Event: 7.013 Thread 0x000001dcc23116a0 Unloading class 0x0000000100700558 '_BuildScript_'
Event: 7.013 Thread 0x000001dcc23116a0 Unloading class 0x00000001007002a8 'GradleAnnotationProcessorPatchPlugin$AnnotationProcessorModelBuilder'
Event: 7.013 Thread 0x000001dcc23116a0 Unloading class 0x0000000100700000 'GradleAnnotationProcessorPatchPlugin'
Event: 13.840 Thread 0x000001dcc23116a0 Unloading class 0x000000010096a3e0 '_BuildScript_$_run_closure3'
Event: 13.840 Thread 0x000001dcc23116a0 Unloading class 0x000000010096a000 '_BuildScript_$_run_closure2$_closure8'
Event: 13.840 Thread 0x000001dcc23116a0 Unloading class 0x0000000100969ba0 '_BuildScript_$_run_closure2'
Event: 13.840 Thread 0x000001dcc23116a0 Unloading class 0x00000001009697c0 '_BuildScript_$_run_closure1$_closure5$_closure7'
Event: 13.840 Thread 0x000001dcc23116a0 Unloading class 0x00000001009693e0 '_BuildScript_$_run_closure1$_closure5'
Event: 13.840 Thread 0x000001dcc23116a0 Unloading class 0x0000000100969000 '_BuildScript_$_run_closure1$_closure4$_closure6'
Event: 13.840 Thread 0x000001dcc23116a0 Unloading class 0x0000000100968910 '_BuildScript_$_run_closure1$_closure4'
Event: 13.840 Thread 0x000001dcc23116a0 Unloading class 0x0000000100968530 '_BuildScript_$_run_closure1'
Event: 13.840 Thread 0x000001dcc23116a0 Unloading class 0x0000000100968000 '_BuildScript_'

Classes redefined (0 events):
No events

Internal exceptions (20 events):
Event: 19.638 Thread 0x000001dcc863eb70 Exception <a 'java/lang/NoClassDefFoundError'{0x00000000df5bfbf0}: org/jetbrains/kotlin/gradle/plugin/KotlinBasePluginWrapper> (0x00000000df5bfbf0) 
thrown [s\open\src\hotspot\share\oops\constantPool.cpp, line 873]
Event: 19.640 Thread 0x000001dcc863eb70 Exception <a 'java/lang/NoClassDefFoundError'{0x00000000df5d5118}: org/jetbrains/kotlin/gradle/plugin/KotlinBasePluginWrapper> (0x00000000df5d5118) 
thrown [s\open\src\hotspot\share\oops\constantPool.cpp, line 873]
Event: 19.671 Thread 0x000001dcc863eb70 Exception <a 'java/lang/NoClassDefFoundError'{0x00000000df132f48}: org/jetbrains/kotlin/gradle/plugin/KotlinBasePluginWrapper> (0x00000000df132f48) 
thrown [s\open\src\hotspot\share\oops\constantPool.cpp, line 873]
Event: 19.762 Thread 0x000001dcc863eb70 Exception <a 'java/lang/ClassNotFoundException'{0x00000000deacc3b8}: org/gradle/util/GradleVersionBeanInfo> (0x00000000deacc3b8) 
thrown [s\open\src\hotspot\share\classfile\systemDictionary.cpp, line 313]
Event: 19.762 Thread 0x000001dcc863eb70 Exception <a 'java/lang/ClassNotFoundException'{0x00000000dead3630}: org/gradle/util/GradleVersionCustomizer> (0x00000000dead3630) 
thrown [s\open\src\hotspot\share\classfile\systemDictionary.cpp, line 313]
Event: 19.764 Thread 0x000001dcc863eb70 Exception <a 'java/lang/ClassNotFoundException'{0x00000000de9026a0}: org/gradle/util/internal/DefaultGradleVersionBeanInfo> (0x00000000de9026a0) 
thrown [s\open\src\hotspot\share\classfile\systemDictionary.cpp, line 313]
Event: 19.764 Thread 0x000001dcc863eb70 Exception <a 'java/lang/ClassNotFoundException'{0x00000000de90a4c0}: org/gradle/util/internal/DefaultGradleVersionCustomizer> (0x00000000de90a4c0) 
thrown [s\open\src\hotspot\share\classfile\systemDictionary.cpp, line 313]
Event: 19.769 Thread 0x000001dcc863eb70 Exception <a 'java/lang/ClassNotFoundException'{0x00000000de996ec0}: java/util/HashMapBeanInfo> (0x00000000de996ec0) 
thrown [s\open\src\hotspot\share\classfile\systemDictionary.cpp, line 313]
Event: 19.769 Thread 0x000001dcc863eb70 Exception <a 'java/lang/ClassNotFoundException'{0x00000000de99b580}: java/util/AbstractMapBeanInfo> (0x00000000de99b580) 
thrown [s\open\src\hotspot\share\classfile\systemDictionary.cpp, line 313]
Event: 19.769 Thread 0x000001dcc863eb70 Exception <a 'java/lang/ClassNotFoundException'{0x00000000de99fc70}: java/util/AbstractMapCustomizer> (0x00000000de99fc70) 
thrown [s\open\src\hotspot\share\classfile\systemDictionary.cpp, line 313]
Event: 19.770 Thread 0x000001dcc863eb70 Exception <a 'java/lang/ClassNotFoundException'{0x00000000de9d4130}: java/util/HashMapCustomizer> (0x00000000de9d4130) 
thrown [s\open\src\hotspot\share\classfile\systemDictionary.cpp, line 313]
Event: 19.774 Thread 0x000001dcc863eb70 Exception <a 'java/lang/ClassNotFoundException'{0x00000000de74a820}: java/util/TreeSetBeanInfo> (0x00000000de74a820) 
thrown [s\open\src\hotspot\share\classfile\systemDictionary.cpp, line 313]
Event: 19.774 Thread 0x000001dcc863eb70 Exception <a 'java/lang/ClassNotFoundException'{0x00000000de74ec30}: java/util/AbstractSetBeanInfo> (0x00000000de74ec30) 
thrown [s\open\src\hotspot\share\classfile\systemDictionary.cpp, line 313]
Event: 19.775 Thread 0x000001dcc863eb70 Exception <a 'java/lang/ClassNotFoundException'{0x00000000de753320}: java/util/AbstractSetCustomizer> (0x00000000de753320) 
thrown [s\open\src\hotspot\share\classfile\systemDictionary.cpp, line 313]
Event: 19.775 Thread 0x000001dcc863eb70 Exception <a 'java/lang/ClassNotFoundException'{0x00000000de774a40}: java/util/TreeSetCustomizer> (0x00000000de774a40) 
thrown [s\open\src\hotspot\share\classfile\systemDictionary.cpp, line 313]
Event: 19.790 Thread 0x000001dcc863eb70 Exception <a 'java/lang/NoSuchMethodError'{0x00000000de644688}: 'void java.lang.invoke.DirectMethodHandle$Holder.invokeInterface(java.lang.Object, java.lang.Object, java.lang.Object, int)'> (0x00000000de644688) 
thrown [s\open\src\hotspot\share\interpreter\linkResolver.cpp, line 773]
Event: 19.790 Thread 0x000001dcc863eb70 Exception <a 'java/lang/IncompatibleClassChangeError'{0x00000000de648270}: Found class java.lang.Object, but interface was expected> (0x00000000de648270) 
thrown [s\open\src\hotspot\share\interpreter\linkResolver.cpp, line 840]
Event: 19.790 Thread 0x000001dcc863eb70 Exception <a 'java/lang/NoSuchMethodError'{0x00000000de64c6f0}: 'void java.lang.invoke.DelegatingMethodHandle$Holder.reinvoke_L(java.lang.Object, java.lang.Object, java.lang.Object, int)'> (0x00000000de64c6f0) 
thrown [s\open\src\hotspot\share\interpreter\linkResolver.cpp, line 773]
Event: 19.853 Thread 0x000001dcc863eb70 Exception <a 'java/lang/IncompatibleClassChangeError'{0x00000000ffccf1e8}: Found class java.lang.Object, but interface was expected> (0x00000000ffccf1e8) 
thrown [s\open\src\hotspot\share\interpreter\linkResolver.cpp, line 840]
Event: 19.878 Thread 0x000001dcc863eb70 Exception <a 'java/lang/IncompatibleClassChangeError'{0x00000000ffb42d68}: Found class java.lang.Object, but interface was expected> (0x00000000ffb42d68) 
thrown [s\open\src\hotspot\share\interpreter\linkResolver.cpp, line 840]

ZGC Phase Switch (0 events):
No events

VM Operations (20 events):
Event: 17.243 Executing VM operation: G1CollectForAllocation (G1 Evacuation Pause) done
Event: 17.277 Executing VM operation: G1PauseRemark
Event: 17.281 Executing VM operation: G1PauseRemark done
Event: 17.304 Executing VM operation: G1PauseCleanup
Event: 17.304 Executing VM operation: G1PauseCleanup done
Event: 18.318 Executing VM operation: Cleanup
Event: 18.318 Executing VM operation: Cleanup done
Event: 18.760 Executing VM operation: G1CollectForAllocation (G1 Evacuation Pause)
Event: 18.766 Executing VM operation: G1CollectForAllocation (G1 Evacuation Pause) done
Event: 19.420 Executing VM operation: G1CollectForAllocation (G1 Evacuation Pause)
Event: 19.423 Executing VM operation: G1CollectForAllocation (G1 Evacuation Pause) done
Event: 19.707 Executing VM operation: ICBufferFull
Event: 19.708 Executing VM operation: ICBufferFull done
Event: 19.793 Executing VM operation: HandshakeAllThreads (Deoptimize)
Event: 19.793 Executing VM operation: HandshakeAllThreads (Deoptimize) done
Event: 19.804 Executing VM operation: HandshakeAllThreads (Deoptimize)
Event: 19.804 Executing VM operation: HandshakeAllThreads (Deoptimize) done
Event: 19.831 Executing VM operation: G1CollectForAllocation (G1 Evacuation Pause)
Event: 19.840 Executing VM operation: G1CollectForAllocation (G1 Evacuation Pause) done
Event: 19.901 Executing VM operation: G1PauseRemark

Events (20 events):
Event: 19.906 Thread 0x000001dcc23116a0 flushing nmethod 0x000001dcbbf63b90
Event: 19.906 Thread 0x000001dcc23116a0 flushing nmethod 0x000001dcbbf64310
Event: 19.906 Thread 0x000001dcc23116a0 flushing nmethod 0x000001dcbbf66890
Event: 19.906 Thread 0x000001dcc23116a0 flushing nmethod 0x000001dcbbf68e90
Event: 19.906 Thread 0x000001dcc23116a0 flushing nmethod 0x000001dcbbf8e910
Event: 19.906 Thread 0x000001dcc23116a0 flushing nmethod 0x000001dcbbf90890
Event: 19.906 Thread 0x000001dcc23116a0 flushing nmethod 0x000001dcbbf91090
Event: 19.906 Thread 0x000001dcc23116a0 flushing nmethod 0x000001dcbbf91c90
Event: 19.906 Thread 0x000001dcc23116a0 flushing nmethod 0x000001dcbbf92190
Event: 19.906 Thread 0x000001dcc23116a0 flushing nmethod 0x000001dcbbfa2390
Event: 19.906 Thread 0x000001dcc23116a0 flushing nmethod 0x000001dcbbfa2e10
Event: 19.906 Thread 0x000001dcc23116a0 flushing nmethod 0x000001dcbbfa3790
Event: 19.906 Thread 0x000001dcc23116a0 flushing nmethod 0x000001dcbbfa5010
Event: 19.906 Thread 0x000001dcc23116a0 flushing nmethod 0x000001dcbbfa6090
Event: 19.906 Thread 0x000001dcc23116a0 flushing nmethod 0x000001dcbbfa6410
Event: 19.906 Thread 0x000001dcc23116a0 flushing nmethod 0x000001dcbbfd8310
Event: 19.906 Thread 0x000001dcc23116a0 flushing nmethod 0x000001dcbbfd8710
Event: 19.906 Thread 0x000001dcc23116a0 flushing nmethod 0x000001dcbbfdad90
Event: 19.906 Thread 0x000001dcc23116a0 flushing nmethod 0x000001dcbbfdb090
Event: 19.906 Thread 0x000001dcc23116a0 flushing nmethod 0x000001dcbbfdb510


Dynamic libraries:
0x00007ff6c6860000 - 0x00007ff6c6870000 	C:\Program Files\Java\jdk-21.0.11\bin\java.exe
0x00007ffbd72c0000 - 0x00007ffbd7526000 	C:\WINDOWS\SYSTEM32\ntdll.dll
0x00007ffbd6a50000 - 0x00007ffbd6b19000 	C:\WINDOWS\System32\KERNEL32.DLL
0x00007ffbd4be0000 - 0x00007ffbd4fe0000 	C:\WINDOWS\System32\KERNELBASE.dll
0x00007ffbd0b00000 - 0x00007ffbd0ba0000 	C:\WINDOWS\SYSTEM32\apphelp.dll
0x00007ffbd4850000 - 0x00007ffbd499c000 	C:\WINDOWS\System32\ucrtbase.dll
0x00007ffbd0fc0000 - 0x00007ffbd0fde000 	C:\Program Files\Java\jdk-21.0.11\bin\VCRUNTIME140.dll
0x00007ffbd0fe0000 - 0x00007ffbd0ff9000 	C:\Program Files\Java\jdk-21.0.11\bin\jli.dll
0x00007ffbd63c0000 - 0x00007ffbd6477000 	C:\WINDOWS\System32\ADVAPI32.dll
0x00007ffbd6c20000 - 0x00007ffbd6cc9000 	C:\WINDOWS\System32\msvcrt.dll
0x00007ffbd5360000 - 0x00007ffbd540a000 	C:\WINDOWS\System32\sechost.dll
0x00007ffbd6cd0000 - 0x00007ffbd6de8000 	C:\WINDOWS\System32\RPCRT4.dll
0x00007ffbd6ee0000 - 0x00007ffbd70a7000 	C:\WINDOWS\System32\USER32.dll
0x00007ffbd4820000 - 0x00007ffbd4847000 	C:\WINDOWS\System32\win32u.dll
0x00007ffbd70b0000 - 0x00007ffbd70db000 	C:\WINDOWS\System32\GDI32.dll
0x00007ffbaccc0000 - 0x00007ffbacf52000 	C:\WINDOWS\WinSxS\amd64_microsoft.windows.common-controls_6595b64144ccf1df_6.0.26100.8737_none_3e092eaee333b772\COMCTL32.dll
0x00007ffbd44e0000 - 0x00007ffbd4609000 	C:\WINDOWS\System32\gdi32full.dll
0x00007ffbd49b0000 - 0x00007ffbd4a53000 	C:\WINDOWS\System32\msvcp_win.dll
0x00007ffbc21b0000 - 0x00007ffbc21bb000 	C:\WINDOWS\SYSTEM32\VERSION.dll
0x00007ffbd6120000 - 0x00007ffbd6152000 	C:\WINDOWS\System32\IMM32.DLL
0x00007ffbd1ca0000 - 0x00007ffbd1cac000 	C:\Program Files\Java\jdk-21.0.11\bin\vcruntime140_1.dll
0x00007ffbc6ce0000 - 0x00007ffbc6d6d000 	C:\Program Files\Java\jdk-21.0.11\bin\msvcp140.dll
0x00007ffb415b0000 - 0x00007ffb422d8000 	C:\Program Files\Java\jdk-21.0.11\bin\server\jvm.dll
0x00007ffbd4ff0000 - 0x00007ffbd5070000 	C:\WINDOWS\System32\WS2_32.dll
0x00007ffbd2fe0000 - 0x00007ffbd303e000 	C:\WINDOWS\SYSTEM32\POWRPROF.dll
0x00007ffbc10c0000 - 0x00007ffbc10f6000 	C:\WINDOWS\SYSTEM32\WINMM.dll
0x00007ffbd2fc0000 - 0x00007ffbd2fd4000 	C:\WINDOWS\SYSTEM32\UMPDC.dll
0x00007ffbd3200000 - 0x00007ffbd321b000 	C:\WINDOWS\SYSTEM32\kernel.appcore.dll
0x00007ffbd0fb0000 - 0x00007ffbd0fba000 	C:\Program Files\Java\jdk-21.0.11\bin\jimage.dll
0x00007ffbd1940000 - 0x00007ffbd1b82000 	C:\WINDOWS\SYSTEM32\DBGHELP.DLL
0x00007ffbd6530000 - 0x00007ffbd68b3000 	C:\WINDOWS\System32\combase.dll
0x00007ffbd6040000 - 0x00007ffbd6119000 	C:\WINDOWS\System32\OLEAUT32.dll
0x00007ffba5050000 - 0x00007ffba508b000 	C:\WINDOWS\SYSTEM32\dbgcore.DLL
0x00007ffbd4610000 - 0x00007ffbd46bc000 	C:\WINDOWS\System32\bcryptPrimitives.dll
0x00007ffbd0fa0000 - 0x00007ffbd0fb0000 	C:\Program Files\Java\jdk-21.0.11\bin\instrument.dll
0x00007ffbc5eb0000 - 0x00007ffbc5ed1000 	C:\Program Files\Java\jdk-21.0.11\bin\java.dll
0x00007ffbd58a0000 - 0x00007ffbd6032000 	C:\WINDOWS\System32\SHELL32.dll
0x00007ffbd1f80000 - 0x00007ffbd2812000 	C:\WINDOWS\SYSTEM32\windows.storage.dll
0x00007ffbd50f0000 - 0x00007ffbd51e7000 	C:\WINDOWS\System32\SHCORE.dll
0x00007ffbd6170000 - 0x00007ffbd61d7000 	C:\WINDOWS\System32\shlwapi.dll
0x00007ffbd4400000 - 0x00007ffbd4429000 	C:\WINDOWS\SYSTEM32\profapi.dll
0x00007ffbc64a0000 - 0x00007ffbc64b8000 	C:\Program Files\Java\jdk-21.0.11\bin\zip.dll
0x00007ffbc5530000 - 0x00007ffbc5541000 	C:\Program Files\Java\jdk-21.0.11\bin\net.dll
0x00007ffbc8db0000 - 0x00007ffbc8ed9000 	C:\WINDOWS\SYSTEM32\WINHTTP.dll
0x00007ffbd3830000 - 0x00007ffbd389c000 	C:\WINDOWS\system32\mswsock.dll
0x00007ffbc5120000 - 0x00007ffbc5136000 	C:\Program Files\Java\jdk-21.0.11\bin\nio.dll
0x00007ffbd0ed0000 - 0x00007ffbd0ee0000 	C:\Program Files\Java\jdk-21.0.11\bin\verify.dll
0x00007ffbc6a60000 - 0x00007ffbc6a87000 	C:\Users\PAULO ROBERTO\.gradle\native\c067742578af261105cb4f569cf0c3c89f3d7b1fecec35dd04571415982c5e48\windows-amd64\native-platform.dll
0x00007ffb7b8a0000 - 0x00007ffb7b9e4000 	C:\Users\PAULO ROBERTO\.gradle\native\100fb08df4bc3b14c8652ba06237920a3bd2aa13389f12d3474272988ae205f9\windows-amd64\native-platform-file-events.dll
0x00007ffbc8b30000 - 0x00007ffbc8b3a000 	C:\Program Files\Java\jdk-21.0.11\bin\management.dll
0x00007ffbc7cc0000 - 0x00007ffbc7ccc000 	C:\Program Files\Java\jdk-21.0.11\bin\management_ext.dll
0x00007ffbd6160000 - 0x00007ffbd6168000 	C:\WINDOWS\System32\PSAPI.DLL
0x00007ffbd3c60000 - 0x00007ffbd3c7b000 	C:\WINDOWS\SYSTEM32\CRYPTSP.dll
0x00007ffbd3220000 - 0x00007ffbd3259000 	C:\WINDOWS\system32\rsaenh.dll
0x00007ffbd38f0000 - 0x00007ffbd3922000 	C:\WINDOWS\SYSTEM32\USERENV.dll
0x00007ffbd43d0000 - 0x00007ffbd43fa000 	C:\WINDOWS\SYSTEM32\bcrypt.dll
0x00007ffbd3aa0000 - 0x00007ffbd3aac000 	C:\WINDOWS\SYSTEM32\CRYPTBASE.dll
0x00007ffbd2c10000 - 0x00007ffbd2c43000 	C:\WINDOWS\SYSTEM32\IPHLPAPI.DLL
0x00007ffbd5280000 - 0x00007ffbd528a000 	C:\WINDOWS\System32\NSI.dll
0x00007ffbc7c00000 - 0x00007ffbc7c09000 	C:\Program Files\Java\jdk-21.0.11\bin\extnet.dll
0x00007ffbc7af0000 - 0x00007ffbc7afe000 	C:\Program Files\Java\jdk-21.0.11\bin\sunmscapi.dll
0x00007ffbd4a60000 - 0x00007ffbd4bd8000 	C:\WINDOWS\System32\CRYPT32.dll
0x00007ffbd3dd0000 - 0x00007ffbd3e00000 	C:\WINDOWS\SYSTEM32\ncrypt.dll
0x00007ffbd3d80000 - 0x00007ffbd3dbf000 	C:\WINDOWS\SYSTEM32\NTASN1.dll
0x00007ffbc1f10000 - 0x00007ffbc1f18000 	C:\WINDOWS\system32\wshunix.dll

dbghelp: loaded successfully - version: 4.0.5 - missing functions: none
symbol engine: initialized successfully - sym options: 0x614 - pdb path: .;C:\Program Files\Java\jdk-21.0.11\bin;C:\WINDOWS\SYSTEM32;C:\WINDOWS\WinSxS\amd64_microsoft.windows.common-controls_6595b64144ccf1df_6.0.26100.8737_none_3e092eaee333b772;C:\Program Files\Java\jdk-21.0.11\bin\server;C:\Users\PAULO ROBERTO\.gradle\native\c067742578af261105cb4f569cf0c3c89f3d7b1fecec35dd04571415982c5e48\windows-amd64;C:\Users\PAULO ROBERTO\.gradle\native\100fb08df4bc3b14c8652ba06237920a3bd2aa13389f12d3474272988ae205f9\windows-amd64

VM Arguments:
jvm_args: -Xshare:off -XX:TieredStopAtLevel=1 -Xss512k -XX:MaxMetaspaceSize=160m --add-opens=java.base/java.util=ALL-UNNAMED --add-opens=java.base/java.lang=ALL-UNNAMED --add-opens=java.base/java.lang.invoke=ALL-UNNAMED --add-opens=java.prefs/java.util.prefs=ALL-UNNAMED --add-exports=jdk.compiler/com.sun.tools.javac.api=ALL-UNNAMED --add-exports=jdk.compiler/com.sun.tools.javac.util=ALL-UNNAMED --add-opens=java.base/java.nio.charset=ALL-UNNAMED --add-opens=java.base/java.net=ALL-UNNAMED --add-opens=java.base/java.util.concurrent.atomic=ALL-UNNAMED -Xms96m -Xmx640m -Dfile.encoding=UTF-8 -Duser.country=BR -Duser.language=pt -Duser.variant -javaagent:C:\Users\PAULO ROBERTO\.gradle\wrapper\dists\gradle-8.9-bin\90cnw93cvbtalezasaz0blq0a\gradle-8.9\lib\agents\gradle-instrumentation-agent-8.9.jar 
java_command: org.gradle.launcher.daemon.bootstrap.GradleDaemon 8.9
java_class_path (initial): C:\Users\PAULO ROBERTO\.gradle\wrapper\dists\gradle-8.9-bin\90cnw93cvbtalezasaz0blq0a\gradle-8.9\lib\gradle-daemon-main-8.9.jar
Launcher Type: SUN_STANDARD

[Global flags]
     intx CICompilerCount                          = 4                                         {product} {ergonomic}
   size_t CompressedClassSpaceSize                 = 134217728                                 {product} {ergonomic}
     uint ConcGCThreads                            = 3                                         {product} {ergonomic}
     uint G1ConcRefinementThreads                  = 10                                        {product} {ergonomic}
   size_t G1HeapRegionSize                         = 1048576                                   {product} {ergonomic}
    uintx GCDrainStackTargetSize                   = 64                                        {product} {ergonomic}
   size_t InitialHeapSize                          = 100663296                                 {product} {command line}
   size_t MarkStackSize                            = 4194304                                   {product} {ergonomic}
   size_t MaxHeapSize                              = 671088640                                 {product} {command line}
   size_t MaxMetaspaceSize                         = 167772160                                 {product} {command line}
   size_t MaxNewSize                               = 402653184                                 {product} {ergonomic}
   size_t MinHeapDeltaBytes                        = 1048576                                   {product} {ergonomic}
   size_t MinHeapSize                              = 100663296                                 {product} {command line}
    uintx NonNMethodCodeHeapSize                   = 4096                                   {pd product} {ergonomic}
    uintx NonProfiledCodeHeapSize                  = 0                                      {pd product} {ergonomic}
     bool ProfileInterpreter                       = false                                  {pd product} {command line}
    uintx ProfiledCodeHeapSize                     = 0                                      {pd product} {ergonomic}
   size_t SoftMaxHeapSize                          = 671088640                              {manageable} {ergonomic}
     intx ThreadStackSize                          = 512                                    {pd product} {command line}
     intx TieredStopAtLevel                        = 1                                         {product} {command line}
     bool UseCompressedOops                        = true                           {product lp64_product} {ergonomic}
     bool UseG1GC                                  = true                                      {product} {ergonomic}
     bool UseLargePagesIndividualAllocation        = false                                  {pd product} {ergonomic}

Logging:
Log output configuration:
 #0: stdout all=warning uptime,level,tags foldmultilines=false
 #1: stderr all=off uptime,level,tags foldmultilines=false

Environment Variables:
JAVA_HOME=C:\Program Files\Java\jdk-21
PATH=C:\Program Files\Common Files\Oracle\Java\javapath;C:\WINDOWS\system32;C:\WINDOWS;C:\WINDOWS\System32\Wbem;C:\WINDOWS\System32\WindowsPowerShell\v1.0\;C:\WINDOWS\System32\OpenSSH\;C:\Program Files\dotnet\;C:\Program Files\NVIDIA Corporation\NVIDIA App\NvDLISR;C:\Program Files (x86)\NVIDIA Corporation\PhysX\Common;C:\Program Files\nodejs\;C:\Program Files\GitHub CLI\;C:\Program Files\Git\cmd;C:\Users\PAULO ROBERTO\.local\bin;C:\Users\PAULO ROBERTO\AppData\Local\Microsoft\WindowsApps;C:\Users\PAULO ROBERTO\AppData\Roaming\npm;C:\Users\PAULO ROBERTO\AppData\Local\Programs\Microsoft VS Code\bin;C:\Users\PAULO ROBERTO\.bun\bin;C:\Users\PAULO ROBERTO\AppData\Local\Microsoft\WinGet\Packages\jqlang.jq_Microsoft.Winget.Source_8wekyb3d8bbwe;C:\Users\PAULO ROBERTO\.lmstudio\bin
USERNAME=PAULO ROBERTO
OS=Windows_NT
PROCESSOR_IDENTIFIER=Intel64 Family 6 Model 186 Stepping 2, GenuineIntel
TMP=C:\Users\PAULOR~1\AppData\Local\Temp
TEMP=C:\Users\PAULOR~1\AppData\Local\Temp




Periodic native trim disabled

---------------  S Y S T E M  ---------------

OS:
 Windows 11 , 64 bit Build 26100 (10.0.26100.8737)
OS uptime: 8 days 6:23 hours
Hyper-V role detected

CPU: total 12 (initial active 12) (6 cores per cpu, 2 threads per core) family 6 model 186 stepping 2 microcode 0x5103, cx8, cmov, fxsr, ht, mmx, 3dnowpref, sse, sse2, sse3, ssse3, sse4.1, sse4.2, popcnt, lzcnt, tsc, tscinvbit, avx, avx2, aes, erms, clmul, bmi1, bmi2, adx, sha, fma, vzeroupper, clflush, clflushopt, clwb, hv, serialize, rdtscp, rdpid, fsrm, f16c, cet_ibt, cet_ss
Processor Information for all 12 processors :
  Max Mhz: 2100, Current Mhz: 2100, Mhz Limit: 2100

Memory: 4k page, system-wide physical 16087M (686M free)
TotalPageFile size 32471M (AvailPageFile size 3M)
current process WorkingSet (physical memory assigned to process): 340M, peak: 340M
current process commit charge ("private bytes"): 392M, peak: 411M

vm_info: Java HotSpot(TM) 64-Bit Server VM (21.0.11+9-LTS-211) for windows-amd64 JRE (21.0.11+9-LTS-211), built on 2026-03-11T00:23:15Z by "mach5run" with MS VC++ 17.13 (VS2022)

END.
